INFO  @ Fri, 13 Oct 2023 16:01:55: Parameters: /home/antonio_gt/anaconda3/envs/mamba/envs/mageck-vispr/bin/mageck count --output-prefix results/count/all --norm-method median --list-seq ../../data/library.csv --fastq ../../FASTQ_files/PatuT/PatuT-Cas9-14d-1_R1_001.fastq.gz ../../FASTQ_files/PatuT/PatuT-Cas9-14d-2_R1_001.fastq.gz ../../FASTQ_files/PatuT/PatuT-Cas9-14d-3_R1_001.fastq.gz ../../FASTQ_files/PatuT/PatuT-Cas9-14d-4_R1_001.fastq.gz ../../FASTQ_files/PatuT/PatuT-Cas9-14d-5_R1_001.fastq.gz ../../FASTQ_files/PatuT/PatuT-Cas9-21d-1_R1_001.fastq.gz ../../FASTQ_files/PatuT/PatuT-Cas9-21d-2_R1_001.fastq.gz ../../FASTQ_files/PatuT/PatuT-Cas9-21d-3_R1_001.fastq.gz ../../FASTQ_files/PatuT/PatuT-Cas9-21d-4_R1_001.fastq.gz ../../FASTQ_files/PatuT/PatuT-Cas9-21d-5_R1_001.fastq.gz ../../FASTQ_files/PatuT/PatuT-Cas9-7d-1_R1_001.fastq.gz ../../FASTQ_files/PatuT/PatuT-Cas9-7d-2_R1_001.fastq.gz ../../FASTQ_files/PatuT/PatuT-Cas9-7d-3_R1_001.fastq.gz ../../FASTQ_files/PatuT/PatuT-Cas9-7d-4_R1_001.fastq.gz ../../FASTQ_files/PatuT/PatuT-Cas9-7d-5_R1_001.fastq.gz ../../FASTQ_files/PatuT/pEPIGEN-1_R1_001.fastq.gz ../../FASTQ_files/PatuT/pEPIGEN2_R1_001.fastq.gz --sample-label day14_Cas9_r1,day14_Cas9_r2,day14_Cas9_r3,day14_Cas9_r4,day14_Cas9_r5,day21_Cas9_r1,day21_Cas9_r2,day21_Cas9_r3,day21_Cas9_r4,day21_Cas9_r5,day7_Cas9_r1,day7_Cas9_r2,day7_Cas9_r3,day7_Cas9_r4,day7_Cas9_r5,day0_r1,day0_r2 --fastq-2 ../../FASTQ_files/PatuT/PatuT-Cas9-14d-1_R2_001.fastq.gz ../../FASTQ_files/PatuT/PatuT-Cas9-14d-2_R2_001.fastq.gz ../../FASTQ_files/PatuT/PatuT-Cas9-14d-3_R2_001.fastq.gz ../../FASTQ_files/PatuT/PatuT-Cas9-14d-4_R2_001.fastq.gz ../../FASTQ_files/PatuT/PatuT-Cas9-14d-5_R2_001.fastq.gz ../../FASTQ_files/PatuT/PatuT-Cas9-21d-1_R2_001.fastq.gz ../../FASTQ_files/PatuT/PatuT-Cas9-21d-2_R2_001.fastq.gz ../../FASTQ_files/PatuT/PatuT-Cas9-21d-3_R2_001.fastq.gz ../../FASTQ_files/PatuT/PatuT-Cas9-21d-4_R2_001.fastq.gz ../../FASTQ_files/PatuT/PatuT-Cas9-21d-5_R2_001.fastq.gz ../../FASTQ_files/PatuT/PatuT-Cas9-7d-1_R2_001.fastq.gz ../../FASTQ_files/PatuT/PatuT-Cas9-7d-2_R2_001.fastq.gz ../../FASTQ_files/PatuT/PatuT-Cas9-7d-3_R2_001.fastq.gz ../../FASTQ_files/PatuT/PatuT-Cas9-7d-4_R2_001.fastq.gz ../../FASTQ_files/PatuT/PatuT-Cas9-7d-5_R2_001.fastq.gz ../../FASTQ_files/PatuT/pEPIGEN-1_R2_001.fastq.gz ../../FASTQ_files/PatuT/pEPIGEN2_R2_001.fastq.gz --count-pair False --trim-5 AUTO 
INFO  @ Fri, 13 Oct 2023 16:01:55: Welcome to MAGeCK v0.5.9.5. Command: count 
INFO  @ Fri, 13 Oct 2023 16:01:55: Loading 1574 predefined sgRNAs. 
WARNING @ Fri, 13 Oct 2023 16:01:55: There are 0 sgRNAs with duplicated sequences. 
INFO  @ Fri, 13 Oct 2023 16:01:55: Parsing FASTQ file ../../FASTQ_files/PatuT/PatuT-Cas9-14d-1_R1_001.fastq.gz... 
INFO  @ Fri, 13 Oct 2023 16:01:55: Determining the trim-5 length of FASTQ file ../../FASTQ_files/PatuT/PatuT-Cas9-14d-1_R1_001.fastq.gz... 
INFO  @ Fri, 13 Oct 2023 16:01:55: Possible gRNA lengths:20 
INFO  @ Fri, 13 Oct 2023 16:01:55: Processing 0M reads ... 
INFO  @ Fri, 13 Oct 2023 16:02:01: Read length:209,210,250,206,208,248,249,217,207,58,183,205,204,216,135,247,35,223,228,189,44,60,203,47,188,198,211,202,51,199,200,64,201,48,45,214,54,41,222,238,237,175,196,126,49,56,236,147,67,46,239,122,57,193,197,141,92,43,96,121,176,218,146,215,229,195,148,178,73,179,136,224,190,125,163,50,213,187,150,235 
INFO  @ Fri, 13 Oct 2023 16:02:01: Total tested reads: 52057, mapped: 50058(0.9615997848512208) 
INFO  @ Fri, 13 Oct 2023 16:02:01: --trim-5 test data: (trim_length reads fraction) 
INFO  @ Fri, 13 Oct 2023 16:02:01: 80	49319	0.9852371249350753 
INFO  @ Fri, 13 Oct 2023 16:02:01: 79	496	0.009908506132885853 
INFO  @ Fri, 13 Oct 2023 16:02:01: 81	161	0.0032162691278117385 
INFO  @ Fri, 13 Oct 2023 16:02:01: 78	40	0.0007990730752327301 
INFO  @ Fri, 13 Oct 2023 16:02:01: 77	21	0.00041951336449718324 
INFO  @ Fri, 13 Oct 2023 16:02:01: 76	8	0.000159814615046546 
INFO  @ Fri, 13 Oct 2023 16:02:01: 82	3	5.9930480642454755e-05 
INFO  @ Fri, 13 Oct 2023 16:02:01: 74	3	5.9930480642454755e-05 
INFO  @ Fri, 13 Oct 2023 16:02:01: 73	2	3.99536537616365e-05 
INFO  @ Fri, 13 Oct 2023 16:02:01: 75	2	3.99536537616365e-05 
INFO  @ Fri, 13 Oct 2023 16:02:01: 70	1	1.997682688081825e-05 
INFO  @ Fri, 13 Oct 2023 16:02:01: 71	1	1.997682688081825e-05 
INFO  @ Fri, 13 Oct 2023 16:02:01: 68	1	1.997682688081825e-05 
INFO  @ Fri, 13 Oct 2023 16:02:01: Auto determination of trim5 results: 80 
INFO  @ Fri, 13 Oct 2023 16:02:01: Determining the trim-5 length of FASTQ file ../../FASTQ_files/PatuT/PatuT-Cas9-14d-1_R2_001.fastq.gz... 
INFO  @ Fri, 13 Oct 2023 16:02:01: Possible gRNA lengths:20 
INFO  @ Fri, 13 Oct 2023 16:02:01: Processing 0M reads ... 
INFO  @ Fri, 13 Oct 2023 16:02:16: Read length:209,210,206,250,208,249,217,248,207,216,58,183,35,223,228,189,44,60,203,205,47,188,198,202,51,199,204,200,64,48,45,247,214,54,41,238,237,175,196,126,49,56,236,147,67,46,211,239,122,57,193,197,141,92,43,96,121,176,218,146,215,229,195,148,178,97,73,179,62,136,224,190,222,125,163,213,187,150,235 
INFO  @ Fri, 13 Oct 2023 16:02:16: Total tested reads: 52057, mapped: 49700(0.9547227078010642) 
INFO  @ Fri, 13 Oct 2023 16:02:16: --trim-5 test data: (trim_length reads fraction) 
INFO  @ Fri, 13 Oct 2023 16:02:16: 109	49210	0.9901408450704225 
INFO  @ Fri, 13 Oct 2023 16:02:16: 108	209	0.0042052313883299795 
INFO  @ Fri, 13 Oct 2023 16:02:16: 110	167	0.0033601609657947684 
INFO  @ Fri, 13 Oct 2023 16:02:16: 117	54	0.0010865191146881288 
INFO  @ Fri, 13 Oct 2023 16:02:16: 107	24	0.000482897384305835 
INFO  @ Fri, 13 Oct 2023 16:02:16: 123	8	0.00016096579476861168 
INFO  @ Fri, 13 Oct 2023 16:02:16: 106	7	0.00014084507042253522 
INFO  @ Fri, 13 Oct 2023 16:02:16: 104	6	0.00012072434607645876 
INFO  @ Fri, 13 Oct 2023 16:02:16: 153	5	0.00010060362173038229 
INFO  @ Fri, 13 Oct 2023 16:02:16: 103	4	8.048289738430584e-05 
INFO  @ Fri, 13 Oct 2023 16:02:16: 105	4	8.048289738430584e-05 
INFO  @ Fri, 13 Oct 2023 16:02:16: 183	1	2.012072434607646e-05 
INFO  @ Fri, 13 Oct 2023 16:02:16: 102	1	2.012072434607646e-05 
INFO  @ Fri, 13 Oct 2023 16:02:16: Auto determination of trim5 results: 109 
INFO  @ Fri, 13 Oct 2023 16:02:16: Possible gRNA lengths:20 
INFO  @ Fri, 13 Oct 2023 16:02:16: Processing 0M reads .. 
INFO  @ Fri, 13 Oct 2023 16:02:18: Total: 52057. 
INFO  @ Fri, 13 Oct 2023 16:02:18: Mapped: 50549. 
INFO  @ Fri, 13 Oct 2023 16:02:18: Parsing FASTQ file ../../FASTQ_files/PatuT/PatuT-Cas9-14d-2_R1_001.fastq.gz... 
INFO  @ Fri, 13 Oct 2023 16:02:18: Determining the trim-5 length of FASTQ file ../../FASTQ_files/PatuT/PatuT-Cas9-14d-2_R1_001.fastq.gz... 
INFO  @ Fri, 13 Oct 2023 16:02:18: Possible gRNA lengths:20 
INFO  @ Fri, 13 Oct 2023 16:02:18: Processing 0M reads ... 
INFO  @ Fri, 13 Oct 2023 16:02:30: Read length:209,208,250,248,217,133,206,183,249,207,210,35,247,246,205,48,224,43,216,223,58,228,239,46,215,229,244,181,222,150,57,44,47,145,54,83,238,199,200,201,41,49,73,182,42,211,191,204,56,198,151,203,147,81,135,45,64,118,225,235,82,37,126,51,148,159,52,146,219,53,105,36,55,112,62,190,100,76,136,95 
INFO  @ Fri, 13 Oct 2023 16:02:30: Total tested reads: 72159, mapped: 69386(0.9615709752075278) 
INFO  @ Fri, 13 Oct 2023 16:02:30: --trim-5 test data: (trim_length reads fraction) 
INFO  @ Fri, 13 Oct 2023 16:02:30: 80	68495	0.9871587928400541 
INFO  @ Fri, 13 Oct 2023 16:02:30: 79	639	0.009209350589456086 
INFO  @ Fri, 13 Oct 2023 16:02:30: 81	187	0.002695068169371343 
INFO  @ Fri, 13 Oct 2023 16:02:30: 78	36	0.0005188366529271035 
INFO  @ Fri, 13 Oct 2023 16:02:30: 77	9	0.00012970916323177588 
INFO  @ Fri, 13 Oct 2023 16:02:30: 76	9	0.00012970916323177588 
INFO  @ Fri, 13 Oct 2023 16:02:30: 75	8	0.00011529703398380076 
INFO  @ Fri, 13 Oct 2023 16:02:30: 70	1	1.4412129247975095e-05 
INFO  @ Fri, 13 Oct 2023 16:02:30: 74	1	1.4412129247975095e-05 
INFO  @ Fri, 13 Oct 2023 16:02:30: 72	1	1.4412129247975095e-05 
INFO  @ Fri, 13 Oct 2023 16:02:30: Auto determination of trim5 results: 80 
INFO  @ Fri, 13 Oct 2023 16:02:30: Determining the trim-5 length of FASTQ file ../../FASTQ_files/PatuT/PatuT-Cas9-14d-2_R2_001.fastq.gz... 
INFO  @ Fri, 13 Oct 2023 16:02:30: Possible gRNA lengths:20 
INFO  @ Fri, 13 Oct 2023 16:02:30: Processing 0M reads ... 
INFO  @ Fri, 13 Oct 2023 16:02:51: Read length:209,208,250,217,133,206,183,249,248,207,247,210,35,205,48,224,216,223,58,228,239,46,229,246,244,181,222,150,57,215,47,145,54,83,238,199,200,41,49,73,182,211,191,204,151,203,147,81,45,201,225,42,82,37,126,148,159,52,146,219,53,105,36,55,64,56,112,62,190,100,76,136 
INFO  @ Fri, 13 Oct 2023 16:02:51: Total tested reads: 72159, mapped: 68887(0.9546556909048074) 
INFO  @ Fri, 13 Oct 2023 16:02:51: --trim-5 test data: (trim_length reads fraction) 
INFO  @ Fri, 13 Oct 2023 16:02:51: 109	68263	0.9909416871107756 
INFO  @ Fri, 13 Oct 2023 16:02:51: 108	322	0.004674321715272838 
INFO  @ Fri, 13 Oct 2023 16:02:51: 110	216	0.0031355698462699785 
INFO  @ Fri, 13 Oct 2023 16:02:51: 117	34	0.0004935619202462003 
INFO  @ Fri, 13 Oct 2023 16:02:51: 107	30	0.0004354958119819414 
INFO  @ Fri, 13 Oct 2023 16:02:51: 106	9	0.00013064874359458242 
INFO  @ Fri, 13 Oct 2023 16:02:51: 105	5	7.258263533032358e-05 
INFO  @ Fri, 13 Oct 2023 16:02:51: 123	3	4.3549581198194145e-05 
INFO  @ Fri, 13 Oct 2023 16:02:51: 129	1	1.4516527066064715e-05 
INFO  @ Fri, 13 Oct 2023 16:02:51: 101	1	1.4516527066064715e-05 
INFO  @ Fri, 13 Oct 2023 16:02:51: 116	1	1.4516527066064715e-05 
INFO  @ Fri, 13 Oct 2023 16:02:51: 102	1	1.4516527066064715e-05 
INFO  @ Fri, 13 Oct 2023 16:02:51: 153	1	1.4516527066064715e-05 
INFO  @ Fri, 13 Oct 2023 16:02:51: Auto determination of trim5 results: 109 
INFO  @ Fri, 13 Oct 2023 16:02:51: Possible gRNA lengths:20 
INFO  @ Fri, 13 Oct 2023 16:02:51: Processing 0M reads .. 
INFO  @ Fri, 13 Oct 2023 16:02:52: Total: 72159. 
INFO  @ Fri, 13 Oct 2023 16:02:52: Mapped: 70136. 
INFO  @ Fri, 13 Oct 2023 16:02:52: Parsing FASTQ file ../../FASTQ_files/PatuT/PatuT-Cas9-14d-3_R1_001.fastq.gz... 
INFO  @ Fri, 13 Oct 2023 16:02:52: Determining the trim-5 length of FASTQ file ../../FASTQ_files/PatuT/PatuT-Cas9-14d-3_R1_001.fastq.gz... 
INFO  @ Fri, 13 Oct 2023 16:02:52: Possible gRNA lengths:20 
INFO  @ Fri, 13 Oct 2023 16:02:52: Processing 0M reads ... 
INFO  @ Fri, 13 Oct 2023 16:03:01: Read length:209,208,248,247,250,210,48,223,144,249,216,207,150,182,189,206,58,217,204,47,35,46,205,56,241,246,201,83,198,57,186,126,194,140,234,146,215,53,44,168,229,227,45,159,59,42,38,199,245,239,188,74,200,60,181,95,102,197,41,226,70,224,163,211,203,61,222,228,43,237,151,137,62,65,212,240,238,125,236,94,49,202,147,51,218,88,190,149,136 
INFO  @ Fri, 13 Oct 2023 16:03:01: Total tested reads: 75894, mapped: 72722(0.9582048646796848) 
INFO  @ Fri, 13 Oct 2023 16:03:01: --trim-5 test data: (trim_length reads fraction) 
INFO  @ Fri, 13 Oct 2023 16:03:01: 80	71698	0.9859189791259866 
INFO  @ Fri, 13 Oct 2023 16:03:01: 79	731	0.010051978768460713 
INFO  @ Fri, 13 Oct 2023 16:03:01: 81	197	0.0027089463986138995 
INFO  @ Fri, 13 Oct 2023 16:03:01: 78	49	0.0006737988504166553 
INFO  @ Fri, 13 Oct 2023 16:03:01: 77	13	0.0001787629603146228 
INFO  @ Fri, 13 Oct 2023 16:03:01: 76	12	0.00016501196336734413 
INFO  @ Fri, 13 Oct 2023 16:03:01: 75	10	0.00013750996947278679 
INFO  @ Fri, 13 Oct 2023 16:03:01: 65	3	4.125299084183603e-05 
INFO  @ Fri, 13 Oct 2023 16:03:01: 72	2	2.7501993894557357e-05 
INFO  @ Fri, 13 Oct 2023 16:03:01: 68	2	2.7501993894557357e-05 
INFO  @ Fri, 13 Oct 2023 16:03:01: 74	2	2.7501993894557357e-05 
INFO  @ Fri, 13 Oct 2023 16:03:01: 69	1	1.3750996947278678e-05 
INFO  @ Fri, 13 Oct 2023 16:03:01: 88	1	1.3750996947278678e-05 
INFO  @ Fri, 13 Oct 2023 16:03:01: 73	1	1.3750996947278678e-05 
INFO  @ Fri, 13 Oct 2023 16:03:01: Auto determination of trim5 results: 80 
INFO  @ Fri, 13 Oct 2023 16:03:01: Determining the trim-5 length of FASTQ file ../../FASTQ_files/PatuT/PatuT-Cas9-14d-3_R2_001.fastq.gz... 
INFO  @ Fri, 13 Oct 2023 16:03:01: Possible gRNA lengths:20 
INFO  @ Fri, 13 Oct 2023 16:03:01: Processing 0M reads ... 
INFO  @ Fri, 13 Oct 2023 16:03:25: Read length:209,247,208,210,249,48,250,223,216,207,150,182,189,248,206,58,217,204,47,46,205,56,241,35,201,83,198,57,186,126,194,140,234,146,215,53,168,229,227,45,159,59,42,245,239,188,200,246,60,181,95,102,41,226,70,197,224,163,211,203,74,222,228,237,151,137,65,212,240,238,125,236,202,51,218,43,44,88,190,149 
INFO  @ Fri, 13 Oct 2023 16:03:25: Total tested reads: 75894, mapped: 72329(0.9530265897172372) 
INFO  @ Fri, 13 Oct 2023 16:03:25: --trim-5 test data: (trim_length reads fraction) 
INFO  @ Fri, 13 Oct 2023 16:03:25: 109	71661	0.990764423675151 
INFO  @ Fri, 13 Oct 2023 16:03:25: 108	301	0.00416153963140649 
INFO  @ Fri, 13 Oct 2023 16:03:25: 110	251	0.0034702539783489335 
INFO  @ Fri, 13 Oct 2023 16:03:25: 117	58	0.0008018913575467655 
INFO  @ Fri, 13 Oct 2023 16:03:25: 107	19	0.00026268854816187143 
INFO  @ Fri, 13 Oct 2023 16:03:25: 68	10	0.0001382571306115113 
INFO  @ Fri, 13 Oct 2023 16:03:25: 106	7	9.67799914280579e-05 
INFO  @ Fri, 13 Oct 2023 16:03:25: 105	6	8.295427836690677e-05 
INFO  @ Fri, 13 Oct 2023 16:03:25: 104	5	6.912856530575565e-05 
INFO  @ Fri, 13 Oct 2023 16:03:25: 100	3	4.147713918345339e-05 
INFO  @ Fri, 13 Oct 2023 16:03:25: 153	3	4.147713918345339e-05 
INFO  @ Fri, 13 Oct 2023 16:03:25: 101	1	1.382571306115113e-05 
INFO  @ Fri, 13 Oct 2023 16:03:25: 123	1	1.382571306115113e-05 
INFO  @ Fri, 13 Oct 2023 16:03:25: 111	1	1.382571306115113e-05 
INFO  @ Fri, 13 Oct 2023 16:03:25: 102	1	1.382571306115113e-05 
INFO  @ Fri, 13 Oct 2023 16:03:25: 103	1	1.382571306115113e-05 
INFO  @ Fri, 13 Oct 2023 16:03:25: Auto determination of trim5 results: 109 
INFO  @ Fri, 13 Oct 2023 16:03:25: Possible gRNA lengths:20 
INFO  @ Fri, 13 Oct 2023 16:03:25: Processing 0M reads .. 
INFO  @ Fri, 13 Oct 2023 16:03:27: Total: 75894. 
INFO  @ Fri, 13 Oct 2023 16:03:27: Mapped: 73542. 
INFO  @ Fri, 13 Oct 2023 16:03:27: Parsing FASTQ file ../../FASTQ_files/PatuT/PatuT-Cas9-14d-4_R1_001.fastq.gz... 
INFO  @ Fri, 13 Oct 2023 16:03:27: Determining the trim-5 length of FASTQ file ../../FASTQ_files/PatuT/PatuT-Cas9-14d-4_R1_001.fastq.gz... 
INFO  @ Fri, 13 Oct 2023 16:03:27: Possible gRNA lengths:20 
INFO  @ Fri, 13 Oct 2023 16:03:27: Processing 0M reads ... 
INFO  @ Fri, 13 Oct 2023 16:03:37: Read length:208,209,250,249,210,216,223,217,46,248,201,206,232,246,56,47,58,51,35,49,203,52,207,211,143,205,139,244,136,54,245,247,213,43,44,199,55,204,138,192,215,197,87,182,242,224,181,75,42,41,180,177,83,149,65,235,50,243,59,145,126,222,48,228,45,151,218,156,53,102,121,175,202,167,227,135,38,57,101,214,200,150 
INFO  @ Fri, 13 Oct 2023 16:03:37: Total tested reads: 80783, mapped: 77817(0.9632843543814912) 
INFO  @ Fri, 13 Oct 2023 16:03:37: --trim-5 test data: (trim_length reads fraction) 
INFO  @ Fri, 13 Oct 2023 16:03:37: 80	76735	0.9860955832273154 
INFO  @ Fri, 13 Oct 2023 16:03:37: 79	758	0.009740802138350232 
INFO  @ Fri, 13 Oct 2023 16:03:37: 81	231	0.002968503026331007 
INFO  @ Fri, 13 Oct 2023 16:03:37: 78	31	0.00039837053600113085 
INFO  @ Fri, 13 Oct 2023 16:03:37: 77	22	0.0002827145739362864 
INFO  @ Fri, 13 Oct 2023 16:03:37: 76	13	0.00016705861187144198 
INFO  @ Fri, 13 Oct 2023 16:03:37: 75	11	0.0001413572869681432 
INFO  @ Fri, 13 Oct 2023 16:03:37: 74	5	6.425331225824691e-05 
INFO  @ Fri, 13 Oct 2023 16:03:37: 82	5	6.425331225824691e-05 
INFO  @ Fri, 13 Oct 2023 16:03:37: 73	3	3.855198735494815e-05 
INFO  @ Fri, 13 Oct 2023 16:03:37: 72	1	1.2850662451649382e-05 
INFO  @ Fri, 13 Oct 2023 16:03:37: 70	1	1.2850662451649382e-05 
INFO  @ Fri, 13 Oct 2023 16:03:37: 71	1	1.2850662451649382e-05 
INFO  @ Fri, 13 Oct 2023 16:03:37: Auto determination of trim5 results: 80 
INFO  @ Fri, 13 Oct 2023 16:03:37: Determining the trim-5 length of FASTQ file ../../FASTQ_files/PatuT/PatuT-Cas9-14d-4_R2_001.fastq.gz... 
INFO  @ Fri, 13 Oct 2023 16:03:37: Possible gRNA lengths:20 
INFO  @ Fri, 13 Oct 2023 16:03:37: Processing 0M reads ... 
INFO  @ Fri, 13 Oct 2023 16:03:57: Read length:249,209,250,208,210,216,223,217,46,201,206,232,56,247,248,47,58,51,35,49,203,52,207,211,143,205,139,244,54,245,213,44,199,55,204,246,138,215,197,87,182,242,224,181,75,41,180,177,83,149,43,65,235,243,59,145,126,198,218,222,48,228,45,151,156,53,102,121,175,202,167,227,57,101,50,214,200,239,150 
INFO  @ Fri, 13 Oct 2023 16:03:57: Total tested reads: 80783, mapped: 77349(0.9574910562865949) 
INFO  @ Fri, 13 Oct 2023 16:03:57: --trim-5 test data: (trim_length reads fraction) 
INFO  @ Fri, 13 Oct 2023 16:03:57: 109	76539	0.9895279835550557 
INFO  @ Fri, 13 Oct 2023 16:03:57: 108	323	0.004175878162613608 
INFO  @ Fri, 13 Oct 2023 16:03:57: 110	256	0.0033096743332169777 
INFO  @ Fri, 13 Oct 2023 16:03:57: 117	171	0.002210759027266028 
INFO  @ Fri, 13 Oct 2023 16:03:57: 107	35	0.00045249453774450865 
INFO  @ Fri, 13 Oct 2023 16:03:57: 105	7	9.049890754890173e-05 
INFO  @ Fri, 13 Oct 2023 16:03:57: 106	6	7.757049218477291e-05 
INFO  @ Fri, 13 Oct 2023 16:03:57: 104	4	5.171366145651528e-05 
INFO  @ Fri, 13 Oct 2023 16:03:57: 101	2	2.585683072825764e-05 
INFO  @ Fri, 13 Oct 2023 16:03:57: 123	1	1.292841536412882e-05 
INFO  @ Fri, 13 Oct 2023 16:03:57: 99	1	1.292841536412882e-05 
INFO  @ Fri, 13 Oct 2023 16:03:57: 118	1	1.292841536412882e-05 
INFO  @ Fri, 13 Oct 2023 16:03:57: 116	1	1.292841536412882e-05 
INFO  @ Fri, 13 Oct 2023 16:03:57: 102	1	1.292841536412882e-05 
INFO  @ Fri, 13 Oct 2023 16:03:57: 111	1	1.292841536412882e-05 
INFO  @ Fri, 13 Oct 2023 16:03:57: Auto determination of trim5 results: 109 
INFO  @ Fri, 13 Oct 2023 16:03:57: Possible gRNA lengths:20 
INFO  @ Fri, 13 Oct 2023 16:03:57: Processing 0M reads .. 
INFO  @ Fri, 13 Oct 2023 16:03:58: Total: 80783. 
INFO  @ Fri, 13 Oct 2023 16:03:58: Mapped: 78521. 
INFO  @ Fri, 13 Oct 2023 16:03:58: Parsing FASTQ file ../../FASTQ_files/PatuT/PatuT-Cas9-14d-5_R1_001.fastq.gz... 
INFO  @ Fri, 13 Oct 2023 16:03:58: Determining the trim-5 length of FASTQ file ../../FASTQ_files/PatuT/PatuT-Cas9-14d-5_R1_001.fastq.gz... 
INFO  @ Fri, 13 Oct 2023 16:03:58: Possible gRNA lengths:20 
INFO  @ Fri, 13 Oct 2023 16:03:58: Processing 0M reads ... 
INFO  @ Fri, 13 Oct 2023 16:04:02: Read length:209,249,208,250,217,210,77,201,205,204,248,247,206,216,39,207,224,46,182,54,203,55,211,175,189,215,246,98,200,169,53,229,241,158,41,118,218,44,52,188,214,245,199,35,202,97,56,71,60,48,51,108,72,139,126,64,62,174,79,192,150,197,69,144,80,149,151 
INFO  @ Fri, 13 Oct 2023 16:04:02: Total tested reads: 62168, mapped: 60063(0.9661401364045812) 
INFO  @ Fri, 13 Oct 2023 16:04:02: --trim-5 test data: (trim_length reads fraction) 
INFO  @ Fri, 13 Oct 2023 16:04:02: 80	59256	0.9865641076869287 
INFO  @ Fri, 13 Oct 2023 16:04:02: 79	539	0.00897391072706991 
INFO  @ Fri, 13 Oct 2023 16:04:02: 81	191	0.0031799943392770923 
INFO  @ Fri, 13 Oct 2023 16:04:02: 78	29	0.00048282636564940144 
INFO  @ Fri, 13 Oct 2023 16:04:02: 77	14	0.00023308859031350416 
INFO  @ Fri, 13 Oct 2023 16:04:02: 75	10	0.00016649185022393154 
INFO  @ Fri, 13 Oct 2023 16:04:02: 76	7	0.00011654429515675208 
INFO  @ Fri, 13 Oct 2023 16:04:02: 74	5	8.324592511196577e-05 
INFO  @ Fri, 13 Oct 2023 16:04:02: 72	3	4.994755506717946e-05 
INFO  @ Fri, 13 Oct 2023 16:04:02: 73	2	3.329837004478631e-05 
INFO  @ Fri, 13 Oct 2023 16:04:02: 71	1	1.6649185022393154e-05 
INFO  @ Fri, 13 Oct 2023 16:04:02: 70	1	1.6649185022393154e-05 
INFO  @ Fri, 13 Oct 2023 16:04:02: 102	1	1.6649185022393154e-05 
INFO  @ Fri, 13 Oct 2023 16:04:02: 135	1	1.6649185022393154e-05 
INFO  @ Fri, 13 Oct 2023 16:04:02: 180	1	1.6649185022393154e-05 
INFO  @ Fri, 13 Oct 2023 16:04:02: 179	1	1.6649185022393154e-05 
INFO  @ Fri, 13 Oct 2023 16:04:02: 20	1	1.6649185022393154e-05 
INFO  @ Fri, 13 Oct 2023 16:04:02: Auto determination of trim5 results: 80 
INFO  @ Fri, 13 Oct 2023 16:04:02: Determining the trim-5 length of FASTQ file ../../FASTQ_files/PatuT/PatuT-Cas9-14d-5_R2_001.fastq.gz... 
INFO  @ Fri, 13 Oct 2023 16:04:02: Possible gRNA lengths:20 
INFO  @ Fri, 13 Oct 2023 16:04:02: Processing 0M reads ... 
INFO  @ Fri, 13 Oct 2023 16:04:11: Read length:209,217,208,250,249,210,77,205,204,206,216,248,39,247,207,244,224,46,182,54,203,55,175,189,215,98,200,169,53,229,241,158,41,218,52,188,199,201,202,97,81,71,35,60,48,51,108,72,139,126,64,62,174,79,214,246,192,150,69,80,149,151 
INFO  @ Fri, 13 Oct 2023 16:04:11: Total tested reads: 62168, mapped: 59569(0.9581939261356325) 
INFO  @ Fri, 13 Oct 2023 16:04:11: --trim-5 test data: (trim_length reads fraction) 
INFO  @ Fri, 13 Oct 2023 16:04:11: 109	58976	0.9900451577162618 
INFO  @ Fri, 13 Oct 2023 16:04:11: 108	268	0.0044989843710654875 
INFO  @ Fri, 13 Oct 2023 16:04:11: 110	165	0.0027698970941261395 
INFO  @ Fri, 13 Oct 2023 16:04:11: 117	123	0.0020648323792576678 
INFO  @ Fri, 13 Oct 2023 16:04:11: 107	16	0.00026859608185465593 
INFO  @ Fri, 13 Oct 2023 16:04:11: 106	10	0.00016787255115915996 
INFO  @ Fri, 13 Oct 2023 16:04:11: 102	3	5.036176534774799e-05 
INFO  @ Fri, 13 Oct 2023 16:04:11: 116	3	5.036176534774799e-05 
INFO  @ Fri, 13 Oct 2023 16:04:11: 103	2	3.357451023183199e-05 
INFO  @ Fri, 13 Oct 2023 16:04:11: 104	2	3.357451023183199e-05 
INFO  @ Fri, 13 Oct 2023 16:04:11: 205	1	1.6787255115915996e-05 
INFO  @ Fri, 13 Oct 2023 16:04:11: Auto determination of trim5 results: 109 
INFO  @ Fri, 13 Oct 2023 16:04:11: Possible gRNA lengths:20 
INFO  @ Fri, 13 Oct 2023 16:04:11: Processing 0M reads .. 
INFO  @ Fri, 13 Oct 2023 16:04:11: Total: 62168. 
INFO  @ Fri, 13 Oct 2023 16:04:11: Mapped: 60714. 
INFO  @ Fri, 13 Oct 2023 16:04:11: Parsing FASTQ file ../../FASTQ_files/PatuT/PatuT-Cas9-21d-1_R1_001.fastq.gz... 
INFO  @ Fri, 13 Oct 2023 16:04:11: Determining the trim-5 length of FASTQ file ../../FASTQ_files/PatuT/PatuT-Cas9-21d-1_R1_001.fastq.gz... 
INFO  @ Fri, 13 Oct 2023 16:04:11: Possible gRNA lengths:20 
INFO  @ Fri, 13 Oct 2023 16:04:11: Processing 0M reads ... 
INFO  @ Fri, 13 Oct 2023 16:04:15: Read length:209,249,250,216,217,208,48,210,203,205,247,183,182,238,175,248,54,207,246,136,55,202,91,50,201,206,41,35,138,79,200,53,186,67,204,245,190,233,46,197,215,244,224,66,187,243,155,153,88,63,83,181,194,77,154,72,152,195,169,193,65,161,230,60,149,52,199,43,109,242,87,237 
INFO  @ Fri, 13 Oct 2023 16:04:15: Total tested reads: 66029, mapped: 63871(0.9673173908434173) 
INFO  @ Fri, 13 Oct 2023 16:04:15: --trim-5 test data: (trim_length reads fraction) 
INFO  @ Fri, 13 Oct 2023 16:04:15: 80	62962	0.9857681890059652 
INFO  @ Fri, 13 Oct 2023 16:04:15: 79	644	0.010082823190493338 
INFO  @ Fri, 13 Oct 2023 16:04:15: 81	197	0.003084341876595012 
INFO  @ Fri, 13 Oct 2023 16:04:15: 78	37	0.0005792926367208906 
INFO  @ Fri, 13 Oct 2023 16:04:15: 76	10	0.00015656557749213257 
INFO  @ Fri, 13 Oct 2023 16:04:15: 75	6	9.393934649527955e-05 
INFO  @ Fri, 13 Oct 2023 16:04:15: 74	5	7.828278874606628e-05 
INFO  @ Fri, 13 Oct 2023 16:04:15: 77	5	7.828278874606628e-05 
INFO  @ Fri, 13 Oct 2023 16:04:15: 73	2	3.1313115498426513e-05 
INFO  @ Fri, 13 Oct 2023 16:04:15: 86	2	3.1313115498426513e-05 
INFO  @ Fri, 13 Oct 2023 16:04:15: 71	1	1.5656557749213257e-05 
INFO  @ Fri, 13 Oct 2023 16:04:15: Auto determination of trim5 results: 80 
INFO  @ Fri, 13 Oct 2023 16:04:15: Determining the trim-5 length of FASTQ file ../../FASTQ_files/PatuT/PatuT-Cas9-21d-1_R2_001.fastq.gz... 
INFO  @ Fri, 13 Oct 2023 16:04:15: Possible gRNA lengths:20 
INFO  @ Fri, 13 Oct 2023 16:04:15: Processing 0M reads ... 
INFO  @ Fri, 13 Oct 2023 16:04:23: Read length:209,250,216,248,249,217,208,48,210,203,205,183,182,238,207,175,54,155,55,202,91,50,206,41,35,79,247,200,66,53,186,67,204,190,233,46,245,244,224,187,243,153,88,63,83,181,194,77,215,154,72,152,195,169,193,65,161,246,230,60,149,52,109,242,87,237 
INFO  @ Fri, 13 Oct 2023 16:04:23: Total tested reads: 66029, mapped: 63540(0.9623044419876116) 
INFO  @ Fri, 13 Oct 2023 16:04:23: --trim-5 test data: (trim_length reads fraction) 
INFO  @ Fri, 13 Oct 2023 16:04:23: 109	62902	0.989959080893925 
INFO  @ Fri, 13 Oct 2023 16:04:23: 108	293	0.004611268492288322 
INFO  @ Fri, 13 Oct 2023 16:04:23: 110	225	0.0035410764872521247 
INFO  @ Fri, 13 Oct 2023 16:04:23: 117	74	0.001164620711362921 
INFO  @ Fri, 13 Oct 2023 16:04:23: 107	29	0.0004564054139124961 
INFO  @ Fri, 13 Oct 2023 16:04:23: 105	7	0.00011016682404784388 
INFO  @ Fri, 13 Oct 2023 16:04:23: 106	4	6.295247088448222e-05 
INFO  @ Fri, 13 Oct 2023 16:04:23: 103	2	3.147623544224111e-05 
INFO  @ Fri, 13 Oct 2023 16:04:23: 102	1	1.5738117721120555e-05 
INFO  @ Fri, 13 Oct 2023 16:04:23: 101	1	1.5738117721120555e-05 
INFO  @ Fri, 13 Oct 2023 16:04:23: 116	1	1.5738117721120555e-05 
INFO  @ Fri, 13 Oct 2023 16:04:23: 104	1	1.5738117721120555e-05 
INFO  @ Fri, 13 Oct 2023 16:04:23: Auto determination of trim5 results: 109 
INFO  @ Fri, 13 Oct 2023 16:04:23: Possible gRNA lengths:20 
INFO  @ Fri, 13 Oct 2023 16:04:23: Processing 0M reads .. 
INFO  @ Fri, 13 Oct 2023 16:04:24: Total: 66029. 
INFO  @ Fri, 13 Oct 2023 16:04:24: Mapped: 64633. 
INFO  @ Fri, 13 Oct 2023 16:04:24: Parsing FASTQ file ../../FASTQ_files/PatuT/PatuT-Cas9-21d-2_R1_001.fastq.gz... 
INFO  @ Fri, 13 Oct 2023 16:04:24: Determining the trim-5 length of FASTQ file ../../FASTQ_files/PatuT/PatuT-Cas9-21d-2_R1_001.fastq.gz... 
INFO  @ Fri, 13 Oct 2023 16:04:24: Possible gRNA lengths:20 
INFO  @ Fri, 13 Oct 2023 16:04:24: Processing 0M reads ... 
INFO  @ Fri, 13 Oct 2023 16:04:27: Read length:209,249,208,43,250,205,210,217,206,248,204,216,211,227,183,39,207,247,189,182,192,246,65,203,54,94,88,244,144,53,202,90,233,50,35,166,146,197,63,73,196,41,229,136,172,153,42,245,78,46,126,105,188,38,64,224,147,55,66,48,68,52,108,170,56,76,201,77,96,223,110,163,193 
INFO  @ Fri, 13 Oct 2023 16:04:27: Total tested reads: 67907, mapped: 65851(0.9697232980399664) 
INFO  @ Fri, 13 Oct 2023 16:04:27: --trim-5 test data: (trim_length reads fraction) 
INFO  @ Fri, 13 Oct 2023 16:04:27: 80	64952	0.9863479673809054 
INFO  @ Fri, 13 Oct 2023 16:04:27: 79	642	0.009749282471033089 
INFO  @ Fri, 13 Oct 2023 16:04:27: 81	200	0.003037159648296913 
INFO  @ Fri, 13 Oct 2023 16:04:27: 78	25	0.0003796449560371141 
INFO  @ Fri, 13 Oct 2023 16:04:27: 77	12	0.00018222957889781476 
INFO  @ Fri, 13 Oct 2023 16:04:27: 76	7	0.00010630058769039195 
INFO  @ Fri, 13 Oct 2023 16:04:27: 75	6	9.111478944890738e-05 
INFO  @ Fri, 13 Oct 2023 16:04:27: 74	3	4.555739472445369e-05 
INFO  @ Fri, 13 Oct 2023 16:04:27: 73	2	3.0371596482969128e-05 
INFO  @ Fri, 13 Oct 2023 16:04:27: 98	1	1.5185798241484564e-05 
INFO  @ Fri, 13 Oct 2023 16:04:27: 82	1	1.5185798241484564e-05 
INFO  @ Fri, 13 Oct 2023 16:04:27: Auto determination of trim5 results: 80 
INFO  @ Fri, 13 Oct 2023 16:04:27: Determining the trim-5 length of FASTQ file ../../FASTQ_files/PatuT/PatuT-Cas9-21d-2_R2_001.fastq.gz... 
INFO  @ Fri, 13 Oct 2023 16:04:27: Possible gRNA lengths:20 
INFO  @ Fri, 13 Oct 2023 16:04:27: Processing 0M reads ... 
INFO  @ Fri, 13 Oct 2023 16:04:36: Read length:209,250,208,205,246,249,210,217,206,204,216,227,247,183,248,39,189,207,182,65,203,54,94,88,211,53,202,90,233,50,166,146,63,73,196,41,229,136,172,153,78,212,46,126,105,188,245,38,64,224,147,55,66,48,68,52,108,170,35,56,76,201,77,96,223,110,163,193 
INFO  @ Fri, 13 Oct 2023 16:04:36: Total tested reads: 67907, mapped: 65467(0.9640685054559913) 
INFO  @ Fri, 13 Oct 2023 16:04:36: --trim-5 test data: (trim_length reads fraction) 
INFO  @ Fri, 13 Oct 2023 16:04:36: 109	64842	0.9904532054317442 
INFO  @ Fri, 13 Oct 2023 16:04:36: 108	313	0.004781034719782486 
INFO  @ Fri, 13 Oct 2023 16:04:36: 110	215	0.0032840973314799825 
INFO  @ Fri, 13 Oct 2023 16:04:36: 117	48	0.0007331938228420426 
INFO  @ Fri, 13 Oct 2023 16:04:36: 107	22	0.0003360471688026028 
INFO  @ Fri, 13 Oct 2023 16:04:36: 106	13	0.00019857332701971985 
INFO  @ Fri, 13 Oct 2023 16:04:36: 104	5	7.63743565460461e-05 
INFO  @ Fri, 13 Oct 2023 16:04:36: 102	3	4.582461392762766e-05 
INFO  @ Fri, 13 Oct 2023 16:04:36: 105	2	3.054974261841844e-05 
INFO  @ Fri, 13 Oct 2023 16:04:36: 101	2	3.054974261841844e-05 
INFO  @ Fri, 13 Oct 2023 16:04:36: 111	1	1.527487130920922e-05 
INFO  @ Fri, 13 Oct 2023 16:04:36: 103	1	1.527487130920922e-05 
INFO  @ Fri, 13 Oct 2023 16:04:36: Auto determination of trim5 results: 109 
INFO  @ Fri, 13 Oct 2023 16:04:36: Possible gRNA lengths:20 
INFO  @ Fri, 13 Oct 2023 16:04:36: Processing 0M reads .. 
INFO  @ Fri, 13 Oct 2023 16:04:36: Total: 67907. 
INFO  @ Fri, 13 Oct 2023 16:04:36: Mapped: 66611. 
INFO  @ Fri, 13 Oct 2023 16:04:36: Parsing FASTQ file ../../FASTQ_files/PatuT/PatuT-Cas9-21d-3_R1_001.fastq.gz... 
INFO  @ Fri, 13 Oct 2023 16:04:36: Determining the trim-5 length of FASTQ file ../../FASTQ_files/PatuT/PatuT-Cas9-21d-3_R1_001.fastq.gz... 
INFO  @ Fri, 13 Oct 2023 16:04:36: Possible gRNA lengths:20 
INFO  @ Fri, 13 Oct 2023 16:04:36: Processing 0M reads ... 
INFO  @ Fri, 13 Oct 2023 16:04:40: Read length:209,249,208,204,203,216,248,210,43,250,107,233,217,229,246,207,205,247,62,54,53,52,65,50,224,183,199,228,147,136,211,48,143,206,135,227,201,202,41,152,92,213,35,223,141,176,46,80,150,142,121,245,160,44,60,76,126,108,47,115,220,193,214,200,163,69,218,162,118 
INFO  @ Fri, 13 Oct 2023 16:04:40: Total tested reads: 65145, mapped: 63230(0.9706040371479009) 
INFO  @ Fri, 13 Oct 2023 16:04:40: --trim-5 test data: (trim_length reads fraction) 
INFO  @ Fri, 13 Oct 2023 16:04:40: 80	62412	0.9870631029574569 
INFO  @ Fri, 13 Oct 2023 16:04:40: 79	572	0.009046338763245294 
INFO  @ Fri, 13 Oct 2023 16:04:40: 81	166	0.00262533607464811 
INFO  @ Fri, 13 Oct 2023 16:04:40: 78	35	0.0005535347145342401 
INFO  @ Fri, 13 Oct 2023 16:04:40: 77	18	0.0002846749960461806 
INFO  @ Fri, 13 Oct 2023 16:04:40: 76	11	0.0001739680531393326 
INFO  @ Fri, 13 Oct 2023 16:04:40: 75	7	0.00011070694290684801 
INFO  @ Fri, 13 Oct 2023 16:04:40: 74	5	7.907638779060572e-05 
INFO  @ Fri, 13 Oct 2023 16:04:40: 70	1	1.5815277558121144e-05 
INFO  @ Fri, 13 Oct 2023 16:04:40: 72	1	1.5815277558121144e-05 
INFO  @ Fri, 13 Oct 2023 16:04:40: 73	1	1.5815277558121144e-05 
INFO  @ Fri, 13 Oct 2023 16:04:40: 71	1	1.5815277558121144e-05 
INFO  @ Fri, 13 Oct 2023 16:04:40: Auto determination of trim5 results: 80 
INFO  @ Fri, 13 Oct 2023 16:04:40: Determining the trim-5 length of FASTQ file ../../FASTQ_files/PatuT/PatuT-Cas9-21d-3_R2_001.fastq.gz... 
INFO  @ Fri, 13 Oct 2023 16:04:40: Possible gRNA lengths:20 
INFO  @ Fri, 13 Oct 2023 16:04:40: Processing 0M reads ... 
INFO  @ Fri, 13 Oct 2023 16:04:49: Read length:209,250,208,249,248,203,216,210,107,233,217,229,207,205,62,54,53,65,50,224,183,199,228,147,48,143,211,206,227,204,201,202,41,152,92,213,223,141,176,46,80,150,247,142,121,160,60,52,76,126,108,47,115,220,193,35,214,200,55,163,69,135,218,162 
INFO  @ Fri, 13 Oct 2023 16:04:49: Total tested reads: 65145, mapped: 63031(0.967549313070842) 
INFO  @ Fri, 13 Oct 2023 16:04:49: --trim-5 test data: (trim_length reads fraction) 
INFO  @ Fri, 13 Oct 2023 16:04:49: 109	62477	0.9912106741127382 
INFO  @ Fri, 13 Oct 2023 16:04:49: 108	300	0.004759562754834922 
INFO  @ Fri, 13 Oct 2023 16:04:49: 110	177	0.002808142025352604 
INFO  @ Fri, 13 Oct 2023 16:04:49: 117	41	0.0006504735764941061 
INFO  @ Fri, 13 Oct 2023 16:04:49: 107	22	0.00034903460202122765 
INFO  @ Fri, 13 Oct 2023 16:04:49: 105	5	7.932604591391538e-05 
INFO  @ Fri, 13 Oct 2023 16:04:49: 106	3	4.7595627548349224e-05 
INFO  @ Fri, 13 Oct 2023 16:04:49: 104	2	3.173041836556615e-05 
INFO  @ Fri, 13 Oct 2023 16:04:49: 76	2	3.173041836556615e-05 
INFO  @ Fri, 13 Oct 2023 16:04:49: 102	1	1.5865209182783076e-05 
INFO  @ Fri, 13 Oct 2023 16:04:49: 100	1	1.5865209182783076e-05 
INFO  @ Fri, 13 Oct 2023 16:04:49: Auto determination of trim5 results: 109 
INFO  @ Fri, 13 Oct 2023 16:04:49: Possible gRNA lengths:20 
INFO  @ Fri, 13 Oct 2023 16:04:49: Processing 0M reads .. 
INFO  @ Fri, 13 Oct 2023 16:04:49: Total: 65145. 
INFO  @ Fri, 13 Oct 2023 16:04:49: Mapped: 63964. 
INFO  @ Fri, 13 Oct 2023 16:04:49: Parsing FASTQ file ../../FASTQ_files/PatuT/PatuT-Cas9-21d-4_R1_001.fastq.gz... 
INFO  @ Fri, 13 Oct 2023 16:04:49: Determining the trim-5 length of FASTQ file ../../FASTQ_files/PatuT/PatuT-Cas9-21d-4_R1_001.fastq.gz... 
INFO  @ Fri, 13 Oct 2023 16:04:49: Possible gRNA lengths:20 
INFO  @ Fri, 13 Oct 2023 16:04:49: Processing 0M reads ... 
INFO  @ Fri, 13 Oct 2023 16:04:52: Read length:209,249,210,217,250,147,216,208,57,248,206,35,183,224,214,223,41,46,207,247,204,60,45,159,215,228,245,205,189,187,44,59,58,202,94,135,203,229,131,212,200,63,96,47,188,48,182,201,195,56,43,54,64,184,137,198,142,246,211,51,79,185,126 
INFO  @ Fri, 13 Oct 2023 16:04:52: Total tested reads: 68503, mapped: 66289(0.967680247580398) 
INFO  @ Fri, 13 Oct 2023 16:04:52: --trim-5 test data: (trim_length reads fraction) 
INFO  @ Fri, 13 Oct 2023 16:04:52: 80	65368	0.9861062921450015 
INFO  @ Fri, 13 Oct 2023 16:04:52: 79	663	0.010001659400503854 
INFO  @ Fri, 13 Oct 2023 16:04:52: 81	187	0.0028209808565523692 
INFO  @ Fri, 13 Oct 2023 16:04:52: 78	26	0.00039222193727466093 
INFO  @ Fri, 13 Oct 2023 16:04:52: 77	23	0.00034696555989681546 
INFO  @ Fri, 13 Oct 2023 16:04:52: 76	8	0.00012068367300758798 
INFO  @ Fri, 13 Oct 2023 16:04:52: 75	6	9.051275475569099e-05 
INFO  @ Fri, 13 Oct 2023 16:04:52: 74	4	6.034183650379399e-05 
INFO  @ Fri, 13 Oct 2023 16:04:52: 71	2	3.0170918251896996e-05 
INFO  @ Fri, 13 Oct 2023 16:04:52: 73	1	1.5085459125948498e-05 
INFO  @ Fri, 13 Oct 2023 16:04:52: 82	1	1.5085459125948498e-05 
INFO  @ Fri, 13 Oct 2023 16:04:52: Auto determination of trim5 results: 80 
INFO  @ Fri, 13 Oct 2023 16:04:52: Determining the trim-5 length of FASTQ file ../../FASTQ_files/PatuT/PatuT-Cas9-21d-4_R2_001.fastq.gz... 
INFO  @ Fri, 13 Oct 2023 16:04:52: Possible gRNA lengths:20 
INFO  @ Fri, 13 Oct 2023 16:04:52: Processing 0M reads ... 
INFO  @ Fri, 13 Oct 2023 16:05:03: Read length:209,210,217,147,248,216,250,208,57,247,206,35,183,249,224,214,223,41,46,207,204,60,45,159,215,228,205,189,187,59,58,202,213,94,203,229,131,212,200,63,96,188,48,47,182,195,246,64,201,184,137,198,142,211,51,79,54,185,126 
INFO  @ Fri, 13 Oct 2023 16:05:03: Total tested reads: 68503, mapped: 66041(0.9640599681765762) 
INFO  @ Fri, 13 Oct 2023 16:05:03: --trim-5 test data: (trim_length reads fraction) 
INFO  @ Fri, 13 Oct 2023 16:05:03: 109	65372	0.9898699292863524 
INFO  @ Fri, 13 Oct 2023 16:05:03: 108	302	0.004572916824396965 
INFO  @ Fri, 13 Oct 2023 16:05:03: 110	203	0.003073848064081404 
INFO  @ Fri, 13 Oct 2023 16:05:03: 117	120	0.0018170530428067413 
INFO  @ Fri, 13 Oct 2023 16:05:03: 107	27	0.0004088369346315168 
INFO  @ Fri, 13 Oct 2023 16:05:03: 106	6	9.085265214033707e-05 
INFO  @ Fri, 13 Oct 2023 16:05:03: 104	5	7.571054345028089e-05 
INFO  @ Fri, 13 Oct 2023 16:05:03: 105	3	4.5426326070168535e-05 
INFO  @ Fri, 13 Oct 2023 16:05:03: 111	1	1.5142108690056177e-05 
INFO  @ Fri, 13 Oct 2023 16:05:03: 146	1	1.5142108690056177e-05 
INFO  @ Fri, 13 Oct 2023 16:05:03: 116	1	1.5142108690056177e-05 
INFO  @ Fri, 13 Oct 2023 16:05:03: Auto determination of trim5 results: 109 
INFO  @ Fri, 13 Oct 2023 16:05:03: Possible gRNA lengths:20 
INFO  @ Fri, 13 Oct 2023 16:05:03: Processing 0M reads .. 
INFO  @ Fri, 13 Oct 2023 16:05:03: Total: 68503. 
INFO  @ Fri, 13 Oct 2023 16:05:03: Mapped: 67097. 
INFO  @ Fri, 13 Oct 2023 16:05:03: Parsing FASTQ file ../../FASTQ_files/PatuT/PatuT-Cas9-21d-5_R1_001.fastq.gz... 
INFO  @ Fri, 13 Oct 2023 16:05:03: Determining the trim-5 length of FASTQ file ../../FASTQ_files/PatuT/PatuT-Cas9-21d-5_R1_001.fastq.gz... 
INFO  @ Fri, 13 Oct 2023 16:05:03: Possible gRNA lengths:20 
INFO  @ Fri, 13 Oct 2023 16:05:03: Processing 0M reads ... 
INFO  @ Fri, 13 Oct 2023 16:05:08: Read length:209,206,249,248,35,250,208,182,210,247,211,207,216,150,229,217,203,197,244,125,223,58,181,47,245,46,204,205,103,246,44,224,154,201,119,199,136,45,149,183,126,43,214,69,55,192,202,57,54,147,222,218,48,213,41,39,42,200,159,228,56,180,79,146,61,142,110 
INFO  @ Fri, 13 Oct 2023 16:05:08: Total tested reads: 75363, mapped: 73064(0.9694943141860064) 
INFO  @ Fri, 13 Oct 2023 16:05:08: --trim-5 test data: (trim_length reads fraction) 
INFO  @ Fri, 13 Oct 2023 16:05:08: 80	72044	0.9860396364830833 
INFO  @ Fri, 13 Oct 2023 16:05:08: 79	707	0.009676448045549107 
INFO  @ Fri, 13 Oct 2023 16:05:08: 81	211	0.0028878791196759006 
INFO  @ Fri, 13 Oct 2023 16:05:08: 78	49	0.000670644914047958 
INFO  @ Fri, 13 Oct 2023 16:05:08: 77	20	0.00027373261797875834 
INFO  @ Fri, 13 Oct 2023 16:05:08: 76	9	0.00012317967809044125 
INFO  @ Fri, 13 Oct 2023 16:05:08: 70	7	9.580641629256543e-05 
INFO  @ Fri, 13 Oct 2023 16:05:08: 74	6	8.21197853936275e-05 
INFO  @ Fri, 13 Oct 2023 16:05:08: 82	5	6.843315449468958e-05 
INFO  @ Fri, 13 Oct 2023 16:05:08: 75	4	5.474652359575167e-05 
INFO  @ Fri, 13 Oct 2023 16:05:08: 73	2	2.7373261797875835e-05 
INFO  @ Fri, 13 Oct 2023 16:05:08: Auto determination of trim5 results: 80 
INFO  @ Fri, 13 Oct 2023 16:05:08: Determining the trim-5 length of FASTQ file ../../FASTQ_files/PatuT/PatuT-Cas9-21d-5_R2_001.fastq.gz... 
INFO  @ Fri, 13 Oct 2023 16:05:08: Possible gRNA lengths:20 
INFO  @ Fri, 13 Oct 2023 16:05:08: Processing 0M reads ... 
INFO  @ Fri, 13 Oct 2023 16:05:18: Read length:209,206,250,35,208,182,210,211,248,217,249,207,216,150,229,240,247,203,205,125,223,58,47,46,204,103,44,224,154,201,119,199,45,149,183,126,214,69,55,202,57,56,147,196,222,218,181,48,213,41,39,246,200,159,228,180,79,146,142,110 
INFO  @ Fri, 13 Oct 2023 16:05:18: Total tested reads: 75363, mapped: 72530(0.962408608999111) 
INFO  @ Fri, 13 Oct 2023 16:05:18: --trim-5 test data: (trim_length reads fraction) 
INFO  @ Fri, 13 Oct 2023 16:05:18: 109	71837	0.9904453329656694 
INFO  @ Fri, 13 Oct 2023 16:05:18: 108	339	0.00467392802978078 
INFO  @ Fri, 13 Oct 2023 16:05:18: 110	236	0.0032538260030332278 
INFO  @ Fri, 13 Oct 2023 16:05:18: 117	67	0.0009237556873018061 
INFO  @ Fri, 13 Oct 2023 16:05:18: 107	22	0.0003033227629946229 
INFO  @ Fri, 13 Oct 2023 16:05:18: 106	13	0.00017923617813318628 
INFO  @ Fri, 13 Oct 2023 16:05:18: 105	5	6.893699158968702e-05 
INFO  @ Fri, 13 Oct 2023 16:05:18: 104	3	4.1362194953812216e-05 
INFO  @ Fri, 13 Oct 2023 16:05:18: 116	2	2.757479663587481e-05 
INFO  @ Fri, 13 Oct 2023 16:05:18: 103	2	2.757479663587481e-05 
INFO  @ Fri, 13 Oct 2023 16:05:18: 100	2	2.757479663587481e-05 
INFO  @ Fri, 13 Oct 2023 16:05:18: 101	1	1.3787398317937405e-05 
INFO  @ Fri, 13 Oct 2023 16:05:18: 102	1	1.3787398317937405e-05 
INFO  @ Fri, 13 Oct 2023 16:05:18: Auto determination of trim5 results: 109 
INFO  @ Fri, 13 Oct 2023 16:05:18: Possible gRNA lengths:20 
INFO  @ Fri, 13 Oct 2023 16:05:18: Processing 0M reads .. 
INFO  @ Fri, 13 Oct 2023 16:05:18: Total: 75363. 
INFO  @ Fri, 13 Oct 2023 16:05:18: Mapped: 73876. 
INFO  @ Fri, 13 Oct 2023 16:05:18: Parsing FASTQ file ../../FASTQ_files/PatuT/PatuT-Cas9-7d-1_R1_001.fastq.gz... 
INFO  @ Fri, 13 Oct 2023 16:05:18: Determining the trim-5 length of FASTQ file ../../FASTQ_files/PatuT/PatuT-Cas9-7d-1_R1_001.fastq.gz... 
INFO  @ Fri, 13 Oct 2023 16:05:18: Possible gRNA lengths:20 
INFO  @ Fri, 13 Oct 2023 16:05:18: Processing 0M reads ... 
INFO  @ Fri, 13 Oct 2023 16:05:23: Read length:209,248,216,210,208,250,206,249,217,223,58,197,245,205,136,65,43,47,41,48,207,204,214,240,247,243,35,76,138,42,182,213,224,57,200,215,51,222,227,46,232,53,242,167,246,55,49,127,211,203,244,151,142,139,189,130,218,52,202,184,44,183,229,56,50,161,201,212,152,145,181,38,91,105,71,102,73,190,68,45,137,109,179,228 
INFO  @ Fri, 13 Oct 2023 16:05:23: Total tested reads: 83523, mapped: 80834(0.9678052751936592) 
INFO  @ Fri, 13 Oct 2023 16:05:23: --trim-5 test data: (trim_length reads fraction) 
INFO  @ Fri, 13 Oct 2023 16:05:23: 80	79607	0.9848207437464434 
INFO  @ Fri, 13 Oct 2023 16:05:23: 79	852	0.010540119256748397 
INFO  @ Fri, 13 Oct 2023 16:05:23: 81	280	0.0034638889576168444 
INFO  @ Fri, 13 Oct 2023 16:05:23: 78	43	0.0005319543756340154 
INFO  @ Fri, 13 Oct 2023 16:05:23: 77	20	0.0002474206398297746 
INFO  @ Fri, 13 Oct 2023 16:05:23: 75	15	0.00018556547987233095 
INFO  @ Fri, 13 Oct 2023 16:05:23: 76	8	9.896825593190984e-05 
INFO  @ Fri, 13 Oct 2023 16:05:23: 74	4	4.948412796595492e-05 
INFO  @ Fri, 13 Oct 2023 16:05:23: 71	2	2.474206398297746e-05 
INFO  @ Fri, 13 Oct 2023 16:05:23: 82	2	2.474206398297746e-05 
INFO  @ Fri, 13 Oct 2023 16:05:23: 73	1	1.237103199148873e-05 
INFO  @ Fri, 13 Oct 2023 16:05:23: Auto determination of trim5 results: 80 
INFO  @ Fri, 13 Oct 2023 16:05:23: Determining the trim-5 length of FASTQ file ../../FASTQ_files/PatuT/PatuT-Cas9-7d-1_R2_001.fastq.gz... 
INFO  @ Fri, 13 Oct 2023 16:05:23: Possible gRNA lengths:20 
INFO  @ Fri, 13 Oct 2023 16:05:23: Processing 0M reads ... 
INFO  @ Fri, 13 Oct 2023 16:05:33: Read length:209,250,210,208,216,247,206,217,182,223,58,245,205,249,65,47,41,48,204,214,240,243,35,207,76,138,246,213,224,57,200,215,51,222,248,227,46,232,53,242,167,43,197,55,49,127,211,203,244,151,229,142,139,189,130,218,52,183,202,56,161,201,212,152,145,181,105,71,91,102,73,190,68,45,137,109,228 
INFO  @ Fri, 13 Oct 2023 16:05:33: Total tested reads: 83523, mapped: 80083(0.9588137399279241) 
INFO  @ Fri, 13 Oct 2023 16:05:33: --trim-5 test data: (trim_length reads fraction) 
INFO  @ Fri, 13 Oct 2023 16:05:33: 109	79275	0.9899104678895646 
INFO  @ Fri, 13 Oct 2023 16:05:33: 108	396	0.004944869697688648 
INFO  @ Fri, 13 Oct 2023 16:05:33: 110	258	0.003221657530312301 
INFO  @ Fri, 13 Oct 2023 16:05:33: 117	96	0.001198756290348763 
INFO  @ Fri, 13 Oct 2023 16:05:33: 106	18	0.0002247668044403931 
INFO  @ Fri, 13 Oct 2023 16:05:33: 107	17	0.00021227975974926015 
INFO  @ Fri, 13 Oct 2023 16:05:33: 105	12	0.00014984453629359539 
INFO  @ Fri, 13 Oct 2023 16:05:33: 102	5	6.243522345566475e-05 
INFO  @ Fri, 13 Oct 2023 16:05:33: 116	1	1.248704469113295e-05 
INFO  @ Fri, 13 Oct 2023 16:05:33: 111	1	1.248704469113295e-05 
INFO  @ Fri, 13 Oct 2023 16:05:33: 118	1	1.248704469113295e-05 
INFO  @ Fri, 13 Oct 2023 16:05:33: 97	1	1.248704469113295e-05 
INFO  @ Fri, 13 Oct 2023 16:05:33: 129	1	1.248704469113295e-05 
INFO  @ Fri, 13 Oct 2023 16:05:33: 101	1	1.248704469113295e-05 
INFO  @ Fri, 13 Oct 2023 16:05:33: Auto determination of trim5 results: 109 
INFO  @ Fri, 13 Oct 2023 16:05:33: Possible gRNA lengths:20 
INFO  @ Fri, 13 Oct 2023 16:05:33: Processing 0M reads .. 
INFO  @ Fri, 13 Oct 2023 16:05:34: Total: 83523. 
INFO  @ Fri, 13 Oct 2023 16:05:34: Mapped: 81452. 
INFO  @ Fri, 13 Oct 2023 16:05:34: Parsing FASTQ file ../../FASTQ_files/PatuT/PatuT-Cas9-7d-2_R1_001.fastq.gz... 
INFO  @ Fri, 13 Oct 2023 16:05:34: Determining the trim-5 length of FASTQ file ../../FASTQ_files/PatuT/PatuT-Cas9-7d-2_R1_001.fastq.gz... 
INFO  @ Fri, 13 Oct 2023 16:05:34: Possible gRNA lengths:20 
INFO  @ Fri, 13 Oct 2023 16:05:34: Processing 0M reads ... 
INFO  @ Fri, 13 Oct 2023 16:05:37: Read length:250,209,249,217,182,210,208,206,207,248,80,54,216,46,39,109,139,204,205,74,72,40,175,246,245,53,55,247,188,224,140,180,202,35,137,48,73,189,64,238,56,51,190,181,229,191,201,98,241,47,118,138,203,63,62,126,52,84,228,107,108,185,79,41,195,68,200,149,71,215,77,60,158,129,211,197,151,110,196,212 
INFO  @ Fri, 13 Oct 2023 16:05:37: Total tested reads: 55712, mapped: 53514(0.9605470993681792) 
INFO  @ Fri, 13 Oct 2023 16:05:37: --trim-5 test data: (trim_length reads fraction) 
INFO  @ Fri, 13 Oct 2023 16:05:37: 80	52737	0.9854804350263483 
INFO  @ Fri, 13 Oct 2023 16:05:37: 79	529	0.009885263669320177 
INFO  @ Fri, 13 Oct 2023 16:05:37: 81	179	0.0033449190865941624 
INFO  @ Fri, 13 Oct 2023 16:05:37: 78	36	0.0006727211570803902 
INFO  @ Fri, 13 Oct 2023 16:05:37: 77	9	0.00016818028927009755 
INFO  @ Fri, 13 Oct 2023 16:05:37: 75	7	0.00013080689165452031 
INFO  @ Fri, 13 Oct 2023 16:05:37: 76	6	0.0001121201928467317 
INFO  @ Fri, 13 Oct 2023 16:05:37: 180	4	7.474679523115446e-05 
INFO  @ Fri, 13 Oct 2023 16:05:37: 73	3	5.606009642336585e-05 
INFO  @ Fri, 13 Oct 2023 16:05:37: 179	1	1.8686698807788616e-05 
INFO  @ Fri, 13 Oct 2023 16:05:37: 74	1	1.8686698807788616e-05 
INFO  @ Fri, 13 Oct 2023 16:05:37: 20	1	1.8686698807788616e-05 
INFO  @ Fri, 13 Oct 2023 16:05:37: 102	1	1.8686698807788616e-05 
INFO  @ Fri, 13 Oct 2023 16:05:37: Auto determination of trim5 results: 80 
INFO  @ Fri, 13 Oct 2023 16:05:37: Determining the trim-5 length of FASTQ file ../../FASTQ_files/PatuT/PatuT-Cas9-7d-2_R2_001.fastq.gz... 
INFO  @ Fri, 13 Oct 2023 16:05:37: Possible gRNA lengths:20 
INFO  @ Fri, 13 Oct 2023 16:05:37: Processing 0M reads ... 
INFO  @ Fri, 13 Oct 2023 16:05:44: Read length:209,217,250,182,210,208,249,206,207,80,54,216,46,247,204,39,109,248,139,205,74,72,40,175,246,245,53,55,188,224,140,180,202,35,137,48,73,189,64,238,56,51,181,229,191,98,241,47,138,203,63,62,126,52,84,228,107,108,185,79,41,195,68,200,149,71,77,60,158,129,201,197,151,110,212 
INFO  @ Fri, 13 Oct 2023 16:05:44: Total tested reads: 55712, mapped: 53007(0.951446726019529) 
INFO  @ Fri, 13 Oct 2023 16:05:44: --trim-5 test data: (trim_length reads fraction) 
INFO  @ Fri, 13 Oct 2023 16:05:44: 109	52506	0.9905484181334541 
INFO  @ Fri, 13 Oct 2023 16:05:44: 108	242	0.004565434753900428 
INFO  @ Fri, 13 Oct 2023 16:05:44: 110	155	0.002924142094440357 
INFO  @ Fri, 13 Oct 2023 16:05:44: 117	67	0.0012639840021129284 
INFO  @ Fri, 13 Oct 2023 16:05:44: 107	14	0.00026411606014299996 
INFO  @ Fri, 13 Oct 2023 16:05:44: 106	8	0.00015092346293885713 
INFO  @ Fri, 13 Oct 2023 16:05:44: 206	4	7.546173146942857e-05 
INFO  @ Fri, 13 Oct 2023 16:05:44: 105	3	5.6596298602071426e-05 
INFO  @ Fri, 13 Oct 2023 16:05:44: 103	3	5.6596298602071426e-05 
INFO  @ Fri, 13 Oct 2023 16:05:44: 104	3	5.6596298602071426e-05 
INFO  @ Fri, 13 Oct 2023 16:05:44: 92	1	1.8865432867357142e-05 
INFO  @ Fri, 13 Oct 2023 16:05:44: 101	1	1.8865432867357142e-05 
INFO  @ Fri, 13 Oct 2023 16:05:44: Auto determination of trim5 results: 109 
INFO  @ Fri, 13 Oct 2023 16:05:44: Possible gRNA lengths:20 
INFO  @ Fri, 13 Oct 2023 16:05:44: Processing 0M reads .. 
INFO  @ Fri, 13 Oct 2023 16:05:45: Total: 55712. 
INFO  @ Fri, 13 Oct 2023 16:05:45: Mapped: 54067. 
INFO  @ Fri, 13 Oct 2023 16:05:45: Parsing FASTQ file ../../FASTQ_files/PatuT/PatuT-Cas9-7d-3_R1_001.fastq.gz... 
INFO  @ Fri, 13 Oct 2023 16:05:45: Determining the trim-5 length of FASTQ file ../../FASTQ_files/PatuT/PatuT-Cas9-7d-3_R1_001.fastq.gz... 
INFO  @ Fri, 13 Oct 2023 16:05:45: Possible gRNA lengths:20 
INFO  @ Fri, 13 Oct 2023 16:05:45: Processing 0M reads ... 
INFO  @ Fri, 13 Oct 2023 16:05:48: Read length:209,250,208,248,216,210,54,207,249,245,206,217,79,205,138,218,200,202,136,41,183,204,74,182,77,118,211,223,201,247,60,115,53,203,188,194,199,244,195,62,61,95,75,153,224,76,175,103,227,162,66,243,197,81,155,174,116,192,228,72,83,230,233,69,52,237,50,198,49,64,68,225,185,48,190,71,187,180,229,128,55,84,125,73,242,44,186,184,154,86,140,45,35,179,191,67,46,59,214 
INFO  @ Fri, 13 Oct 2023 16:05:48: Total tested reads: 63917, mapped: 61340(0.9596820877074956) 
INFO  @ Fri, 13 Oct 2023 16:05:48: --trim-5 test data: (trim_length reads fraction) 
INFO  @ Fri, 13 Oct 2023 16:05:48: 80	60456	0.9855885229866319 
INFO  @ Fri, 13 Oct 2023 16:05:48: 79	640	0.010433648516465601 
INFO  @ Fri, 13 Oct 2023 16:05:48: 81	174	0.0028366481904140853 
INFO  @ Fri, 13 Oct 2023 16:05:48: 78	26	0.0004238669709814151 
INFO  @ Fri, 13 Oct 2023 16:05:48: 76	21	0.00034235409194652755 
INFO  @ Fri, 13 Oct 2023 16:05:48: 77	9	0.00014672318226279752 
INFO  @ Fri, 13 Oct 2023 16:05:48: 74	5	8.151287903488751e-05 
INFO  @ Fri, 13 Oct 2023 16:05:48: 75	4	6.521030322791e-05 
INFO  @ Fri, 13 Oct 2023 16:05:48: 72	2	3.2605151613955e-05 
INFO  @ Fri, 13 Oct 2023 16:05:48: 71	2	3.2605151613955e-05 
INFO  @ Fri, 13 Oct 2023 16:05:48: 88	1	1.63025758069775e-05 
INFO  @ Fri, 13 Oct 2023 16:05:48: Auto determination of trim5 results: 80 
INFO  @ Fri, 13 Oct 2023 16:05:48: Determining the trim-5 length of FASTQ file ../../FASTQ_files/PatuT/PatuT-Cas9-7d-3_R2_001.fastq.gz... 
INFO  @ Fri, 13 Oct 2023 16:05:48: Possible gRNA lengths:20 
INFO  @ Fri, 13 Oct 2023 16:05:48: Processing 0M reads ... 
INFO  @ Fri, 13 Oct 2023 16:05:56: Read length:209,250,216,210,54,207,208,249,245,206,217,79,205,218,248,203,41,247,183,74,182,204,77,118,211,223,201,60,150,115,53,188,194,199,244,195,62,61,95,75,153,224,76,175,103,227,162,66,243,198,81,155,174,116,202,192,228,72,200,83,230,233,69,52,237,50,49,64,68,225,185,48,190,71,187,180,229,128,55,84,125,73,186,184,154,86,45,35,179,191,67,46,59,214 
INFO  @ Fri, 13 Oct 2023 16:05:56: Total tested reads: 63917, mapped: 60931(0.9532831641034467) 
INFO  @ Fri, 13 Oct 2023 16:05:56: --trim-5 test data: (trim_length reads fraction) 
INFO  @ Fri, 13 Oct 2023 16:05:56: 109	60357	0.9905795079680294 
INFO  @ Fri, 13 Oct 2023 16:05:56: 108	248	0.0040701777420360736 
INFO  @ Fri, 13 Oct 2023 16:05:56: 110	203	0.0033316374259408183 
INFO  @ Fri, 13 Oct 2023 16:05:56: 117	88	0.0014442566181418325 
INFO  @ Fri, 13 Oct 2023 16:05:56: 107	23	0.00037747616155979713 
INFO  @ Fri, 13 Oct 2023 16:05:56: 106	6	9.847204214603403e-05 
INFO  @ Fri, 13 Oct 2023 16:05:56: 105	4	6.564802809735603e-05 
INFO  @ Fri, 13 Oct 2023 16:05:56: 103	1	1.6412007024339008e-05 
INFO  @ Fri, 13 Oct 2023 16:05:56: 101	1	1.6412007024339008e-05 
INFO  @ Fri, 13 Oct 2023 16:05:56: Auto determination of trim5 results: 109 
INFO  @ Fri, 13 Oct 2023 16:05:56: Possible gRNA lengths:20 
INFO  @ Fri, 13 Oct 2023 16:05:56: Processing 0M reads .. 
INFO  @ Fri, 13 Oct 2023 16:05:56: Total: 63917. 
INFO  @ Fri, 13 Oct 2023 16:05:56: Mapped: 61970. 
INFO  @ Fri, 13 Oct 2023 16:05:56: Parsing FASTQ file ../../FASTQ_files/PatuT/PatuT-Cas9-7d-4_R1_001.fastq.gz... 
INFO  @ Fri, 13 Oct 2023 16:05:56: Determining the trim-5 length of FASTQ file ../../FASTQ_files/PatuT/PatuT-Cas9-7d-4_R1_001.fastq.gz... 
INFO  @ Fri, 13 Oct 2023 16:05:56: Possible gRNA lengths:20 
INFO  @ Fri, 13 Oct 2023 16:05:56: Processing 0M reads ... 
INFO  @ Fri, 13 Oct 2023 16:06:00: Read length:209,250,208,210,127,66,183,216,50,248,249,217,204,207,189,228,247,246,205,213,196,118,71,202,136,192,206,52,110,112,54,234,180,197,153,65,60,104,188,48,203,224,182,42,41,55,147,43,35,152,49,57,46,131,144,40,211,195,67,167,53,191,165,77,108,168,64,156,68,199,63,163,177,146,122,45,51,137,133,215,79,58,100,73,158,235,126,83,132,200,130,244,114,222,145,218,151 
INFO  @ Fri, 13 Oct 2023 16:06:00: Total tested reads: 68712, mapped: 66088(0.961811619513331) 
INFO  @ Fri, 13 Oct 2023 16:06:00: --trim-5 test data: (trim_length reads fraction) 
INFO  @ Fri, 13 Oct 2023 16:06:00: 80	65186	0.9863515312916112 
INFO  @ Fri, 13 Oct 2023 16:06:00: 79	611	0.009245248759230117 
INFO  @ Fri, 13 Oct 2023 16:06:00: 81	218	0.003298632126861155 
INFO  @ Fri, 13 Oct 2023 16:06:00: 78	39	0.0005901222612274543 
INFO  @ Fri, 13 Oct 2023 16:06:00: 76	12	0.00018157608037767825 
INFO  @ Fri, 13 Oct 2023 16:06:00: 77	7	0.00010591938022031231 
INFO  @ Fri, 13 Oct 2023 16:06:00: 74	6	9.078804018883913e-05 
INFO  @ Fri, 13 Oct 2023 16:06:00: 75	6	9.078804018883913e-05 
INFO  @ Fri, 13 Oct 2023 16:06:00: 73	3	4.539402009441956e-05 
INFO  @ Fri, 13 Oct 2023 16:06:00: Auto determination of trim5 results: 80 
INFO  @ Fri, 13 Oct 2023 16:06:00: Determining the trim-5 length of FASTQ file ../../FASTQ_files/PatuT/PatuT-Cas9-7d-4_R2_001.fastq.gz... 
INFO  @ Fri, 13 Oct 2023 16:06:00: Possible gRNA lengths:20 
INFO  @ Fri, 13 Oct 2023 16:06:00: Processing 0M reads ... 
INFO  @ Fri, 13 Oct 2023 16:06:10: Read length:209,250,210,127,66,208,183,216,50,217,249,205,207,189,204,248,247,213,196,118,71,202,136,206,52,110,112,54,234,180,197,153,65,60,246,104,188,48,203,224,182,41,55,147,35,152,49,57,131,67,167,53,165,77,108,168,64,156,68,199,63,163,177,146,122,51,137,228,211,215,79,58,100,73,158,126,83,132,200,130,244,43,114,222,145,218,151,46 
INFO  @ Fri, 13 Oct 2023 16:06:10: Total tested reads: 68712, mapped: 65645(0.9553644196064734) 
INFO  @ Fri, 13 Oct 2023 16:06:10: --trim-5 test data: (trim_length reads fraction) 
INFO  @ Fri, 13 Oct 2023 16:06:10: 109	65048	0.9909056287607586 
INFO  @ Fri, 13 Oct 2023 16:06:10: 108	290	0.004417701271993297 
INFO  @ Fri, 13 Oct 2023 16:06:10: 110	181	0.0027572549318302993 
INFO  @ Fri, 13 Oct 2023 16:06:10: 117	89	0.001355777286922081 
INFO  @ Fri, 13 Oct 2023 16:06:10: 107	16	0.00024373524259273363 
INFO  @ Fri, 13 Oct 2023 16:06:10: 106	8	0.00012186762129636682 
INFO  @ Fri, 13 Oct 2023 16:06:10: 104	5	7.616726331022927e-05 
INFO  @ Fri, 13 Oct 2023 16:06:10: 105	3	4.570035798613756e-05 
INFO  @ Fri, 13 Oct 2023 16:06:10: 102	2	3.0466905324091704e-05 
INFO  @ Fri, 13 Oct 2023 16:06:10: 103	1	1.5233452662045852e-05 
INFO  @ Fri, 13 Oct 2023 16:06:10: 99	1	1.5233452662045852e-05 
INFO  @ Fri, 13 Oct 2023 16:06:10: 111	1	1.5233452662045852e-05 
INFO  @ Fri, 13 Oct 2023 16:06:10: Auto determination of trim5 results: 109 
INFO  @ Fri, 13 Oct 2023 16:06:10: Possible gRNA lengths:20 
INFO  @ Fri, 13 Oct 2023 16:06:10: Processing 0M reads .. 
INFO  @ Fri, 13 Oct 2023 16:06:10: Total: 68712. 
INFO  @ Fri, 13 Oct 2023 16:06:10: Mapped: 66747. 
INFO  @ Fri, 13 Oct 2023 16:06:10: Parsing FASTQ file ../../FASTQ_files/PatuT/PatuT-Cas9-7d-5_R1_001.fastq.gz... 
INFO  @ Fri, 13 Oct 2023 16:06:10: Determining the trim-5 length of FASTQ file ../../FASTQ_files/PatuT/PatuT-Cas9-7d-5_R1_001.fastq.gz... 
INFO  @ Fri, 13 Oct 2023 16:06:10: Possible gRNA lengths:20 
INFO  @ Fri, 13 Oct 2023 16:06:10: Processing 0M reads ... 
INFO  @ Fri, 13 Oct 2023 16:06:13: Read length:209,250,208,206,249,217,207,248,210,224,247,55,41,205,183,216,144,43,179,219,163,147,136,58,65,202,59,203,177,176,50,204,60,47,228,198,236,211,182,189,76,70,150,48,52,46,227,54,108,79,142,57,223,35,188,162,96,229,222,53,81,40,74,213,246,51,122,114,118,200,175,73,201,77,45,97,187,126,64,78,215,63,235 
INFO  @ Fri, 13 Oct 2023 16:06:13: Total tested reads: 48906, mapped: 47004(0.9611090663722243) 
INFO  @ Fri, 13 Oct 2023 16:06:13: --trim-5 test data: (trim_length reads fraction) 
INFO  @ Fri, 13 Oct 2023 16:06:13: 80	46382	0.9867670836524551 
INFO  @ Fri, 13 Oct 2023 16:06:13: 79	406	0.008637562760616118 
INFO  @ Fri, 13 Oct 2023 16:06:13: 81	143	0.0030422942728278446 
INFO  @ Fri, 13 Oct 2023 16:06:13: 78	36	0.0007658922644881287 
INFO  @ Fri, 13 Oct 2023 16:06:13: 77	13	0.00027657220662071315 
INFO  @ Fri, 13 Oct 2023 16:06:13: 76	8	0.00017019828099736192 
INFO  @ Fri, 13 Oct 2023 16:06:13: 74	5	0.00010637392562335121 
INFO  @ Fri, 13 Oct 2023 16:06:13: 75	5	0.00010637392562335121 
INFO  @ Fri, 13 Oct 2023 16:06:13: 73	3	6.382435537401073e-05 
INFO  @ Fri, 13 Oct 2023 16:06:13: 82	1	2.127478512467024e-05 
INFO  @ Fri, 13 Oct 2023 16:06:13: 71	1	2.127478512467024e-05 
INFO  @ Fri, 13 Oct 2023 16:06:13: 72	1	2.127478512467024e-05 
INFO  @ Fri, 13 Oct 2023 16:06:13: Auto determination of trim5 results: 80 
INFO  @ Fri, 13 Oct 2023 16:06:13: Determining the trim-5 length of FASTQ file ../../FASTQ_files/PatuT/PatuT-Cas9-7d-5_R2_001.fastq.gz... 
INFO  @ Fri, 13 Oct 2023 16:06:13: Possible gRNA lengths:20 
INFO  @ Fri, 13 Oct 2023 16:06:13: Processing 0M reads ... 
INFO  @ Fri, 13 Oct 2023 16:06:19: Read length:209,250,206,208,217,249,207,210,224,55,41,205,183,216,144,219,163,147,58,247,65,202,59,203,177,176,50,60,47,248,228,198,236,182,150,189,204,76,70,48,52,46,227,54,108,79,142,57,223,35,188,162,96,229,222,53,81,40,74,213,51,122,114,107,211,200,175,73,201,77,45,97,43,187,126,64,78,215,63,179,235 
INFO  @ Fri, 13 Oct 2023 16:06:19: Total tested reads: 48906, mapped: 46749(0.9558949822107717) 
INFO  @ Fri, 13 Oct 2023 16:06:19: --trim-5 test data: (trim_length reads fraction) 
INFO  @ Fri, 13 Oct 2023 16:06:19: 109	46309	0.990588033968641 
INFO  @ Fri, 13 Oct 2023 16:06:19: 108	227	0.004855718838905645 
INFO  @ Fri, 13 Oct 2023 16:06:19: 110	124	0.0026524631542920703 
INFO  @ Fri, 13 Oct 2023 16:06:19: 117	60	0.001283449913367131 
INFO  @ Fri, 13 Oct 2023 16:06:19: 107	13	0.00027808081456287835 
INFO  @ Fri, 13 Oct 2023 16:06:19: 106	10	0.0002139083188945218 
INFO  @ Fri, 13 Oct 2023 16:06:19: 104	3	6.417249566835655e-05 
INFO  @ Fri, 13 Oct 2023 16:06:19: 105	2	4.278166377890436e-05 
INFO  @ Fri, 13 Oct 2023 16:06:19: 103	1	2.139083188945218e-05 
INFO  @ Fri, 13 Oct 2023 16:06:19: Auto determination of trim5 results: 109 
INFO  @ Fri, 13 Oct 2023 16:06:19: Possible gRNA lengths:20 
INFO  @ Fri, 13 Oct 2023 16:06:19: Processing 0M reads .. 
INFO  @ Fri, 13 Oct 2023 16:06:19: Total: 48906. 
INFO  @ Fri, 13 Oct 2023 16:06:19: Mapped: 47451. 
INFO  @ Fri, 13 Oct 2023 16:06:19: Parsing FASTQ file ../../FASTQ_files/PatuT/pEPIGEN-1_R1_001.fastq.gz... 
INFO  @ Fri, 13 Oct 2023 16:06:19: Determining the trim-5 length of FASTQ file ../../FASTQ_files/PatuT/pEPIGEN-1_R1_001.fastq.gz... 
INFO  @ Fri, 13 Oct 2023 16:06:19: Possible gRNA lengths:20 
INFO  @ Fri, 13 Oct 2023 16:06:19: Processing 0M reads ... 
INFO  @ Fri, 13 Oct 2023 16:06:24: Read length:209,249,208,210,60,239,248,245,250,207,178,205,206,204,117,132,152,244,228,226,183,238,68,202,182,229,63,181,203,149,201,196,199,211,197,247,144,151,225,35,120,55,59,57,65,212,195,180,246,123,139,69,49,56,61,121,200 
INFO  @ Fri, 13 Oct 2023 16:06:24: Total tested reads: 100001, mapped: 96853(0.9685203147968521) 
INFO  @ Fri, 13 Oct 2023 16:06:24: --trim-5 test data: (trim_length reads fraction) 
INFO  @ Fri, 13 Oct 2023 16:06:24: 80	95361	0.9845952112995984 
INFO  @ Fri, 13 Oct 2023 16:06:24: 79	992	0.010242325999194656 
INFO  @ Fri, 13 Oct 2023 16:06:24: 81	357	0.0036859983686617862 
INFO  @ Fri, 13 Oct 2023 16:06:24: 78	63	0.0006504703003520799 
INFO  @ Fri, 13 Oct 2023 16:06:24: 77	28	0.0002890979112675911 
INFO  @ Fri, 13 Oct 2023 16:06:24: 75	18	0.0001858486572434514 
INFO  @ Fri, 13 Oct 2023 16:06:24: 76	11	0.00011357417942655365 
INFO  @ Fri, 13 Oct 2023 16:06:24: 73	10	0.00010324925402413968 
INFO  @ Fri, 13 Oct 2023 16:06:24: 74	6	6.194955241448381e-05 
INFO  @ Fri, 13 Oct 2023 16:06:24: 82	3	3.0974776207241906e-05 
INFO  @ Fri, 13 Oct 2023 16:06:24: 20	2	2.0649850804827935e-05 
INFO  @ Fri, 13 Oct 2023 16:06:24: 71	1	1.0324925402413968e-05 
INFO  @ Fri, 13 Oct 2023 16:06:24: 72	1	1.0324925402413968e-05 
INFO  @ Fri, 13 Oct 2023 16:06:24: Auto determination of trim5 results: 80 
INFO  @ Fri, 13 Oct 2023 16:06:24: Determining the trim-5 length of FASTQ file ../../FASTQ_files/PatuT/pEPIGEN-1_R2_001.fastq.gz... 
INFO  @ Fri, 13 Oct 2023 16:06:24: Possible gRNA lengths:20 
INFO  @ Fri, 13 Oct 2023 16:06:24: Processing 0M reads ... 
INFO  @ Fri, 13 Oct 2023 16:06:38: Read length:250,249,209,208,210,60,239,248,247,245,207,178,205,206,204,132,152,244,228,117,226,183,238,68,202,182,229,63,181,203,149,196,211,246,144,151,225,120,55,243,59,65,212,195,180,139,69,49,240,56,61,197,201,121,200 
INFO  @ Fri, 13 Oct 2023 16:06:38: Total tested reads: 100001, mapped: 91699(0.9169808301916981) 
INFO  @ Fri, 13 Oct 2023 16:06:38: --trim-5 test data: (trim_length reads fraction) 
INFO  @ Fri, 13 Oct 2023 16:06:38: 109	90975	0.9921046031036326 
INFO  @ Fri, 13 Oct 2023 16:06:38: 108	457	0.004983696659723661 
INFO  @ Fri, 13 Oct 2023 16:06:38: 110	202	0.00220285935506385 
INFO  @ Fri, 13 Oct 2023 16:06:38: 107	40	0.00043620977327997034 
INFO  @ Fri, 13 Oct 2023 16:06:38: 106	9	9.814719898799333e-05 
INFO  @ Fri, 13 Oct 2023 16:06:38: 105	5	5.452622165999629e-05 
INFO  @ Fri, 13 Oct 2023 16:06:38: 104	4	4.3620977327997034e-05 
INFO  @ Fri, 13 Oct 2023 16:06:38: 102	4	4.3620977327997034e-05 
INFO  @ Fri, 13 Oct 2023 16:06:38: 112	1	1.0905244331999259e-05 
INFO  @ Fri, 13 Oct 2023 16:06:38: 103	1	1.0905244331999259e-05 
INFO  @ Fri, 13 Oct 2023 16:06:38: 101	1	1.0905244331999259e-05 
INFO  @ Fri, 13 Oct 2023 16:06:38: Auto determination of trim5 results: 109 
INFO  @ Fri, 13 Oct 2023 16:06:38: Possible gRNA lengths:20 
INFO  @ Fri, 13 Oct 2023 16:06:38: Processing 0M reads .. 
INFO  @ Fri, 13 Oct 2023 16:06:38: Total: 100078. 
INFO  @ Fri, 13 Oct 2023 16:06:38: Mapped: 97209. 
INFO  @ Fri, 13 Oct 2023 16:06:38: Parsing FASTQ file ../../FASTQ_files/PatuT/pEPIGEN2_R1_001.fastq.gz... 
INFO  @ Fri, 13 Oct 2023 16:06:38: Determining the trim-5 length of FASTQ file ../../FASTQ_files/PatuT/pEPIGEN2_R1_001.fastq.gz... 
INFO  @ Fri, 13 Oct 2023 16:06:38: Possible gRNA lengths:20 
INFO  @ Fri, 13 Oct 2023 16:06:38: Processing 0M reads ... 
INFO  @ Fri, 13 Oct 2023 16:06:43: Read length:209,250,210,208,229,207,248,239,245,247,203,249,152,57,196,206,204,68,205,200,244,151,35,54,201,65,149,183,246,199,69,176,178,182,202,177,197,212,56,117,211,118,238,63,147,66,240,62,75,150,101,198,64,79,53,121,105,222,52,80 
INFO  @ Fri, 13 Oct 2023 16:06:43: Total tested reads: 100001, mapped: 96870(0.968690313096869) 
INFO  @ Fri, 13 Oct 2023 16:06:43: --trim-5 test data: (trim_length reads fraction) 
INFO  @ Fri, 13 Oct 2023 16:06:43: 80	95391	0.9847321152059462 
INFO  @ Fri, 13 Oct 2023 16:06:43: 79	1012	0.010446990812429028 
INFO  @ Fri, 13 Oct 2023 16:06:43: 81	337	0.0034788892329926705 
INFO  @ Fri, 13 Oct 2023 16:06:43: 78	63	0.0006503561474140601 
INFO  @ Fri, 13 Oct 2023 16:06:43: 76	16	0.00016516981521626922 
INFO  @ Fri, 13 Oct 2023 16:06:43: 77	14	0.00014452358831423557 
INFO  @ Fri, 13 Oct 2023 16:06:43: 75	13	0.00013420047486321874 
INFO  @ Fri, 13 Oct 2023 16:06:43: 74	4	4.1292453804067306e-05 
INFO  @ Fri, 13 Oct 2023 16:06:43: 72	4	4.1292453804067306e-05 
INFO  @ Fri, 13 Oct 2023 16:06:43: 82	4	4.1292453804067306e-05 
INFO  @ Fri, 13 Oct 2023 16:06:43: 20	3	3.096934035305048e-05 
INFO  @ Fri, 13 Oct 2023 16:06:43: 73	3	3.096934035305048e-05 
INFO  @ Fri, 13 Oct 2023 16:06:43: 71	2	2.0646226902033653e-05 
INFO  @ Fri, 13 Oct 2023 16:06:43: 70	1	1.0323113451016826e-05 
INFO  @ Fri, 13 Oct 2023 16:06:43: 83	1	1.0323113451016826e-05 
INFO  @ Fri, 13 Oct 2023 16:06:43: 93	1	1.0323113451016826e-05 
INFO  @ Fri, 13 Oct 2023 16:06:43: 69	1	1.0323113451016826e-05 
INFO  @ Fri, 13 Oct 2023 16:06:43: Auto determination of trim5 results: 80 
INFO  @ Fri, 13 Oct 2023 16:06:43: Determining the trim-5 length of FASTQ file ../../FASTQ_files/PatuT/pEPIGEN2_R2_001.fastq.gz... 
INFO  @ Fri, 13 Oct 2023 16:06:43: Possible gRNA lengths:20 
INFO  @ Fri, 13 Oct 2023 16:06:43: Processing 0M reads ... 
INFO  @ Fri, 13 Oct 2023 16:06:58: Read length:250,209,210,249,229,208,247,207,239,245,248,203,152,57,196,204,68,205,200,244,151,54,206,65,149,183,69,176,178,199,201,202,177,197,211,35,246,212,56,117,118,63,147,66,240,238,62,150,101,198,182,64,79,53,105,222,52,80 
INFO  @ Fri, 13 Oct 2023 16:06:58: Total tested reads: 100001, mapped: 90976(0.9097509024909751) 
INFO  @ Fri, 13 Oct 2023 16:06:58: --trim-5 test data: (trim_length reads fraction) 
INFO  @ Fri, 13 Oct 2023 16:06:58: 109	90258	0.9921078086528315 
INFO  @ Fri, 13 Oct 2023 16:06:58: 108	453	0.004979335209285966 
INFO  @ Fri, 13 Oct 2023 16:06:58: 110	205	0.0022533415406260993 
INFO  @ Fri, 13 Oct 2023 16:06:58: 107	32	0.00035174111853675694 
INFO  @ Fri, 13 Oct 2023 16:06:58: 105	8	8.793527963418924e-05 
INFO  @ Fri, 13 Oct 2023 16:06:58: 106	8	8.793527963418924e-05 
INFO  @ Fri, 13 Oct 2023 16:06:58: 104	5	5.4959549771368275e-05 
INFO  @ Fri, 13 Oct 2023 16:06:58: 103	2	2.198381990854731e-05 
INFO  @ Fri, 13 Oct 2023 16:06:58: 102	2	2.198381990854731e-05 
INFO  @ Fri, 13 Oct 2023 16:06:58: 1	1	1.0991909954273654e-05 
INFO  @ Fri, 13 Oct 2023 16:06:58: 98	1	1.0991909954273654e-05 
INFO  @ Fri, 13 Oct 2023 16:06:58: 101	1	1.0991909954273654e-05 
INFO  @ Fri, 13 Oct 2023 16:06:58: Auto determination of trim5 results: 109 
INFO  @ Fri, 13 Oct 2023 16:06:58: Possible gRNA lengths:20 
INFO  @ Fri, 13 Oct 2023 16:06:58: Processing 0M reads .. 
INFO  @ Fri, 13 Oct 2023 16:06:59: Total: 100125. 
INFO  @ Fri, 13 Oct 2023 16:06:59: Mapped: 97265. 
DEBUG @ Fri, 13 Oct 2023 16:06:59: Initial (total) size factor: 1.3682751622479294 0.9861546306671408 0.9404821894491663 0.8808464127618164 1.1391926273424677 1.0701180693526617 1.03834113249269 1.081310443006544 1.0308201734275837 0.9362301853981074 0.8491496976927587 1.2792450325794031 1.1161036174999288 1.0362254659605763 1.4576076621455942 0.7115075885614561 0.7110979404356201 
DEBUG @ Fri, 13 Oct 2023 16:06:59: Median factor: 1.3687941987150085 0.9896290961292845 0.9339018216520952 0.8844076902964522 1.1394128273579958 1.0757201752870234 1.0357949954997108 1.0762112686018945 1.033213039032537 0.9283211874764256 0.8478491300502494 1.2703829688288348 1.1103383380962308 1.0403358441371546 1.4466428995696667 0.7570838820904525 0.7480760915750765 
INFO  @ Fri, 13 Oct 2023 16:06:59: Final size factor: 1.3687941987150085 0.9896290961292845 0.9339018216520952 0.8844076902964522 1.1394128273579958 1.0757201752870234 1.0357949954997108 1.0762112686018945 1.033213039032537 0.9283211874764256 0.8478491300502494 1.2703829688288348 1.1103383380962308 1.0403358441371546 1.4466428995696667 0.7570838820904525 0.7480760915750765 
INFO  @ Fri, 13 Oct 2023 16:06:59: Summary of file ../../FASTQ_files/PatuT/PatuT-Cas9-14d-1_R1_001.fastq.gz: 
INFO  @ Fri, 13 Oct 2023 16:06:59: label	day14_Cas9_r1 
INFO  @ Fri, 13 Oct 2023 16:06:59: reads	52057 
INFO  @ Fri, 13 Oct 2023 16:06:59: mappedreads	50549 
INFO  @ Fri, 13 Oct 2023 16:06:59: totalsgrnas	1574 
INFO  @ Fri, 13 Oct 2023 16:06:59: zerosgrnas	73 
INFO  @ Fri, 13 Oct 2023 16:06:59: giniindex	0.16181729057225658 
INFO  @ Fri, 13 Oct 2023 16:06:59: Summary of file ../../FASTQ_files/PatuT/PatuT-Cas9-14d-2_R1_001.fastq.gz: 
INFO  @ Fri, 13 Oct 2023 16:06:59: label	day14_Cas9_r2 
INFO  @ Fri, 13 Oct 2023 16:06:59: reads	72159 
INFO  @ Fri, 13 Oct 2023 16:06:59: mappedreads	70136 
INFO  @ Fri, 13 Oct 2023 16:06:59: totalsgrnas	1574 
INFO  @ Fri, 13 Oct 2023 16:06:59: zerosgrnas	85 
INFO  @ Fri, 13 Oct 2023 16:06:59: giniindex	0.15973904140391448 
INFO  @ Fri, 13 Oct 2023 16:06:59: Summary of file ../../FASTQ_files/PatuT/PatuT-Cas9-14d-3_R1_001.fastq.gz: 
INFO  @ Fri, 13 Oct 2023 16:06:59: label	day14_Cas9_r3 
INFO  @ Fri, 13 Oct 2023 16:06:59: reads	75894 
INFO  @ Fri, 13 Oct 2023 16:06:59: mappedreads	73542 
INFO  @ Fri, 13 Oct 2023 16:06:59: totalsgrnas	1574 
INFO  @ Fri, 13 Oct 2023 16:06:59: zerosgrnas	74 
INFO  @ Fri, 13 Oct 2023 16:06:59: giniindex	0.15134068144382762 
INFO  @ Fri, 13 Oct 2023 16:06:59: Summary of file ../../FASTQ_files/PatuT/PatuT-Cas9-14d-4_R1_001.fastq.gz: 
INFO  @ Fri, 13 Oct 2023 16:06:59: label	day14_Cas9_r4 
INFO  @ Fri, 13 Oct 2023 16:06:59: reads	80783 
INFO  @ Fri, 13 Oct 2023 16:06:59: mappedreads	78521 
INFO  @ Fri, 13 Oct 2023 16:06:59: totalsgrnas	1574 
INFO  @ Fri, 13 Oct 2023 16:06:59: zerosgrnas	79 
INFO  @ Fri, 13 Oct 2023 16:06:59: giniindex	0.15228758813380927 
INFO  @ Fri, 13 Oct 2023 16:06:59: Summary of file ../../FASTQ_files/PatuT/PatuT-Cas9-14d-5_R1_001.fastq.gz: 
INFO  @ Fri, 13 Oct 2023 16:06:59: label	day14_Cas9_r5 
INFO  @ Fri, 13 Oct 2023 16:06:59: reads	62168 
INFO  @ Fri, 13 Oct 2023 16:06:59: mappedreads	60714 
INFO  @ Fri, 13 Oct 2023 16:06:59: totalsgrnas	1574 
INFO  @ Fri, 13 Oct 2023 16:06:59: zerosgrnas	90 
INFO  @ Fri, 13 Oct 2023 16:06:59: giniindex	0.1606486769502694 
INFO  @ Fri, 13 Oct 2023 16:06:59: Summary of file ../../FASTQ_files/PatuT/PatuT-Cas9-21d-1_R1_001.fastq.gz: 
INFO  @ Fri, 13 Oct 2023 16:06:59: label	day21_Cas9_r1 
INFO  @ Fri, 13 Oct 2023 16:06:59: reads	66029 
INFO  @ Fri, 13 Oct 2023 16:06:59: mappedreads	64633 
INFO  @ Fri, 13 Oct 2023 16:06:59: totalsgrnas	1574 
INFO  @ Fri, 13 Oct 2023 16:06:59: zerosgrnas	81 
INFO  @ Fri, 13 Oct 2023 16:06:59: giniindex	0.1568835470680967 
INFO  @ Fri, 13 Oct 2023 16:06:59: Summary of file ../../FASTQ_files/PatuT/PatuT-Cas9-21d-2_R1_001.fastq.gz: 
INFO  @ Fri, 13 Oct 2023 16:06:59: label	day21_Cas9_r2 
INFO  @ Fri, 13 Oct 2023 16:06:59: reads	67907 
INFO  @ Fri, 13 Oct 2023 16:06:59: mappedreads	66611 
INFO  @ Fri, 13 Oct 2023 16:06:59: totalsgrnas	1574 
INFO  @ Fri, 13 Oct 2023 16:06:59: zerosgrnas	77 
INFO  @ Fri, 13 Oct 2023 16:06:59: giniindex	0.15549176843659163 
INFO  @ Fri, 13 Oct 2023 16:06:59: Summary of file ../../FASTQ_files/PatuT/PatuT-Cas9-21d-3_R1_001.fastq.gz: 
INFO  @ Fri, 13 Oct 2023 16:06:59: label	day21_Cas9_r3 
INFO  @ Fri, 13 Oct 2023 16:06:59: reads	65145 
INFO  @ Fri, 13 Oct 2023 16:06:59: mappedreads	63964 
INFO  @ Fri, 13 Oct 2023 16:06:59: totalsgrnas	1574 
INFO  @ Fri, 13 Oct 2023 16:06:59: zerosgrnas	83 
INFO  @ Fri, 13 Oct 2023 16:06:59: giniindex	0.15604693508812617 
INFO  @ Fri, 13 Oct 2023 16:06:59: Summary of file ../../FASTQ_files/PatuT/PatuT-Cas9-21d-4_R1_001.fastq.gz: 
INFO  @ Fri, 13 Oct 2023 16:06:59: label	day21_Cas9_r4 
INFO  @ Fri, 13 Oct 2023 16:06:59: reads	68503 
INFO  @ Fri, 13 Oct 2023 16:06:59: mappedreads	67097 
INFO  @ Fri, 13 Oct 2023 16:06:59: totalsgrnas	1574 
INFO  @ Fri, 13 Oct 2023 16:06:59: zerosgrnas	88 
INFO  @ Fri, 13 Oct 2023 16:06:59: giniindex	0.15808564630386313 
INFO  @ Fri, 13 Oct 2023 16:06:59: Summary of file ../../FASTQ_files/PatuT/PatuT-Cas9-21d-5_R1_001.fastq.gz: 
INFO  @ Fri, 13 Oct 2023 16:06:59: label	day21_Cas9_r5 
INFO  @ Fri, 13 Oct 2023 16:06:59: reads	75363 
INFO  @ Fri, 13 Oct 2023 16:06:59: mappedreads	73876 
INFO  @ Fri, 13 Oct 2023 16:06:59: totalsgrnas	1574 
INFO  @ Fri, 13 Oct 2023 16:06:59: zerosgrnas	82 
INFO  @ Fri, 13 Oct 2023 16:06:59: giniindex	0.15252525196966993 
INFO  @ Fri, 13 Oct 2023 16:06:59: Summary of file ../../FASTQ_files/PatuT/PatuT-Cas9-7d-1_R1_001.fastq.gz: 
INFO  @ Fri, 13 Oct 2023 16:06:59: label	day7_Cas9_r1 
INFO  @ Fri, 13 Oct 2023 16:06:59: reads	83523 
INFO  @ Fri, 13 Oct 2023 16:06:59: mappedreads	81452 
INFO  @ Fri, 13 Oct 2023 16:06:59: totalsgrnas	1574 
INFO  @ Fri, 13 Oct 2023 16:06:59: zerosgrnas	81 
INFO  @ Fri, 13 Oct 2023 16:06:59: giniindex	0.15226075432251018 
INFO  @ Fri, 13 Oct 2023 16:06:59: Summary of file ../../FASTQ_files/PatuT/PatuT-Cas9-7d-2_R1_001.fastq.gz: 
INFO  @ Fri, 13 Oct 2023 16:06:59: label	day7_Cas9_r2 
INFO  @ Fri, 13 Oct 2023 16:06:59: reads	55712 
INFO  @ Fri, 13 Oct 2023 16:06:59: mappedreads	54067 
INFO  @ Fri, 13 Oct 2023 16:06:59: totalsgrnas	1574 
INFO  @ Fri, 13 Oct 2023 16:06:59: zerosgrnas	82 
INFO  @ Fri, 13 Oct 2023 16:06:59: giniindex	0.16125095707261883 
INFO  @ Fri, 13 Oct 2023 16:06:59: Summary of file ../../FASTQ_files/PatuT/PatuT-Cas9-7d-3_R1_001.fastq.gz: 
INFO  @ Fri, 13 Oct 2023 16:06:59: label	day7_Cas9_r3 
INFO  @ Fri, 13 Oct 2023 16:06:59: reads	63917 
INFO  @ Fri, 13 Oct 2023 16:06:59: mappedreads	61970 
INFO  @ Fri, 13 Oct 2023 16:06:59: totalsgrnas	1574 
INFO  @ Fri, 13 Oct 2023 16:06:59: zerosgrnas	83 
INFO  @ Fri, 13 Oct 2023 16:06:59: giniindex	0.15478403814692487 
INFO  @ Fri, 13 Oct 2023 16:06:59: Summary of file ../../FASTQ_files/PatuT/PatuT-Cas9-7d-4_R1_001.fastq.gz: 
INFO  @ Fri, 13 Oct 2023 16:06:59: label	day7_Cas9_r4 
INFO  @ Fri, 13 Oct 2023 16:06:59: reads	68712 
INFO  @ Fri, 13 Oct 2023 16:06:59: mappedreads	66747 
INFO  @ Fri, 13 Oct 2023 16:06:59: totalsgrnas	1574 
INFO  @ Fri, 13 Oct 2023 16:06:59: zerosgrnas	77 
INFO  @ Fri, 13 Oct 2023 16:06:59: giniindex	0.1538705717122909 
INFO  @ Fri, 13 Oct 2023 16:06:59: Summary of file ../../FASTQ_files/PatuT/PatuT-Cas9-7d-5_R1_001.fastq.gz: 
INFO  @ Fri, 13 Oct 2023 16:06:59: label	day7_Cas9_r5 
INFO  @ Fri, 13 Oct 2023 16:06:59: reads	48906 
INFO  @ Fri, 13 Oct 2023 16:06:59: mappedreads	47451 
INFO  @ Fri, 13 Oct 2023 16:06:59: totalsgrnas	1574 
INFO  @ Fri, 13 Oct 2023 16:06:59: zerosgrnas	85 
INFO  @ Fri, 13 Oct 2023 16:06:59: giniindex	0.16740017969290388 
INFO  @ Fri, 13 Oct 2023 16:06:59: Summary of file ../../FASTQ_files/PatuT/pEPIGEN-1_R1_001.fastq.gz: 
INFO  @ Fri, 13 Oct 2023 16:06:59: label	day0_r1 
INFO  @ Fri, 13 Oct 2023 16:06:59: reads	100078 
INFO  @ Fri, 13 Oct 2023 16:06:59: mappedreads	97209 
INFO  @ Fri, 13 Oct 2023 16:06:59: totalsgrnas	1574 
INFO  @ Fri, 13 Oct 2023 16:06:59: zerosgrnas	50 
INFO  @ Fri, 13 Oct 2023 16:06:59: giniindex	0.15019083072564976 
INFO  @ Fri, 13 Oct 2023 16:06:59: Summary of file ../../FASTQ_files/PatuT/pEPIGEN2_R1_001.fastq.gz: 
INFO  @ Fri, 13 Oct 2023 16:06:59: label	day0_r2 
INFO  @ Fri, 13 Oct 2023 16:06:59: reads	100125 
INFO  @ Fri, 13 Oct 2023 16:06:59: mappedreads	97265 
INFO  @ Fri, 13 Oct 2023 16:06:59: totalsgrnas	1574 
INFO  @ Fri, 13 Oct 2023 16:06:59: zerosgrnas	54 
INFO  @ Fri, 13 Oct 2023 16:06:59: giniindex	0.150964805973533 
INFO  @ Fri, 13 Oct 2023 16:06:59: Loading Rnw template file: /home/antonio_gt/anaconda3/envs/mamba/envs/mageck-vispr/lib/python3.10/site-packages/mageck/count_report.Rmd. 
DEBUG @ Fri, 13 Oct 2023 16:06:59: Setting up the visualization module... 
INFO  @ Fri, 13 Oct 2023 16:06:59: Loading Rnw template file: /home/antonio_gt/anaconda3/envs/mamba/envs/mageck-vispr/lib/python3.10/site-packages/mageck/fastq_template.Rnw. 
DEBUG @ Fri, 13 Oct 2023 16:06:59: Setting up the visualization module... 
