Building DAG of jobs...
Using shell: /usr/bin/bash
Provided cores: 4
Rules claiming more threads will be scaled down.
Job stats:
job                count
---------------  -------
all                    1
annotate_sgrnas        1
fastqc                17
fastqc_paired         17
mageck_count           1
mageck_rra             3
vispr                  3
total                 43

Select jobs to execute...

[Fri Sep 29 11:05:46 2023]
rule fastqc_paired:
    input: ../../FASTQ_files/PatuT/PatuT-Cas9-21d-4_R2_001.fastq.gz
    output: results/qc/day21_Cas9_r4_0_R2
    log: logs/fastqc/day21_Cas9_r4_0_R2.log
    jobid: 30
    reason: Missing output files: results/qc/day21_Cas9_r4_0_R2
    wildcards: replicate=day21_Cas9_r4_0
    resources: tmpdir=/tmp


[Fri Sep 29 11:05:46 2023]
rule fastqc:
    input: ../../FASTQ_files/PatuT/PatuT-Cas9-7d-5_R1_001.fastq.gz
    output: results/qc/day7_Cas9_r5_0
    log: logs/fastqc/day7_Cas9_r5_0.log
    jobid: 19
    reason: Missing output files: results/qc/day7_Cas9_r5_0
    wildcards: replicate=day7_Cas9_r5_0
    resources: tmpdir=/tmp


[Fri Sep 29 11:05:46 2023]
rule fastqc:
    input: ../../FASTQ_files/PatuT/PatuT-Cas9-21d-2_R1_001.fastq.gz
    output: results/qc/day21_Cas9_r2_0
    log: logs/fastqc/day21_Cas9_r2_0.log
    jobid: 11
    reason: Missing output files: results/qc/day21_Cas9_r2_0
    wildcards: replicate=day21_Cas9_r2_0
    resources: tmpdir=/tmp


[Fri Sep 29 11:05:46 2023]
rule fastqc:
    input: ../../FASTQ_files/PatuT/pEPIGEN-1_R1_001.fastq.gz
    output: results/qc/day0_r1_0
    log: logs/fastqc/day0_r1_0.log
    jobid: 20
    reason: Missing output files: results/qc/day0_r1_0
    wildcards: replicate=day0_r1_0
    resources: tmpdir=/tmp

[Fri Sep 29 11:05:55 2023]
Finished job 20.
1 of 43 steps (2%) done
Select jobs to execute...

[Fri Sep 29 11:05:55 2023]
rule fastqc_paired:
    input: ../../FASTQ_files/PatuT/PatuT-Cas9-7d-1_R2_001.fastq.gz
    output: results/qc/day7_Cas9_r1_0_R2
    log: logs/fastqc/day7_Cas9_r1_0_R2.log
    jobid: 32
    reason: Missing output files: results/qc/day7_Cas9_r1_0_R2
    wildcards: replicate=day7_Cas9_r1_0
    resources: tmpdir=/tmp

[Fri Sep 29 11:05:55 2023]
Finished job 19.
2 of 43 steps (5%) done
Select jobs to execute...

[Fri Sep 29 11:05:55 2023]
rule fastqc:
    input: ../../FASTQ_files/PatuT/pEPIGEN2_R1_001.fastq.gz
    output: results/qc/day0_r2_0
    log: logs/fastqc/day0_r2_0.log
    jobid: 21
    reason: Missing output files: results/qc/day0_r2_0
    wildcards: replicate=day0_r2_0
    resources: tmpdir=/tmp

[Fri Sep 29 11:05:55 2023]
Finished job 11.
3 of 43 steps (7%) done
Select jobs to execute...

[Fri Sep 29 11:05:55 2023]
rule fastqc:
    input: ../../FASTQ_files/PatuT/PatuT-Cas9-21d-5_R1_001.fastq.gz
    output: results/qc/day21_Cas9_r5_0
    log: logs/fastqc/day21_Cas9_r5_0.log
    jobid: 14
    reason: Missing output files: results/qc/day21_Cas9_r5_0
    wildcards: replicate=day21_Cas9_r5_0
    resources: tmpdir=/tmp

[Fri Sep 29 11:05:56 2023]
Finished job 30.
4 of 43 steps (9%) done
Select jobs to execute...

[Fri Sep 29 11:05:56 2023]
rule fastqc_paired:
    input: ../../FASTQ_files/PatuT/PatuT-Cas9-14d-4_R2_001.fastq.gz
    output: results/qc/day14_Cas9_r4_0_R2
    log: logs/fastqc/day14_Cas9_r4_0_R2.log
    jobid: 25
    reason: Missing output files: results/qc/day14_Cas9_r4_0_R2
    wildcards: replicate=day14_Cas9_r4_0
    resources: tmpdir=/tmp

[Fri Sep 29 11:06:03 2023]
Finished job 14.
5 of 43 steps (12%) done
Select jobs to execute...

[Fri Sep 29 11:06:03 2023]
rule fastqc:
    input: ../../FASTQ_files/PatuT/PatuT-Cas9-14d-2_R1_001.fastq.gz
    output: results/qc/day14_Cas9_r2_0
    log: logs/fastqc/day14_Cas9_r2_0.log
    jobid: 6
    reason: Missing output files: results/qc/day14_Cas9_r2_0
    wildcards: replicate=day14_Cas9_r2_0
    resources: tmpdir=/tmp

[Fri Sep 29 11:06:04 2023]
Finished job 32.
6 of 43 steps (14%) done
Select jobs to execute...

[Fri Sep 29 11:06:05 2023]
rule fastqc_paired:
    input: ../../FASTQ_files/PatuT/PatuT-Cas9-7d-5_R2_001.fastq.gz
    output: results/qc/day7_Cas9_r5_0_R2
    log: logs/fastqc/day7_Cas9_r5_0_R2.log
    jobid: 36
    reason: Missing output files: results/qc/day7_Cas9_r5_0_R2
    wildcards: replicate=day7_Cas9_r5_0
    resources: tmpdir=/tmp

[Fri Sep 29 11:06:05 2023]
Finished job 21.
7 of 43 steps (16%) done
Select jobs to execute...

[Fri Sep 29 11:06:05 2023]
rule fastqc_paired:
    input: ../../FASTQ_files/PatuT/PatuT-Cas9-21d-5_R2_001.fastq.gz
    output: results/qc/day21_Cas9_r5_0_R2
    log: logs/fastqc/day21_Cas9_r5_0_R2.log
    jobid: 31
    reason: Missing output files: results/qc/day21_Cas9_r5_0_R2
    wildcards: replicate=day21_Cas9_r5_0
    resources: tmpdir=/tmp

[Fri Sep 29 11:06:05 2023]
Finished job 25.
8 of 43 steps (19%) done
Select jobs to execute...

[Fri Sep 29 11:06:05 2023]
rule fastqc:
    input: ../../FASTQ_files/PatuT/PatuT-Cas9-7d-1_R1_001.fastq.gz
    output: results/qc/day7_Cas9_r1_0
    log: logs/fastqc/day7_Cas9_r1_0.log
    jobid: 15
    reason: Missing output files: results/qc/day7_Cas9_r1_0
    wildcards: replicate=day7_Cas9_r1_0
    resources: tmpdir=/tmp

[Fri Sep 29 11:06:11 2023]
Finished job 6.
9 of 43 steps (21%) done
Select jobs to execute...

[Fri Sep 29 11:06:11 2023]
rule fastqc_paired:
    input: ../../FASTQ_files/PatuT/PatuT-Cas9-21d-3_R2_001.fastq.gz
    output: results/qc/day21_Cas9_r3_0_R2
    log: logs/fastqc/day21_Cas9_r3_0_R2.log
    jobid: 29
    reason: Missing output files: results/qc/day21_Cas9_r3_0_R2
    wildcards: replicate=day21_Cas9_r3_0
    resources: tmpdir=/tmp

[Fri Sep 29 11:06:12 2023]
Finished job 36.
10 of 43 steps (23%) done
Select jobs to execute...

[Fri Sep 29 11:06:12 2023]
rule fastqc:
    input: ../../FASTQ_files/PatuT/PatuT-Cas9-14d-3_R1_001.fastq.gz
    output: results/qc/day14_Cas9_r3_0
    log: logs/fastqc/day14_Cas9_r3_0.log
    jobid: 7
    reason: Missing output files: results/qc/day14_Cas9_r3_0
    wildcards: replicate=day14_Cas9_r3_0
    resources: tmpdir=/tmp

[Fri Sep 29 11:06:13 2023]
Finished job 31.
11 of 43 steps (26%) done
Select jobs to execute...

[Fri Sep 29 11:06:13 2023]
rule fastqc_paired:
    input: ../../FASTQ_files/PatuT/PatuT-Cas9-7d-2_R2_001.fastq.gz
    output: results/qc/day7_Cas9_r2_0_R2
    log: logs/fastqc/day7_Cas9_r2_0_R2.log
    jobid: 33
    reason: Missing output files: results/qc/day7_Cas9_r2_0_R2
    wildcards: replicate=day7_Cas9_r2_0
    resources: tmpdir=/tmp

[Fri Sep 29 11:06:14 2023]
Finished job 15.
12 of 43 steps (28%) done
Select jobs to execute...

[Fri Sep 29 11:06:14 2023]
rule fastqc_paired:
    input: ../../FASTQ_files/PatuT/PatuT-Cas9-14d-1_R2_001.fastq.gz
    output: results/qc/day14_Cas9_r1_0_R2
    log: logs/fastqc/day14_Cas9_r1_0_R2.log
    jobid: 22
    reason: Missing output files: results/qc/day14_Cas9_r1_0_R2
    wildcards: replicate=day14_Cas9_r1_0
    resources: tmpdir=/tmp

[Fri Sep 29 11:06:19 2023]
Finished job 29.
13 of 43 steps (30%) done
Select jobs to execute...

[Fri Sep 29 11:06:19 2023]
rule fastqc:
    input: ../../FASTQ_files/PatuT/PatuT-Cas9-7d-2_R1_001.fastq.gz
    output: results/qc/day7_Cas9_r2_0
    log: logs/fastqc/day7_Cas9_r2_0.log
    jobid: 16
    reason: Missing output files: results/qc/day7_Cas9_r2_0
    wildcards: replicate=day7_Cas9_r2_0
    resources: tmpdir=/tmp

[Fri Sep 29 11:06:22 2023]
Finished job 22.
14 of 43 steps (33%) done
Select jobs to execute...

[Fri Sep 29 11:06:22 2023]
rule annotate_sgrnas:
    input: ../../data/library.csv
    output: annotation/sgrnas.bed
    log: logs/annotation/sgrnas.log
    jobid: 2
    reason: Missing output files: annotation/sgrnas.bed
    resources: tmpdir=/tmp

[Fri Sep 29 11:06:22 2023]
Finished job 33.
15 of 43 steps (35%) done
Select jobs to execute...

[Fri Sep 29 11:06:22 2023]
rule fastqc:
    input: ../../FASTQ_files/PatuT/PatuT-Cas9-14d-5_R1_001.fastq.gz
    output: results/qc/day14_Cas9_r5_0
    log: logs/fastqc/day14_Cas9_r5_0.log
    jobid: 9
    reason: Missing output files: results/qc/day14_Cas9_r5_0
    wildcards: replicate=day14_Cas9_r5_0
    resources: tmpdir=/tmp

[Fri Sep 29 11:06:22 2023]
Finished job 7.
16 of 43 steps (37%) done
Select jobs to execute...

[Fri Sep 29 11:06:22 2023]
rule fastqc_paired:
    input: ../../FASTQ_files/PatuT/PatuT-Cas9-7d-3_R2_001.fastq.gz
    output: results/qc/day7_Cas9_r3_0_R2
    log: logs/fastqc/day7_Cas9_r3_0_R2.log
    jobid: 34
    reason: Missing output files: results/qc/day7_Cas9_r3_0_R2
    wildcards: replicate=day7_Cas9_r3_0
    resources: tmpdir=/tmp

[Fri Sep 29 11:06:27 2023]
Finished job 16.
17 of 43 steps (40%) done
Select jobs to execute...

[Fri Sep 29 11:06:27 2023]
rule fastqc:
    input: ../../FASTQ_files/PatuT/PatuT-Cas9-21d-3_R1_001.fastq.gz
    output: results/qc/day21_Cas9_r3_0
    log: logs/fastqc/day21_Cas9_r3_0.log
    jobid: 12
    reason: Missing output files: results/qc/day21_Cas9_r3_0
    wildcards: replicate=day21_Cas9_r3_0
    resources: tmpdir=/tmp

[Fri Sep 29 11:06:29 2023]
Finished job 9.
18 of 43 steps (42%) done
Select jobs to execute...

[Fri Sep 29 11:06:29 2023]
rule mageck_count:
    input: ../../FASTQ_files/PatuT/PatuT-Cas9-14d-1_R1_001.fastq.gz, ../../FASTQ_files/PatuT/PatuT-Cas9-14d-2_R1_001.fastq.gz, ../../FASTQ_files/PatuT/PatuT-Cas9-14d-3_R1_001.fastq.gz, ../../FASTQ_files/PatuT/PatuT-Cas9-14d-4_R1_001.fastq.gz, ../../FASTQ_files/PatuT/PatuT-Cas9-14d-5_R1_001.fastq.gz, ../../FASTQ_files/PatuT/PatuT-Cas9-21d-1_R1_001.fastq.gz, ../../FASTQ_files/PatuT/PatuT-Cas9-21d-2_R1_001.fastq.gz, ../../FASTQ_files/PatuT/PatuT-Cas9-21d-3_R1_001.fastq.gz, ../../FASTQ_files/PatuT/PatuT-Cas9-21d-4_R1_001.fastq.gz, ../../FASTQ_files/PatuT/PatuT-Cas9-21d-5_R1_001.fastq.gz, ../../FASTQ_files/PatuT/PatuT-Cas9-7d-1_R1_001.fastq.gz, ../../FASTQ_files/PatuT/PatuT-Cas9-7d-2_R1_001.fastq.gz, ../../FASTQ_files/PatuT/PatuT-Cas9-7d-3_R1_001.fastq.gz, ../../FASTQ_files/PatuT/PatuT-Cas9-7d-4_R1_001.fastq.gz, ../../FASTQ_files/PatuT/PatuT-Cas9-7d-5_R1_001.fastq.gz, ../../FASTQ_files/PatuT/pEPIGEN-1_R1_001.fastq.gz, ../../FASTQ_files/PatuT/pEPIGEN2_R1_001.fastq.gz, ../../data/library.csv
    output: results/count/all.count.txt, results/count/all.count_normalized.txt, results/count/all.countsummary.txt
    log: logs/mageck/count/all.log
    jobid: 4
    reason: Missing output files: results/count/all.count.txt, results/count/all.countsummary.txt, results/count/all.count_normalized.txt
    resources: tmpdir=/tmp

[Fri Sep 29 11:06:30 2023]
Finished job 34.
19 of 43 steps (44%) done
Select jobs to execute...

[Fri Sep 29 11:06:30 2023]
rule fastqc:
    input: ../../FASTQ_files/PatuT/PatuT-Cas9-14d-4_R1_001.fastq.gz
    output: results/qc/day14_Cas9_r4_0
    log: logs/fastqc/day14_Cas9_r4_0.log
    jobid: 8
    reason: Missing output files: results/qc/day14_Cas9_r4_0
    wildcards: replicate=day14_Cas9_r4_0
    resources: tmpdir=/tmp

[Fri Sep 29 11:06:34 2023]
Finished job 12.
20 of 43 steps (47%) done
Select jobs to execute...

[Fri Sep 29 11:06:34 2023]
rule fastqc_paired:
    input: ../../FASTQ_files/PatuT/pEPIGEN-1_R2_001.fastq.gz
    output: results/qc/day0_r1_0_R2
    log: logs/fastqc/day0_r1_0_R2.log
    jobid: 37
    reason: Missing output files: results/qc/day0_r1_0_R2
    wildcards: replicate=day0_r1_0
    resources: tmpdir=/tmp

[Fri Sep 29 11:06:38 2023]
Finished job 8.
21 of 43 steps (49%) done
Select jobs to execute...

[Fri Sep 29 11:06:38 2023]
rule fastqc:
    input: ../../FASTQ_files/PatuT/PatuT-Cas9-21d-4_R1_001.fastq.gz
    output: results/qc/day21_Cas9_r4_0
    log: logs/fastqc/day21_Cas9_r4_0.log
    jobid: 13
    reason: Missing output files: results/qc/day21_Cas9_r4_0
    wildcards: replicate=day21_Cas9_r4_0
    resources: tmpdir=/tmp

[Fri Sep 29 11:06:43 2023]
Finished job 37.
22 of 43 steps (51%) done
Select jobs to execute...

[Fri Sep 29 11:06:43 2023]
rule fastqc:
    input: ../../FASTQ_files/PatuT/PatuT-Cas9-7d-3_R1_001.fastq.gz
    output: results/qc/day7_Cas9_r3_0
    log: logs/fastqc/day7_Cas9_r3_0.log
    jobid: 17
    reason: Missing output files: results/qc/day7_Cas9_r3_0
    wildcards: replicate=day7_Cas9_r3_0
    resources: tmpdir=/tmp

[Fri Sep 29 11:06:47 2023]
Finished job 13.
23 of 43 steps (53%) done
Select jobs to execute...

[Fri Sep 29 11:06:47 2023]
rule fastqc_paired:
    input: ../../FASTQ_files/PatuT/pEPIGEN2_R2_001.fastq.gz
    output: results/qc/day0_r2_0_R2
    log: logs/fastqc/day0_r2_0_R2.log
    jobid: 38
    reason: Missing output files: results/qc/day0_r2_0_R2
    wildcards: replicate=day0_r2_0
    resources: tmpdir=/tmp

[Fri Sep 29 11:06:51 2023]
Finished job 17.
24 of 43 steps (56%) done
Select jobs to execute...

[Fri Sep 29 11:06:51 2023]
rule fastqc:
    input: ../../FASTQ_files/PatuT/PatuT-Cas9-21d-1_R1_001.fastq.gz
    output: results/qc/day21_Cas9_r1_0
    log: logs/fastqc/day21_Cas9_r1_0.log
    jobid: 10
    reason: Missing output files: results/qc/day21_Cas9_r1_0
    wildcards: replicate=day21_Cas9_r1_0
    resources: tmpdir=/tmp

[Fri Sep 29 11:06:56 2023]
Finished job 38.
25 of 43 steps (58%) done
Select jobs to execute...

[Fri Sep 29 11:06:56 2023]
rule fastqc_paired:
    input: ../../FASTQ_files/PatuT/PatuT-Cas9-21d-1_R2_001.fastq.gz
    output: results/qc/day21_Cas9_r1_0_R2
    log: logs/fastqc/day21_Cas9_r1_0_R2.log
    jobid: 27
    reason: Missing output files: results/qc/day21_Cas9_r1_0_R2
    wildcards: replicate=day21_Cas9_r1_0
    resources: tmpdir=/tmp

[Fri Sep 29 11:06:58 2023]
Finished job 10.
26 of 43 steps (60%) done
Select jobs to execute...

[Fri Sep 29 11:06:58 2023]
rule fastqc_paired:
    input: ../../FASTQ_files/PatuT/PatuT-Cas9-14d-5_R2_001.fastq.gz
    output: results/qc/day14_Cas9_r5_0_R2
    log: logs/fastqc/day14_Cas9_r5_0_R2.log
    jobid: 26
    reason: Missing output files: results/qc/day14_Cas9_r5_0_R2
    wildcards: replicate=day14_Cas9_r5_0
    resources: tmpdir=/tmp

[Fri Sep 29 11:07:04 2023]
Finished job 27.
27 of 43 steps (63%) done
Select jobs to execute...

[Fri Sep 29 11:07:04 2023]
rule fastqc_paired:
    input: ../../FASTQ_files/PatuT/PatuT-Cas9-21d-2_R2_001.fastq.gz
    output: results/qc/day21_Cas9_r2_0_R2
    log: logs/fastqc/day21_Cas9_r2_0_R2.log
    jobid: 28
    reason: Missing output files: results/qc/day21_Cas9_r2_0_R2
    wildcards: replicate=day21_Cas9_r2_0
    resources: tmpdir=/tmp

[Fri Sep 29 11:07:06 2023]
Finished job 26.
28 of 43 steps (65%) done
Select jobs to execute...

[Fri Sep 29 11:07:06 2023]
rule fastqc:
    input: ../../FASTQ_files/PatuT/PatuT-Cas9-7d-4_R1_001.fastq.gz
    output: results/qc/day7_Cas9_r4_0
    log: logs/fastqc/day7_Cas9_r4_0.log
    jobid: 18
    reason: Missing output files: results/qc/day7_Cas9_r4_0
    wildcards: replicate=day7_Cas9_r4_0
    resources: tmpdir=/tmp

[Fri Sep 29 11:07:11 2023]
Finished job 28.
29 of 43 steps (67%) done
Select jobs to execute...

[Fri Sep 29 11:07:11 2023]
rule fastqc_paired:
    input: ../../FASTQ_files/PatuT/PatuT-Cas9-7d-4_R2_001.fastq.gz
    output: results/qc/day7_Cas9_r4_0_R2
    log: logs/fastqc/day7_Cas9_r4_0_R2.log
    jobid: 35
    reason: Missing output files: results/qc/day7_Cas9_r4_0_R2
    wildcards: replicate=day7_Cas9_r4_0
    resources: tmpdir=/tmp

[Fri Sep 29 11:07:14 2023]
Finished job 18.
30 of 43 steps (70%) done
Select jobs to execute...

[Fri Sep 29 11:07:14 2023]
rule fastqc_paired:
    input: ../../FASTQ_files/PatuT/PatuT-Cas9-14d-3_R2_001.fastq.gz
    output: results/qc/day14_Cas9_r3_0_R2
    log: logs/fastqc/day14_Cas9_r3_0_R2.log
    jobid: 24
    reason: Missing output files: results/qc/day14_Cas9_r3_0_R2
    wildcards: replicate=day14_Cas9_r3_0
    resources: tmpdir=/tmp

[Fri Sep 29 11:07:19 2023]
Finished job 35.
31 of 43 steps (72%) done
Select jobs to execute...

[Fri Sep 29 11:07:19 2023]
rule fastqc_paired:
    input: ../../FASTQ_files/PatuT/PatuT-Cas9-14d-2_R2_001.fastq.gz
    output: results/qc/day14_Cas9_r2_0_R2
    log: logs/fastqc/day14_Cas9_r2_0_R2.log
    jobid: 23
    reason: Missing output files: results/qc/day14_Cas9_r2_0_R2
    wildcards: replicate=day14_Cas9_r2_0
    resources: tmpdir=/tmp

[Fri Sep 29 11:07:21 2023]
Finished job 24.
32 of 43 steps (74%) done
Select jobs to execute...

[Fri Sep 29 11:07:21 2023]
rule fastqc:
    input: ../../FASTQ_files/PatuT/PatuT-Cas9-14d-1_R1_001.fastq.gz
    output: results/qc/day14_Cas9_r1_0
    log: logs/fastqc/day14_Cas9_r1_0.log
    jobid: 5
    reason: Missing output files: results/qc/day14_Cas9_r1_0
    wildcards: replicate=day14_Cas9_r1_0
    resources: tmpdir=/tmp

[Fri Sep 29 11:07:26 2023]
Finished job 23.
33 of 43 steps (77%) done
[Fri Sep 29 11:07:28 2023]
Finished job 5.
34 of 43 steps (79%) done
[Fri Sep 29 11:07:49 2023]
Finished job 2.
35 of 43 steps (81%) done
[Fri Sep 29 11:10:23 2023]
Finished job 4.
36 of 43 steps (84%) done
Select jobs to execute...

[Fri Sep 29 11:10:23 2023]
rule mageck_rra:
    input: results/count/all.count.txt
    output: results/test/Day_14.gene_summary.txt, results/test/Day_14.sgrna_summary.txt
    log: logs/mageck/test/Day_14.log
    jobid: 40
    reason: Missing output files: results/test/Day_14.sgrna_summary.txt, results/test/Day_14.gene_summary.txt; Input files updated by another job: results/count/all.count.txt
    wildcards: experiment=Day_14
    resources: tmpdir=/tmp


[Fri Sep 29 11:10:23 2023]
rule mageck_rra:
    input: results/count/all.count.txt
    output: results/test/Day_21.gene_summary.txt, results/test/Day_21.sgrna_summary.txt
    log: logs/mageck/test/Day_21.log
    jobid: 42
    reason: Missing output files: results/test/Day_21.sgrna_summary.txt, results/test/Day_21.gene_summary.txt; Input files updated by another job: results/count/all.count.txt
    wildcards: experiment=Day_21
    resources: tmpdir=/tmp


[Fri Sep 29 11:10:23 2023]
rule mageck_rra:
    input: results/count/all.count.txt
    output: results/test/Day_7.gene_summary.txt, results/test/Day_7.sgrna_summary.txt
    log: logs/mageck/test/Day_7.log
    jobid: 3
    reason: Missing output files: results/test/Day_7.sgrna_summary.txt, results/test/Day_7.gene_summary.txt; Input files updated by another job: results/count/all.count.txt
    wildcards: experiment=Day_7
    resources: tmpdir=/tmp

[Fri Sep 29 11:10:25 2023]
Finished job 40.
37 of 43 steps (86%) done
Select jobs to execute...

[Fri Sep 29 11:10:25 2023]
rule vispr:
    input: annotation/sgrnas.bed, results/test/Day_14.gene_summary.txt, results/test/Day_14.sgrna_summary.txt, results/count/all.count_normalized.txt, results/count/all.countsummary.txt, results/qc/day14_Cas9_r1_0, results/qc/day14_Cas9_r2_0, results/qc/day14_Cas9_r3_0, results/qc/day14_Cas9_r4_0, results/qc/day14_Cas9_r5_0, results/qc/day21_Cas9_r1_0, results/qc/day21_Cas9_r2_0, results/qc/day21_Cas9_r3_0, results/qc/day21_Cas9_r4_0, results/qc/day21_Cas9_r5_0, results/qc/day7_Cas9_r1_0, results/qc/day7_Cas9_r2_0, results/qc/day7_Cas9_r3_0, results/qc/day7_Cas9_r4_0, results/qc/day7_Cas9_r5_0, results/qc/day0_r1_0, results/qc/day0_r2_0, results/qc/day14_Cas9_r1_0_R2, results/qc/day14_Cas9_r2_0_R2, results/qc/day14_Cas9_r3_0_R2, results/qc/day14_Cas9_r4_0_R2, results/qc/day14_Cas9_r5_0_R2, results/qc/day21_Cas9_r1_0_R2, results/qc/day21_Cas9_r2_0_R2, results/qc/day21_Cas9_r3_0_R2, results/qc/day21_Cas9_r4_0_R2, results/qc/day21_Cas9_r5_0_R2, results/qc/day7_Cas9_r1_0_R2, results/qc/day7_Cas9_r2_0_R2, results/qc/day7_Cas9_r3_0_R2, results/qc/day7_Cas9_r4_0_R2, results/qc/day7_Cas9_r5_0_R2, results/qc/day0_r1_0_R2, results/qc/day0_r2_0_R2
    output: results/Day_14.vispr.yaml
    jobid: 39
    reason: Missing output files: results/Day_14.vispr.yaml; Input files updated by another job: results/qc/day14_Cas9_r5_0_R2, results/qc/day14_Cas9_r2_0, results/qc/day14_Cas9_r3_0_R2, results/qc/day21_Cas9_r2_0_R2, results/qc/day14_Cas9_r1_0, results/qc/day0_r2_0_R2, results/qc/day7_Cas9_r4_0_R2, results/qc/day7_Cas9_r2_0_R2, results/qc/day21_Cas9_r4_0_R2, results/qc/day7_Cas9_r5_0_R2, results/qc/day7_Cas9_r1_0, results/qc/day7_Cas9_r1_0_R2, results/qc/day7_Cas9_r3_0_R2, results/qc/day21_Cas9_r1_0, results/qc/day14_Cas9_r5_0, results/qc/day21_Cas9_r5_0, results/test/Day_14.gene_summary.txt, results/qc/day14_Cas9_r1_0_R2, results/qc/day14_Cas9_r2_0_R2, results/qc/day21_Cas9_r2_0, results/qc/day7_Cas9_r3_0, results/qc/day21_Cas9_r5_0_R2, results/qc/day0_r2_0, annotation/sgrnas.bed, results/qc/day14_Cas9_r4_0, results/test/Day_14.sgrna_summary.txt, results/qc/day0_r1_0, results/qc/day7_Cas9_r2_0, results/count/all.countsummary.txt, results/count/all.count_normalized.txt, results/qc/day7_Cas9_r5_0, results/qc/day21_Cas9_r1_0_R2, results/qc/day21_Cas9_r4_0, results/qc/day14_Cas9_r4_0_R2, results/qc/day21_Cas9_r3_0, results/qc/day0_r1_0_R2, results/qc/day14_Cas9_r3_0, results/qc/day21_Cas9_r3_0_R2, results/qc/day7_Cas9_r4_0
    wildcards: experiment=Day_14
    resources: tmpdir=/tmp

[Fri Sep 29 11:10:26 2023]
Finished job 42.
38 of 43 steps (88%) done
Select jobs to execute...

[Fri Sep 29 11:10:26 2023]
rule vispr:
    input: annotation/sgrnas.bed, results/test/Day_21.gene_summary.txt, results/test/Day_21.sgrna_summary.txt, results/count/all.count_normalized.txt, results/count/all.countsummary.txt, results/qc/day14_Cas9_r1_0, results/qc/day14_Cas9_r2_0, results/qc/day14_Cas9_r3_0, results/qc/day14_Cas9_r4_0, results/qc/day14_Cas9_r5_0, results/qc/day21_Cas9_r1_0, results/qc/day21_Cas9_r2_0, results/qc/day21_Cas9_r3_0, results/qc/day21_Cas9_r4_0, results/qc/day21_Cas9_r5_0, results/qc/day7_Cas9_r1_0, results/qc/day7_Cas9_r2_0, results/qc/day7_Cas9_r3_0, results/qc/day7_Cas9_r4_0, results/qc/day7_Cas9_r5_0, results/qc/day0_r1_0, results/qc/day0_r2_0, results/qc/day14_Cas9_r1_0_R2, results/qc/day14_Cas9_r2_0_R2, results/qc/day14_Cas9_r3_0_R2, results/qc/day14_Cas9_r4_0_R2, results/qc/day14_Cas9_r5_0_R2, results/qc/day21_Cas9_r1_0_R2, results/qc/day21_Cas9_r2_0_R2, results/qc/day21_Cas9_r3_0_R2, results/qc/day21_Cas9_r4_0_R2, results/qc/day21_Cas9_r5_0_R2, results/qc/day7_Cas9_r1_0_R2, results/qc/day7_Cas9_r2_0_R2, results/qc/day7_Cas9_r3_0_R2, results/qc/day7_Cas9_r4_0_R2, results/qc/day7_Cas9_r5_0_R2, results/qc/day0_r1_0_R2, results/qc/day0_r2_0_R2
    output: results/Day_21.vispr.yaml
    jobid: 41
    reason: Missing output files: results/Day_21.vispr.yaml; Input files updated by another job: results/qc/day14_Cas9_r5_0_R2, results/qc/day14_Cas9_r2_0, results/qc/day14_Cas9_r3_0_R2, results/qc/day21_Cas9_r2_0_R2, results/qc/day14_Cas9_r1_0, results/qc/day0_r2_0_R2, results/qc/day7_Cas9_r4_0_R2, results/qc/day7_Cas9_r2_0_R2, results/qc/day21_Cas9_r4_0_R2, results/qc/day7_Cas9_r5_0_R2, results/qc/day7_Cas9_r1_0, results/qc/day7_Cas9_r1_0_R2, results/qc/day7_Cas9_r3_0_R2, results/qc/day21_Cas9_r1_0, results/qc/day14_Cas9_r5_0, results/qc/day21_Cas9_r5_0, results/qc/day14_Cas9_r1_0_R2, results/qc/day14_Cas9_r2_0_R2, results/qc/day21_Cas9_r2_0, results/qc/day7_Cas9_r3_0, results/qc/day21_Cas9_r5_0_R2, results/qc/day0_r2_0, annotation/sgrnas.bed, results/qc/day14_Cas9_r4_0, results/qc/day0_r1_0, results/qc/day7_Cas9_r2_0, results/test/Day_21.gene_summary.txt, results/count/all.countsummary.txt, results/count/all.count_normalized.txt, results/qc/day7_Cas9_r5_0, results/test/Day_21.sgrna_summary.txt, results/qc/day21_Cas9_r1_0_R2, results/qc/day21_Cas9_r4_0, results/qc/day14_Cas9_r4_0_R2, results/qc/day21_Cas9_r3_0, results/qc/day0_r1_0_R2, results/qc/day14_Cas9_r3_0, results/qc/day21_Cas9_r3_0_R2, results/qc/day7_Cas9_r4_0
    wildcards: experiment=Day_21
    resources: tmpdir=/tmp

[Fri Sep 29 11:10:26 2023]
Finished job 3.
39 of 43 steps (91%) done
Select jobs to execute...

[Fri Sep 29 11:10:26 2023]
rule vispr:
    input: annotation/sgrnas.bed, results/test/Day_7.gene_summary.txt, results/test/Day_7.sgrna_summary.txt, results/count/all.count_normalized.txt, results/count/all.countsummary.txt, results/qc/day14_Cas9_r1_0, results/qc/day14_Cas9_r2_0, results/qc/day14_Cas9_r3_0, results/qc/day14_Cas9_r4_0, results/qc/day14_Cas9_r5_0, results/qc/day21_Cas9_r1_0, results/qc/day21_Cas9_r2_0, results/qc/day21_Cas9_r3_0, results/qc/day21_Cas9_r4_0, results/qc/day21_Cas9_r5_0, results/qc/day7_Cas9_r1_0, results/qc/day7_Cas9_r2_0, results/qc/day7_Cas9_r3_0, results/qc/day7_Cas9_r4_0, results/qc/day7_Cas9_r5_0, results/qc/day0_r1_0, results/qc/day0_r2_0, results/qc/day14_Cas9_r1_0_R2, results/qc/day14_Cas9_r2_0_R2, results/qc/day14_Cas9_r3_0_R2, results/qc/day14_Cas9_r4_0_R2, results/qc/day14_Cas9_r5_0_R2, results/qc/day21_Cas9_r1_0_R2, results/qc/day21_Cas9_r2_0_R2, results/qc/day21_Cas9_r3_0_R2, results/qc/day21_Cas9_r4_0_R2, results/qc/day21_Cas9_r5_0_R2, results/qc/day7_Cas9_r1_0_R2, results/qc/day7_Cas9_r2_0_R2, results/qc/day7_Cas9_r3_0_R2, results/qc/day7_Cas9_r4_0_R2, results/qc/day7_Cas9_r5_0_R2, results/qc/day0_r1_0_R2, results/qc/day0_r2_0_R2
    output: results/Day_7.vispr.yaml
    jobid: 1
    reason: Missing output files: results/Day_7.vispr.yaml; Input files updated by another job: results/test/Day_7.gene_summary.txt, results/qc/day14_Cas9_r5_0_R2, results/qc/day14_Cas9_r2_0, results/qc/day14_Cas9_r3_0_R2, results/qc/day21_Cas9_r2_0_R2, results/test/Day_7.sgrna_summary.txt, results/qc/day14_Cas9_r1_0, results/qc/day0_r2_0_R2, results/qc/day7_Cas9_r4_0_R2, results/qc/day7_Cas9_r2_0_R2, results/qc/day21_Cas9_r4_0_R2, results/qc/day7_Cas9_r5_0_R2, results/qc/day7_Cas9_r1_0, results/qc/day7_Cas9_r1_0_R2, results/qc/day7_Cas9_r3_0_R2, results/qc/day21_Cas9_r1_0, results/qc/day14_Cas9_r5_0, results/qc/day21_Cas9_r5_0, results/qc/day14_Cas9_r1_0_R2, results/qc/day14_Cas9_r2_0_R2, results/qc/day21_Cas9_r2_0, results/qc/day7_Cas9_r3_0, results/qc/day21_Cas9_r5_0_R2, results/qc/day0_r2_0, annotation/sgrnas.bed, results/qc/day14_Cas9_r4_0, results/qc/day0_r1_0, results/qc/day7_Cas9_r2_0, results/count/all.countsummary.txt, results/count/all.count_normalized.txt, results/qc/day7_Cas9_r5_0, results/qc/day21_Cas9_r1_0_R2, results/qc/day21_Cas9_r4_0, results/qc/day14_Cas9_r4_0_R2, results/qc/day21_Cas9_r3_0, results/qc/day0_r1_0_R2, results/qc/day14_Cas9_r3_0, results/qc/day21_Cas9_r3_0_R2, results/qc/day7_Cas9_r4_0
    wildcards: experiment=Day_7
    resources: tmpdir=/tmp

[Fri Sep 29 11:10:26 2023]
Finished job 39.
40 of 43 steps (93%) done
[Fri Sep 29 11:10:27 2023]
Finished job 41.
41 of 43 steps (95%) done
[Fri Sep 29 11:10:27 2023]
Finished job 1.
42 of 43 steps (98%) done
Select jobs to execute...

[Fri Sep 29 11:10:27 2023]
localrule all:
    input: results/Day_7.vispr.yaml, results/Day_14.vispr.yaml, results/Day_21.vispr.yaml
    jobid: 0
    reason: Input files updated by another job: results/Day_14.vispr.yaml, results/Day_21.vispr.yaml, results/Day_7.vispr.yaml
    resources: tmpdir=/tmp

[Fri Sep 29 11:10:27 2023]
Finished job 0.
43 of 43 steps (100%) done
Complete log: .snakemake/log/2023-09-29T110546.337088.snakemake.log
