INFO  @ Fri, 13 Oct 2023 16:18:59: Parameters: /home/antonio_gt/anaconda3/envs/mamba/envs/mageck-vispr/bin/mageck count --output-prefix results/count/all --norm-method median --list-seq ../../data/library.csv --fastq ../../FASTQ_files/PatuS/PatuS-Cas9-14d-1_R1_001.fastq.gz ../../FASTQ_files/PatuS/PatuS-Cas9-14d-2_R1_001.fastq.gz ../../FASTQ_files/PatuS/PatuS-Cas9-14d-3_R1_001.fastq.gz ../../FASTQ_files/PatuS/PatuS-Cas9-14d-5_R1_001.fastq.gz ../../FASTQ_files/PatuS/PatuS-Cas9-21d-1_R1_001.fastq.gz ../../FASTQ_files/PatuS/PatuS-Cas9-21d-2_R1_001.fastq.gz ../../FASTQ_files/PatuS/PatuS-Cas9-21d-3_R1_001.fastq.gz ../../FASTQ_files/PatuS/PatuS-Cas9-21d-4_R1_001.fastq.gz ../../FASTQ_files/PatuS/PatuS-Cas9-21d-5_R1_001.fastq.gz ../../FASTQ_files/PatuS/PatuS-Cas9-7d-1_R1_001.fastq.gz ../../FASTQ_files/PatuS/PatuS-Cas9-7d-2_R1_001.fastq.gz ../../FASTQ_files/PatuS/PatuS-Cas9-7d-3_R1_001.fastq.gz ../../FASTQ_files/PatuS/PatuS-Cas9-7d-4_R1_001.fastq.gz ../../FASTQ_files/PatuS/PatuS-Cas9-7d-5_R1_001.fastq.gz ../../FASTQ_files/PatuS/pEPIGEN-1_R1_001.fastq.gz ../../FASTQ_files/PatuS/pEPIGEN2_R1_001.fastq.gz --sample-label day14_Cas9_r1,day14_Cas9_r2,day14_Cas9_r3,day14_Cas9_r5,day21_Cas9_r1,day21_Cas9_r2,day21_Cas9_r3,day21_Cas9_r4,day21_Cas9_r5,day7_Cas9_r1,day7_Cas9_r2,day7_Cas9_r3,day7_Cas9_r4,day7_Cas9_r5,day0_r1,day0_r2 --fastq-2 ../../FASTQ_files/PatuS/PatuS-Cas9-14d-1_R2_001.fastq.gz ../../FASTQ_files/PatuS/PatuS-Cas9-14d-2_R2_001.fastq.gz ../../FASTQ_files/PatuS/PatuS-Cas9-14d-3_R2_001.fastq.gz ../../FASTQ_files/PatuS/PatuS-Cas9-14d-5_R2_001.fastq.gz ../../FASTQ_files/PatuS/PatuS-Cas9-21d-1_R2_001.fastq.gz ../../FASTQ_files/PatuS/PatuS-Cas9-21d-2_R2_001.fastq.gz ../../FASTQ_files/PatuS/PatuS-Cas9-21d-3_R2_001.fastq.gz ../../FASTQ_files/PatuS/PatuS-Cas9-21d-4_R2_001.fastq.gz ../../FASTQ_files/PatuS/PatuS-Cas9-21d-5_R2_001.fastq.gz ../../FASTQ_files/PatuS/PatuS-Cas9-7d-1_R2_001.fastq.gz ../../FASTQ_files/PatuS/PatuS-Cas9-7d-2_R2_001.fastq.gz ../../FASTQ_files/PatuS/PatuS-Cas9-7d-3_R2_001.fastq.gz ../../FASTQ_files/PatuS/PatuS-Cas9-7d-4_R2_001.fastq.gz ../../FASTQ_files/PatuS/PatuS-Cas9-7d-5_R2_001.fastq.gz ../../FASTQ_files/PatuS/pEPIGEN-1_R2_001.fastq.gz ../../FASTQ_files/PatuS/pEPIGEN2_R2_001.fastq.gz --count-pair False --trim-5 AUTO 
INFO  @ Fri, 13 Oct 2023 16:18:59: Welcome to MAGeCK v0.5.9.5. Command: count 
INFO  @ Fri, 13 Oct 2023 16:18:59: Loading 1574 predefined sgRNAs. 
WARNING @ Fri, 13 Oct 2023 16:18:59: There are 0 sgRNAs with duplicated sequences. 
INFO  @ Fri, 13 Oct 2023 16:18:59: Parsing FASTQ file ../../FASTQ_files/PatuS/PatuS-Cas9-14d-1_R1_001.fastq.gz... 
INFO  @ Fri, 13 Oct 2023 16:18:59: Determining the trim-5 length of FASTQ file ../../FASTQ_files/PatuS/PatuS-Cas9-14d-1_R1_001.fastq.gz... 
INFO  @ Fri, 13 Oct 2023 16:18:59: Possible gRNA lengths:20 
INFO  @ Fri, 13 Oct 2023 16:18:59: Processing 0M reads ... 
INFO  @ Fri, 13 Oct 2023 16:19:06: Read length:209,250,216,208,210,249,248,203,118,205,217,206,92,227,207,47,60,197,204,117,215,41,54,168,182,45,226,223,201,187,46,202,189,192,229,72,83,42,35,211,75,44,48,171,238,167,200,146,196,164,77,183,53,185,214,220,199,246,247,43 
INFO  @ Fri, 13 Oct 2023 16:19:06: Total tested reads: 69062, mapped: 67105(0.9716631432625756) 
INFO  @ Fri, 13 Oct 2023 16:19:06: --trim-5 test data: (trim_length reads fraction) 
INFO  @ Fri, 13 Oct 2023 16:19:06: 80	66247	0.987214067506147 
INFO  @ Fri, 13 Oct 2023 16:19:06: 79	587	0.008747485284256017 
INFO  @ Fri, 13 Oct 2023 16:19:06: 81	191	0.0028462856717085165 
INFO  @ Fri, 13 Oct 2023 16:19:06: 78	27	0.00040235451903732956 
INFO  @ Fri, 13 Oct 2023 16:19:06: 76	19	0.00028313836524849117 
INFO  @ Fri, 13 Oct 2023 16:19:06: 77	14	0.0002086282691304672 
INFO  @ Fri, 13 Oct 2023 16:19:06: 75	7	0.0001043141345652336 
INFO  @ Fri, 13 Oct 2023 16:19:06: 74	5	7.4510096118024e-05 
INFO  @ Fri, 13 Oct 2023 16:19:06: 73	4	5.960807689441919e-05 
INFO  @ Fri, 13 Oct 2023 16:19:06: 72	2	2.9804038447209596e-05 
INFO  @ Fri, 13 Oct 2023 16:19:06: 71	1	1.4902019223604798e-05 
INFO  @ Fri, 13 Oct 2023 16:19:06: 70	1	1.4902019223604798e-05 
INFO  @ Fri, 13 Oct 2023 16:19:06: Auto determination of trim5 results: 80 
INFO  @ Fri, 13 Oct 2023 16:19:06: Determining the trim-5 length of FASTQ file ../../FASTQ_files/PatuS/PatuS-Cas9-14d-1_R2_001.fastq.gz... 
INFO  @ Fri, 13 Oct 2023 16:19:06: Possible gRNA lengths:20 
INFO  @ Fri, 13 Oct 2023 16:19:06: Processing 0M reads ... 
INFO  @ Fri, 13 Oct 2023 16:19:23: Read length:209,250,249,216,208,210,203,118,205,246,165,217,206,92,247,227,207,47,248,197,204,117,215,54,168,182,45,226,41,223,201,187,46,189,229,72,83,42,35,211,75,48,171,238,167,200,146,196,202,164,77,183,53,212,185,245,214,220,60,199,43 
INFO  @ Fri, 13 Oct 2023 16:19:23: Total tested reads: 69062, mapped: 66607(0.9644522313283717) 
INFO  @ Fri, 13 Oct 2023 16:19:23: --trim-5 test data: (trim_length reads fraction) 
INFO  @ Fri, 13 Oct 2023 16:19:23: 109	65917	0.9896407284519645 
INFO  @ Fri, 13 Oct 2023 16:19:23: 108	307	0.004609125167024487 
INFO  @ Fri, 13 Oct 2023 16:19:23: 110	220	0.0033029561457504466 
INFO  @ Fri, 13 Oct 2023 16:19:23: 117	107	0.0016064377617968082 
INFO  @ Fri, 13 Oct 2023 16:19:23: 107	23	0.00034530905160118304 
INFO  @ Fri, 13 Oct 2023 16:19:23: 106	11	0.00016514780728752232 
INFO  @ Fri, 13 Oct 2023 16:19:23: 104	8	0.00012010749620910715 
INFO  @ Fri, 13 Oct 2023 16:19:23: 105	7	0.00010509405918296875 
INFO  @ Fri, 13 Oct 2023 16:19:23: 153	3	4.504031107841518e-05 
INFO  @ Fri, 13 Oct 2023 16:19:23: 123	2	3.0026874052276787e-05 
INFO  @ Fri, 13 Oct 2023 16:19:23: 103	1	1.5013437026138394e-05 
INFO  @ Fri, 13 Oct 2023 16:19:23: 111	1	1.5013437026138394e-05 
INFO  @ Fri, 13 Oct 2023 16:19:23: Auto determination of trim5 results: 109 
INFO  @ Fri, 13 Oct 2023 16:19:23: Possible gRNA lengths:20 
INFO  @ Fri, 13 Oct 2023 16:19:23: Processing 0M reads .. 
INFO  @ Fri, 13 Oct 2023 16:19:23: Total: 69062. 
INFO  @ Fri, 13 Oct 2023 16:19:23: Mapped: 67799. 
INFO  @ Fri, 13 Oct 2023 16:19:23: Parsing FASTQ file ../../FASTQ_files/PatuS/PatuS-Cas9-14d-2_R1_001.fastq.gz... 
INFO  @ Fri, 13 Oct 2023 16:19:23: Determining the trim-5 length of FASTQ file ../../FASTQ_files/PatuS/PatuS-Cas9-14d-2_R1_001.fastq.gz... 
INFO  @ Fri, 13 Oct 2023 16:19:23: Possible gRNA lengths:20 
INFO  @ Fri, 13 Oct 2023 16:19:23: Processing 0M reads ... 
INFO  @ Fri, 13 Oct 2023 16:19:26: Read length:209,250,249,208,207,216,217,210,205,206,147,248,224,35,159,229,47,69,204,54,116,43,227,247,59,200,202,117,105,226,146,203,233,118,41,211,218,119,50,57,215,163,63,201,246,55,199,223,53,88,156,48,100,175,108,96,114,52,136,171,58,79,239,75,183 
INFO  @ Fri, 13 Oct 2023 16:19:26: Total tested reads: 49541, mapped: 48024(0.9693788982862679) 
INFO  @ Fri, 13 Oct 2023 16:19:26: --trim-5 test data: (trim_length reads fraction) 
INFO  @ Fri, 13 Oct 2023 16:19:26: 80	47395	0.9869023821422622 
INFO  @ Fri, 13 Oct 2023 16:19:26: 79	456	0.009495252373813094 
INFO  @ Fri, 13 Oct 2023 16:19:26: 81	131	0.0027278027652840246 
INFO  @ Fri, 13 Oct 2023 16:19:26: 78	21	0.00043728135932033984 
INFO  @ Fri, 13 Oct 2023 16:19:26: 77	10	0.00020822921872397135 
INFO  @ Fri, 13 Oct 2023 16:19:26: 74	3	6.24687656171914e-05 
INFO  @ Fri, 13 Oct 2023 16:19:26: 75	3	6.24687656171914e-05 
INFO  @ Fri, 13 Oct 2023 16:19:26: 71	1	2.0822921872397136e-05 
INFO  @ Fri, 13 Oct 2023 16:19:26: 76	1	2.0822921872397136e-05 
INFO  @ Fri, 13 Oct 2023 16:19:26: 82	1	2.0822921872397136e-05 
INFO  @ Fri, 13 Oct 2023 16:19:26: 72	1	2.0822921872397136e-05 
INFO  @ Fri, 13 Oct 2023 16:19:26: 73	1	2.0822921872397136e-05 
INFO  @ Fri, 13 Oct 2023 16:19:26: Auto determination of trim5 results: 80 
INFO  @ Fri, 13 Oct 2023 16:19:26: Determining the trim-5 length of FASTQ file ../../FASTQ_files/PatuS/PatuS-Cas9-14d-2_R2_001.fastq.gz... 
INFO  @ Fri, 13 Oct 2023 16:19:26: Possible gRNA lengths:20 
INFO  @ Fri, 13 Oct 2023 16:19:26: Processing 0M reads ... 
INFO  @ Fri, 13 Oct 2023 16:19:31: Read length:209,208,207,216,217,250,249,210,205,206,147,247,224,35,159,248,229,47,69,204,54,116,43,227,59,200,202,117,105,226,146,203,118,41,211,218,50,57,215,163,63,223,201,55,199,53,88,156,48,100,175,108,96,114,52,171,58,79,239,75,183 
INFO  @ Fri, 13 Oct 2023 16:19:31: Total tested reads: 49541, mapped: 47799(0.9648372055469208) 
INFO  @ Fri, 13 Oct 2023 16:19:31: --trim-5 test data: (trim_length reads fraction) 
INFO  @ Fri, 13 Oct 2023 16:19:31: 109	47194	0.9873428314399882 
INFO  @ Fri, 13 Oct 2023 16:19:31: 108	264	0.005523128098914204 
INFO  @ Fri, 13 Oct 2023 16:19:31: 110	171	0.0035774807004330636 
INFO  @ Fri, 13 Oct 2023 16:19:31: 117	129	0.0026988012301512585 
INFO  @ Fri, 13 Oct 2023 16:19:31: 107	18	0.0003765769158350593 
INFO  @ Fri, 13 Oct 2023 16:19:31: 106	10	0.00020920939768614405 
INFO  @ Fri, 13 Oct 2023 16:19:31: 102	2	4.184187953722881e-05 
INFO  @ Fri, 13 Oct 2023 16:19:31: 123	2	4.184187953722881e-05 
INFO  @ Fri, 13 Oct 2023 16:19:31: 116	2	4.184187953722881e-05 
INFO  @ Fri, 13 Oct 2023 16:19:31: 153	1	2.0920939768614405e-05 
INFO  @ Fri, 13 Oct 2023 16:19:31: 105	1	2.0920939768614405e-05 
INFO  @ Fri, 13 Oct 2023 16:19:31: 101	1	2.0920939768614405e-05 
INFO  @ Fri, 13 Oct 2023 16:19:31: 99	1	2.0920939768614405e-05 
INFO  @ Fri, 13 Oct 2023 16:19:31: 147	1	2.0920939768614405e-05 
INFO  @ Fri, 13 Oct 2023 16:19:31: 103	1	2.0920939768614405e-05 
INFO  @ Fri, 13 Oct 2023 16:19:31: 104	1	2.0920939768614405e-05 
INFO  @ Fri, 13 Oct 2023 16:19:31: Auto determination of trim5 results: 109 
INFO  @ Fri, 13 Oct 2023 16:19:31: Possible gRNA lengths:20 
INFO  @ Fri, 13 Oct 2023 16:19:31: Processing 0M reads .. 
INFO  @ Fri, 13 Oct 2023 16:19:32: Total: 49541. 
INFO  @ Fri, 13 Oct 2023 16:19:32: Mapped: 48529. 
INFO  @ Fri, 13 Oct 2023 16:19:32: Parsing FASTQ file ../../FASTQ_files/PatuS/PatuS-Cas9-14d-3_R1_001.fastq.gz... 
INFO  @ Fri, 13 Oct 2023 16:19:32: Determining the trim-5 length of FASTQ file ../../FASTQ_files/PatuS/PatuS-Cas9-14d-3_R1_001.fastq.gz... 
INFO  @ Fri, 13 Oct 2023 16:19:32: Possible gRNA lengths:20 
INFO  @ Fri, 13 Oct 2023 16:19:32: Processing 0M reads ... 
INFO  @ Fri, 13 Oct 2023 16:19:35: Read length:209,250,216,247,208,210,249,217,248,41,35,58,206,201,129,205,223,207,145,189,46,47,215,227,246,42,180,203,204,202,44,229,151,226,54,218,60,118,179,135,149,43,211,40,113,239,174,183,141,190,212,48,52,221,96,233,138,64,45,117 
INFO  @ Fri, 13 Oct 2023 16:19:35: Total tested reads: 65089, mapped: 62977(0.9675521209420946) 
INFO  @ Fri, 13 Oct 2023 16:19:35: --trim-5 test data: (trim_length reads fraction) 
INFO  @ Fri, 13 Oct 2023 16:19:35: 80	62182	0.9873763437445416 
INFO  @ Fri, 13 Oct 2023 16:19:35: 79	551	0.008749225907871128 
INFO  @ Fri, 13 Oct 2023 16:19:35: 81	160	0.002540610063991616 
INFO  @ Fri, 13 Oct 2023 16:19:35: 78	37	0.0005875160772980612 
INFO  @ Fri, 13 Oct 2023 16:19:35: 77	15	0.000238182193499214 
INFO  @ Fri, 13 Oct 2023 16:19:35: 76	11	0.0001746669418994236 
INFO  @ Fri, 13 Oct 2023 16:19:35: 74	8	0.0001270305031995808 
INFO  @ Fri, 13 Oct 2023 16:19:35: 75	7	0.0001111516902996332 
INFO  @ Fri, 13 Oct 2023 16:19:35: 73	4	6.35152515997904e-05 
INFO  @ Fri, 13 Oct 2023 16:19:35: 82	2	3.17576257998952e-05 
INFO  @ Fri, 13 Oct 2023 16:19:35: Auto determination of trim5 results: 80 
INFO  @ Fri, 13 Oct 2023 16:19:35: Determining the trim-5 length of FASTQ file ../../FASTQ_files/PatuS/PatuS-Cas9-14d-3_R2_001.fastq.gz... 
INFO  @ Fri, 13 Oct 2023 16:19:35: Possible gRNA lengths:20 
INFO  @ Fri, 13 Oct 2023 16:19:35: Processing 0M reads ... 
INFO  @ Fri, 13 Oct 2023 16:19:43: Read length:209,250,216,248,208,210,217,249,41,35,207,58,206,201,129,205,223,145,189,46,47,215,227,42,180,203,204,202,44,229,246,151,226,54,240,218,60,118,179,247,149,211,43,40,113,239,174,183,141,190,212,48,52,221,96,233,138,64,45,117 
INFO  @ Fri, 13 Oct 2023 16:19:43: Total tested reads: 65089, mapped: 62590(0.9616064158306319) 
INFO  @ Fri, 13 Oct 2023 16:19:43: --trim-5 test data: (trim_length reads fraction) 
INFO  @ Fri, 13 Oct 2023 16:19:43: 109	61827	0.9878095542418917 
INFO  @ Fri, 13 Oct 2023 16:19:43: 108	287	0.004585397028279278 
INFO  @ Fri, 13 Oct 2023 16:19:43: 110	220	0.0035149384885764497 
INFO  @ Fri, 13 Oct 2023 16:19:43: 117	187	0.0029876977152899823 
INFO  @ Fri, 13 Oct 2023 16:19:43: 107	26	0.0004154018213772168 
INFO  @ Fri, 13 Oct 2023 16:19:43: 105	12	0.00019172391755871546 
INFO  @ Fri, 13 Oct 2023 16:19:43: 106	7	0.00011183895190925068 
INFO  @ Fri, 13 Oct 2023 16:19:43: 80	7	0.00011183895190925068 
INFO  @ Fri, 13 Oct 2023 16:19:43: 101	3	4.7930979389678864e-05 
INFO  @ Fri, 13 Oct 2023 16:19:43: 103	3	4.7930979389678864e-05 
INFO  @ Fri, 13 Oct 2023 16:19:43: 102	2	3.195398625978591e-05 
INFO  @ Fri, 13 Oct 2023 16:19:43: 153	2	3.195398625978591e-05 
INFO  @ Fri, 13 Oct 2023 16:19:43: 104	2	3.195398625978591e-05 
INFO  @ Fri, 13 Oct 2023 16:19:43: 116	2	3.195398625978591e-05 
INFO  @ Fri, 13 Oct 2023 16:19:43: 51	1	1.5976993129892954e-05 
INFO  @ Fri, 13 Oct 2023 16:19:43: 112	1	1.5976993129892954e-05 
INFO  @ Fri, 13 Oct 2023 16:19:43: 123	1	1.5976993129892954e-05 
INFO  @ Fri, 13 Oct 2023 16:19:43: Auto determination of trim5 results: 109 
INFO  @ Fri, 13 Oct 2023 16:19:43: Possible gRNA lengths:20 
INFO  @ Fri, 13 Oct 2023 16:19:43: Processing 0M reads .. 
INFO  @ Fri, 13 Oct 2023 16:19:44: Total: 65089. 
INFO  @ Fri, 13 Oct 2023 16:19:44: Mapped: 63569. 
INFO  @ Fri, 13 Oct 2023 16:19:44: Parsing FASTQ file ../../FASTQ_files/PatuS/PatuS-Cas9-14d-5_R1_001.fastq.gz... 
INFO  @ Fri, 13 Oct 2023 16:19:44: Determining the trim-5 length of FASTQ file ../../FASTQ_files/PatuS/PatuS-Cas9-14d-5_R1_001.fastq.gz... 
INFO  @ Fri, 13 Oct 2023 16:19:44: Possible gRNA lengths:20 
INFO  @ Fri, 13 Oct 2023 16:19:44: Processing 0M reads ... 
INFO  @ Fri, 13 Oct 2023 16:19:48: Read length:209,217,216,250,208,249,210,207,227,248,118,42,83,215,171,117,211,201,223,206,41,246,43,71,203,35,182,202,40,218,205,48,221,213,150,49,137,55,58,69,214,189,204,222,229,124,144,47,80,247,44,45,82,60,159,226,239,199,212,46,39,238,230 
INFO  @ Fri, 13 Oct 2023 16:19:48: Total tested reads: 76590, mapped: 70974(0.9266745005875441) 
INFO  @ Fri, 13 Oct 2023 16:19:48: --trim-5 test data: (trim_length reads fraction) 
INFO  @ Fri, 13 Oct 2023 16:19:48: 80	70000	0.9862766646941133 
INFO  @ Fri, 13 Oct 2023 16:19:48: 79	667	0.009397807647871051 
INFO  @ Fri, 13 Oct 2023 16:19:48: 81	210	0.00295882999408234 
INFO  @ Fri, 13 Oct 2023 16:19:48: 78	47	0.0006622143320089047 
INFO  @ Fri, 13 Oct 2023 16:19:48: 77	27	0.000380420999239158 
INFO  @ Fri, 13 Oct 2023 16:19:48: 76	9	0.000126806999746386 
INFO  @ Fri, 13 Oct 2023 16:19:48: 82	4	5.6358666553949336e-05 
INFO  @ Fri, 13 Oct 2023 16:19:48: 75	4	5.6358666553949336e-05 
INFO  @ Fri, 13 Oct 2023 16:19:48: 73	3	4.2268999915462003e-05 
INFO  @ Fri, 13 Oct 2023 16:19:48: 71	2	2.8179333276974668e-05 
INFO  @ Fri, 13 Oct 2023 16:19:48: 100	1	1.4089666638487334e-05 
INFO  @ Fri, 13 Oct 2023 16:19:48: Auto determination of trim5 results: 80 
INFO  @ Fri, 13 Oct 2023 16:19:48: Determining the trim-5 length of FASTQ file ../../FASTQ_files/PatuS/PatuS-Cas9-14d-5_R2_001.fastq.gz... 
INFO  @ Fri, 13 Oct 2023 16:19:48: Possible gRNA lengths:20 
INFO  @ Fri, 13 Oct 2023 16:19:48: Processing 0M reads ... 
INFO  @ Fri, 13 Oct 2023 16:19:57: Read length:209,217,216,250,208,249,210,207,248,227,247,118,218,83,215,171,117,211,223,206,41,246,43,71,205,203,35,182,202,40,42,48,221,213,150,49,137,55,58,69,214,189,204,222,229,124,47,80,44,45,82,60,159,239,212,46,226,39,238,230 
INFO  @ Fri, 13 Oct 2023 16:19:57: Total tested reads: 76590, mapped: 70746(0.9236976106541324) 
INFO  @ Fri, 13 Oct 2023 16:19:57: --trim-5 test data: (trim_length reads fraction) 
INFO  @ Fri, 13 Oct 2023 16:19:57: 109	68996	0.9752636191445453 
INFO  @ Fri, 13 Oct 2023 16:19:57: 117	1154	0.016311876289825573 
INFO  @ Fri, 13 Oct 2023 16:19:57: 108	320	0.004523223927854579 
INFO  @ Fri, 13 Oct 2023 16:19:57: 110	207	0.0029259604783309304 
INFO  @ Fri, 13 Oct 2023 16:19:57: 107	25	0.00035337686936363894 
INFO  @ Fri, 13 Oct 2023 16:19:57: 106	12	0.00016962089729454668 
INFO  @ Fri, 13 Oct 2023 16:19:57: 116	8	0.00011308059819636445 
INFO  @ Fri, 13 Oct 2023 16:19:57: 118	5	7.067537387272779e-05 
INFO  @ Fri, 13 Oct 2023 16:19:57: 153	5	7.067537387272779e-05 
INFO  @ Fri, 13 Oct 2023 16:19:57: 104	4	5.654029909818223e-05 
INFO  @ Fri, 13 Oct 2023 16:19:57: 105	3	4.240522432363667e-05 
INFO  @ Fri, 13 Oct 2023 16:19:57: 102	3	4.240522432363667e-05 
INFO  @ Fri, 13 Oct 2023 16:19:57: 123	2	2.8270149549091113e-05 
INFO  @ Fri, 13 Oct 2023 16:19:57: 103	2	2.8270149549091113e-05 
INFO  @ Fri, 13 Oct 2023 16:19:57: Auto determination of trim5 results: 109 
INFO  @ Fri, 13 Oct 2023 16:19:57: Possible gRNA lengths:20 
INFO  @ Fri, 13 Oct 2023 16:19:57: Processing 0M reads .. 
INFO  @ Fri, 13 Oct 2023 16:19:57: Total: 76590. 
INFO  @ Fri, 13 Oct 2023 16:19:57: Mapped: 71744. 
INFO  @ Fri, 13 Oct 2023 16:19:57: Parsing FASTQ file ../../FASTQ_files/PatuS/PatuS-Cas9-21d-1_R1_001.fastq.gz... 
INFO  @ Fri, 13 Oct 2023 16:19:57: Determining the trim-5 length of FASTQ file ../../FASTQ_files/PatuS/PatuS-Cas9-21d-1_R1_001.fastq.gz... 
INFO  @ Fri, 13 Oct 2023 16:19:57: Possible gRNA lengths:20 
INFO  @ Fri, 13 Oct 2023 16:19:57: Processing 0M reads ... 
INFO  @ Fri, 13 Oct 2023 16:20:01: Read length:209,250,208,35,210,217,207,41,249,216,215,182,118,245,227,206,223,203,161,177,42,136,205,246,47,248,201,204,58,199,83,117,224,44,43,211,46,149,226,195,84,244,148,200,247,229,236,171,48,202,79,222,198,218,237,55,40,65 
INFO  @ Fri, 13 Oct 2023 16:20:01: Total tested reads: 79211, mapped: 77229(0.9749782227215917) 
INFO  @ Fri, 13 Oct 2023 16:20:01: --trim-5 test data: (trim_length reads fraction) 
INFO  @ Fri, 13 Oct 2023 16:20:01: 80	76143	0.985937924872781 
INFO  @ Fri, 13 Oct 2023 16:20:01: 79	739	0.009568944308485155 
INFO  @ Fri, 13 Oct 2023 16:20:01: 81	257	0.0033277654766991674 
INFO  @ Fri, 13 Oct 2023 16:20:01: 78	38	0.0004920431444146629 
INFO  @ Fri, 13 Oct 2023 16:20:01: 77	20	0.0002589700760077173 
INFO  @ Fri, 13 Oct 2023 16:20:01: 75	10	0.00012948503800385864 
INFO  @ Fri, 13 Oct 2023 16:20:01: 76	9	0.0001165365342034728 
INFO  @ Fri, 13 Oct 2023 16:20:01: 74	3	3.88455114011576e-05 
INFO  @ Fri, 13 Oct 2023 16:20:01: 73	3	3.88455114011576e-05 
INFO  @ Fri, 13 Oct 2023 16:20:01: 82	3	3.88455114011576e-05 
INFO  @ Fri, 13 Oct 2023 16:20:01: 20	3	3.88455114011576e-05 
INFO  @ Fri, 13 Oct 2023 16:20:01: 70	1	1.2948503800385865e-05 
INFO  @ Fri, 13 Oct 2023 16:20:01: Auto determination of trim5 results: 80 
INFO  @ Fri, 13 Oct 2023 16:20:01: Determining the trim-5 length of FASTQ file ../../FASTQ_files/PatuS/PatuS-Cas9-21d-1_R2_001.fastq.gz... 
INFO  @ Fri, 13 Oct 2023 16:20:01: Possible gRNA lengths:20 
INFO  @ Fri, 13 Oct 2023 16:20:01: Processing 0M reads ... 
INFO  @ Fri, 13 Oct 2023 16:20:11: Read length:209,250,35,247,210,217,207,41,208,216,248,249,215,182,118,245,227,206,223,203,161,177,205,246,47,204,58,199,42,83,117,202,224,44,211,46,149,195,84,239,244,148,200,229,201,236,171,48,79,222,198,218,55,40,65,139 
INFO  @ Fri, 13 Oct 2023 16:20:11: Total tested reads: 79211, mapped: 76708(0.9684008534168235) 
INFO  @ Fri, 13 Oct 2023 16:20:11: --trim-5 test data: (trim_length reads fraction) 
INFO  @ Fri, 13 Oct 2023 16:20:11: 109	75877	0.9891667101214997 
INFO  @ Fri, 13 Oct 2023 16:20:11: 108	323	0.004210773322208896 
INFO  @ Fri, 13 Oct 2023 16:20:11: 110	263	0.00342858632737133 
INFO  @ Fri, 13 Oct 2023 16:20:11: 117	189	0.0024638890337383324 
INFO  @ Fri, 13 Oct 2023 16:20:11: 107	31	0.00040412994733274234 
INFO  @ Fri, 13 Oct 2023 16:20:11: 106	11	0.00014340094905355372 
INFO  @ Fri, 13 Oct 2023 16:20:11: 104	6	7.821869948375658e-05 
INFO  @ Fri, 13 Oct 2023 16:20:11: 101	3	3.910934974187829e-05 
INFO  @ Fri, 13 Oct 2023 16:20:11: 105	2	2.6072899827918862e-05 
INFO  @ Fri, 13 Oct 2023 16:20:11: 116	2	2.6072899827918862e-05 
INFO  @ Fri, 13 Oct 2023 16:20:11: 100	1	1.3036449913959431e-05 
INFO  @ Fri, 13 Oct 2023 16:20:11: Auto determination of trim5 results: 109 
INFO  @ Fri, 13 Oct 2023 16:20:11: Possible gRNA lengths:20 
INFO  @ Fri, 13 Oct 2023 16:20:11: Processing 0M reads .. 
INFO  @ Fri, 13 Oct 2023 16:20:11: Total: 79211. 
INFO  @ Fri, 13 Oct 2023 16:20:11: Mapped: 77892. 
INFO  @ Fri, 13 Oct 2023 16:20:11: Parsing FASTQ file ../../FASTQ_files/PatuS/PatuS-Cas9-21d-2_R1_001.fastq.gz... 
INFO  @ Fri, 13 Oct 2023 16:20:11: Determining the trim-5 length of FASTQ file ../../FASTQ_files/PatuS/PatuS-Cas9-21d-2_R1_001.fastq.gz... 
INFO  @ Fri, 13 Oct 2023 16:20:11: Possible gRNA lengths:20 
INFO  @ Fri, 13 Oct 2023 16:20:11: Processing 0M reads ... 
INFO  @ Fri, 13 Oct 2023 16:20:14: Read length:209,208,250,217,248,216,249,210,227,182,207,206,189,49,204,205,168,197,62,54,98,211,247,35,201,215,37,229,53,79,200,57,202,52,246,175,203,64,55,135,188,169,159,109,48,218,199,183,71,41,72,43,118,212,226,59,139,75,88,90 
INFO  @ Fri, 13 Oct 2023 16:20:14: Total tested reads: 61523, mapped: 59446(0.9662402678673017) 
INFO  @ Fri, 13 Oct 2023 16:20:14: --trim-5 test data: (trim_length reads fraction) 
INFO  @ Fri, 13 Oct 2023 16:20:14: 80	58596	0.9857013087507991 
INFO  @ Fri, 13 Oct 2023 16:20:14: 79	584	0.009824041987686303 
INFO  @ Fri, 13 Oct 2023 16:20:14: 81	192	0.0032298220233489216 
INFO  @ Fri, 13 Oct 2023 16:20:14: 78	34	0.0005719476499680382 
INFO  @ Fri, 13 Oct 2023 16:20:14: 77	16	0.00026915183527907683 
INFO  @ Fri, 13 Oct 2023 16:20:14: 75	8	0.00013457591763953842 
INFO  @ Fri, 13 Oct 2023 16:20:14: 76	7	0.0001177539279345961 
INFO  @ Fri, 13 Oct 2023 16:20:14: 73	3	5.04659691148269e-05 
INFO  @ Fri, 13 Oct 2023 16:20:14: 180	2	3.3643979409884604e-05 
INFO  @ Fri, 13 Oct 2023 16:20:14: 71	2	3.3643979409884604e-05 
INFO  @ Fri, 13 Oct 2023 16:20:14: 72	2	3.3643979409884604e-05 
INFO  @ Fri, 13 Oct 2023 16:20:14: Auto determination of trim5 results: 80 
INFO  @ Fri, 13 Oct 2023 16:20:14: Determining the trim-5 length of FASTQ file ../../FASTQ_files/PatuS/PatuS-Cas9-21d-2_R2_001.fastq.gz... 
INFO  @ Fri, 13 Oct 2023 16:20:14: Possible gRNA lengths:20 
INFO  @ Fri, 13 Oct 2023 16:20:14: Processing 0M reads ... 
INFO  @ Fri, 13 Oct 2023 16:20:21: Read length:209,249,208,217,216,248,250,210,227,247,182,207,206,189,49,205,204,168,197,62,54,98,201,215,37,229,53,246,79,200,57,202,52,175,203,64,55,211,188,169,159,109,218,183,71,41,72,212,226,59,139,75,48,35,88,90 
INFO  @ Fri, 13 Oct 2023 16:20:21: Total tested reads: 61523, mapped: 58742(0.9547973928449522) 
INFO  @ Fri, 13 Oct 2023 16:20:21: --trim-5 test data: (trim_length reads fraction) 
INFO  @ Fri, 13 Oct 2023 16:20:21: 109	58073	0.9886112151441898 
INFO  @ Fri, 13 Oct 2023 16:20:21: 108	246	0.0041878042967553025 
INFO  @ Fri, 13 Oct 2023 16:20:21: 117	198	0.003370671751046951 
INFO  @ Fri, 13 Oct 2023 16:20:21: 110	185	0.0031493650199176056 
INFO  @ Fri, 13 Oct 2023 16:20:21: 107	19	0.00032344829934288923 
INFO  @ Fri, 13 Oct 2023 16:20:21: 106	8	0.00013618875761805863 
INFO  @ Fri, 13 Oct 2023 16:20:21: 101	4	6.809437880902931e-05 
INFO  @ Fri, 13 Oct 2023 16:20:21: 105	3	5.107078410677199e-05 
INFO  @ Fri, 13 Oct 2023 16:20:21: 206	2	3.4047189404514656e-05 
INFO  @ Fri, 13 Oct 2023 16:20:21: 116	2	3.4047189404514656e-05 
INFO  @ Fri, 13 Oct 2023 16:20:21: 111	1	1.7023594702257328e-05 
INFO  @ Fri, 13 Oct 2023 16:20:21: 103	1	1.7023594702257328e-05 
INFO  @ Fri, 13 Oct 2023 16:20:21: Auto determination of trim5 results: 109 
INFO  @ Fri, 13 Oct 2023 16:20:21: Possible gRNA lengths:20 
INFO  @ Fri, 13 Oct 2023 16:20:21: Processing 0M reads .. 
INFO  @ Fri, 13 Oct 2023 16:20:22: Total: 61523. 
INFO  @ Fri, 13 Oct 2023 16:20:22: Mapped: 60003. 
INFO  @ Fri, 13 Oct 2023 16:20:22: Parsing FASTQ file ../../FASTQ_files/PatuS/PatuS-Cas9-21d-3_R1_001.fastq.gz... 
INFO  @ Fri, 13 Oct 2023 16:20:22: Determining the trim-5 length of FASTQ file ../../FASTQ_files/PatuS/PatuS-Cas9-21d-3_R1_001.fastq.gz... 
INFO  @ Fri, 13 Oct 2023 16:20:22: Possible gRNA lengths:20 
INFO  @ Fri, 13 Oct 2023 16:20:22: Processing 0M reads ... 
INFO  @ Fri, 13 Oct 2023 16:20:25: Read length:209,250,208,249,216,207,210,217,205,79,182,138,153,206,248,41,227,183,54,204,136,135,55,203,215,81,201,246,224,58,52,202,211,122,60,212,175,193,93,164,72,163,199,144,48,245,247,229,195,181,242,128,233,76,180,190,74,62,223,75,174,200,66,155,187,198,53,35 
INFO  @ Fri, 13 Oct 2023 16:20:25: Total tested reads: 72065, mapped: 69587(0.9656143759106363) 
INFO  @ Fri, 13 Oct 2023 16:20:25: --trim-5 test data: (trim_length reads fraction) 
INFO  @ Fri, 13 Oct 2023 16:20:25: 80	68597	0.9857732047652579 
INFO  @ Fri, 13 Oct 2023 16:20:25: 79	691	0.009930015663845259 
INFO  @ Fri, 13 Oct 2023 16:20:25: 81	204	0.002931582048371104 
INFO  @ Fri, 13 Oct 2023 16:20:25: 78	38	0.0005460790090103037 
INFO  @ Fri, 13 Oct 2023 16:20:25: 77	20	0.00028741000474226505 
INFO  @ Fri, 13 Oct 2023 16:20:25: 76	11	0.0001580755026082458 
INFO  @ Fri, 13 Oct 2023 16:20:25: 75	11	0.0001580755026082458 
INFO  @ Fri, 13 Oct 2023 16:20:25: 74	9	0.00012933450213401928 
INFO  @ Fri, 13 Oct 2023 16:20:25: 82	2	2.8741000474226508e-05 
INFO  @ Fri, 13 Oct 2023 16:20:25: 72	2	2.8741000474226508e-05 
INFO  @ Fri, 13 Oct 2023 16:20:25: 73	1	1.4370500237113254e-05 
INFO  @ Fri, 13 Oct 2023 16:20:25: 71	1	1.4370500237113254e-05 
INFO  @ Fri, 13 Oct 2023 16:20:25: Auto determination of trim5 results: 80 
INFO  @ Fri, 13 Oct 2023 16:20:25: Determining the trim-5 length of FASTQ file ../../FASTQ_files/PatuS/PatuS-Cas9-21d-3_R2_001.fastq.gz... 
INFO  @ Fri, 13 Oct 2023 16:20:25: Possible gRNA lengths:20 
INFO  @ Fri, 13 Oct 2023 16:20:25: Processing 0M reads ... 
INFO  @ Fri, 13 Oct 2023 16:20:33: Read length:209,250,208,216,249,210,217,205,79,182,153,206,248,41,247,227,183,54,204,207,55,203,81,246,201,224,215,202,211,122,60,212,175,193,93,164,72,163,58,144,48,52,245,229,195,181,242,128,233,76,180,190,74,62,223,75,235,174,200,66,155,187,199,53,35 
INFO  @ Fri, 13 Oct 2023 16:20:33: Total tested reads: 72065, mapped: 69077(0.9585374314854646) 
INFO  @ Fri, 13 Oct 2023 16:20:33: --trim-5 test data: (trim_length reads fraction) 
INFO  @ Fri, 13 Oct 2023 16:20:33: 109	68287	0.9885634871230655 
INFO  @ Fri, 13 Oct 2023 16:20:33: 108	303	0.0043864093692546 
INFO  @ Fri, 13 Oct 2023 16:20:33: 110	258	0.003734962433226689 
INFO  @ Fri, 13 Oct 2023 16:20:33: 117	187	0.0027071239341604296 
INFO  @ Fri, 13 Oct 2023 16:20:33: 107	26	0.0003763915630383485 
INFO  @ Fri, 13 Oct 2023 16:20:33: 106	5	7.23829928919901e-05 
INFO  @ Fri, 13 Oct 2023 16:20:33: 104	4	5.790639431359208e-05 
INFO  @ Fri, 13 Oct 2023 16:20:33: 116	2	2.895319715679604e-05 
INFO  @ Fri, 13 Oct 2023 16:20:33: 102	1	1.447659857839802e-05 
INFO  @ Fri, 13 Oct 2023 16:20:33: 101	1	1.447659857839802e-05 
INFO  @ Fri, 13 Oct 2023 16:20:33: 111	1	1.447659857839802e-05 
INFO  @ Fri, 13 Oct 2023 16:20:33: 135	1	1.447659857839802e-05 
INFO  @ Fri, 13 Oct 2023 16:20:33: 105	1	1.447659857839802e-05 
INFO  @ Fri, 13 Oct 2023 16:20:33: Auto determination of trim5 results: 109 
INFO  @ Fri, 13 Oct 2023 16:20:33: Possible gRNA lengths:20 
INFO  @ Fri, 13 Oct 2023 16:20:33: Processing 0M reads .. 
INFO  @ Fri, 13 Oct 2023 16:20:34: Total: 72065. 
INFO  @ Fri, 13 Oct 2023 16:20:34: Mapped: 70291. 
INFO  @ Fri, 13 Oct 2023 16:20:34: Parsing FASTQ file ../../FASTQ_files/PatuS/PatuS-Cas9-21d-4_R1_001.fastq.gz... 
INFO  @ Fri, 13 Oct 2023 16:20:34: Determining the trim-5 length of FASTQ file ../../FASTQ_files/PatuS/PatuS-Cas9-21d-4_R1_001.fastq.gz... 
INFO  @ Fri, 13 Oct 2023 16:20:34: Possible gRNA lengths:20 
INFO  @ Fri, 13 Oct 2023 16:20:34: Processing 0M reads ... 
INFO  @ Fri, 13 Oct 2023 16:20:38: Read length:209,250,249,208,216,248,210,217,207,205,202,35,206,41,90,200,227,213,203,204,182,247,242,192,101,215,199,52,55,183,112,38,54,53,201,189,223,59,48,218,246,108,193,147,188,66,211,225,77,165,43,133,64,245,196,76,214,65,229,56,155,163,153,222,198,49 
INFO  @ Fri, 13 Oct 2023 16:20:38: Total tested reads: 71311, mapped: 68213(0.9565564919858086) 
INFO  @ Fri, 13 Oct 2023 16:20:38: --trim-5 test data: (trim_length reads fraction) 
INFO  @ Fri, 13 Oct 2023 16:20:38: 80	67255	0.9859557562341489 
INFO  @ Fri, 13 Oct 2023 16:20:38: 79	647	0.009484995528711536 
INFO  @ Fri, 13 Oct 2023 16:20:38: 81	231	0.0033864512629557418 
INFO  @ Fri, 13 Oct 2023 16:20:38: 78	31	0.00045445882749622506 
INFO  @ Fri, 13 Oct 2023 16:20:38: 77	21	0.0003078592057232492 
INFO  @ Fri, 13 Oct 2023 16:20:38: 75	9	0.00013193965959567823 
INFO  @ Fri, 13 Oct 2023 16:20:38: 76	7	0.00010261973524108308 
INFO  @ Fri, 13 Oct 2023 16:20:38: 74	3	4.397988653189275e-05 
INFO  @ Fri, 13 Oct 2023 16:20:38: 73	2	2.9319924354595164e-05 
INFO  @ Fri, 13 Oct 2023 16:20:38: 94	2	2.9319924354595164e-05 
INFO  @ Fri, 13 Oct 2023 16:20:38: 71	1	1.4659962177297582e-05 
INFO  @ Fri, 13 Oct 2023 16:20:38: 72	1	1.4659962177297582e-05 
INFO  @ Fri, 13 Oct 2023 16:20:38: 70	1	1.4659962177297582e-05 
INFO  @ Fri, 13 Oct 2023 16:20:38: 93	1	1.4659962177297582e-05 
INFO  @ Fri, 13 Oct 2023 16:20:38: 69	1	1.4659962177297582e-05 
INFO  @ Fri, 13 Oct 2023 16:20:38: Auto determination of trim5 results: 80 
INFO  @ Fri, 13 Oct 2023 16:20:38: Determining the trim-5 length of FASTQ file ../../FASTQ_files/PatuS/PatuS-Cas9-21d-4_R2_001.fastq.gz... 
INFO  @ Fri, 13 Oct 2023 16:20:38: Possible gRNA lengths:20 
INFO  @ Fri, 13 Oct 2023 16:20:38: Processing 0M reads ... 
INFO  @ Fri, 13 Oct 2023 16:20:47: Read length:209,250,208,249,216,210,217,248,207,205,202,35,206,41,90,200,227,213,203,204,182,242,246,101,52,247,55,183,112,38,54,53,201,189,223,198,59,215,48,218,108,193,147,188,66,225,77,165,64,196,76,199,214,65,229,56,155,163,153,222,49 
INFO  @ Fri, 13 Oct 2023 16:20:47: Total tested reads: 71311, mapped: 67594(0.9478762042321661) 
INFO  @ Fri, 13 Oct 2023 16:20:47: --trim-5 test data: (trim_length reads fraction) 
INFO  @ Fri, 13 Oct 2023 16:20:47: 109	66679	0.9864632955587774 
INFO  @ Fri, 13 Oct 2023 16:20:47: 117	314	0.00464538272627748 
INFO  @ Fri, 13 Oct 2023 16:20:47: 108	311	0.004601000088765275 
INFO  @ Fri, 13 Oct 2023 16:20:47: 110	234	0.0034618457259520076 
INFO  @ Fri, 13 Oct 2023 16:20:47: 107	28	0.0004142379501139154 
INFO  @ Fri, 13 Oct 2023 16:20:47: 106	7	0.00010355948752847885 
INFO  @ Fri, 13 Oct 2023 16:20:47: 105	7	0.00010355948752847885 
INFO  @ Fri, 13 Oct 2023 16:20:47: 101	4	5.917685001627363e-05 
INFO  @ Fri, 13 Oct 2023 16:20:47: 103	3	4.4382637512205227e-05 
INFO  @ Fri, 13 Oct 2023 16:20:47: 104	2	2.9588425008136817e-05 
INFO  @ Fri, 13 Oct 2023 16:20:47: 100	1	1.4794212504068408e-05 
INFO  @ Fri, 13 Oct 2023 16:20:47: 99	1	1.4794212504068408e-05 
INFO  @ Fri, 13 Oct 2023 16:20:47: 111	1	1.4794212504068408e-05 
INFO  @ Fri, 13 Oct 2023 16:20:47: 118	1	1.4794212504068408e-05 
INFO  @ Fri, 13 Oct 2023 16:20:47: 102	1	1.4794212504068408e-05 
INFO  @ Fri, 13 Oct 2023 16:20:47: Auto determination of trim5 results: 109 
INFO  @ Fri, 13 Oct 2023 16:20:47: Possible gRNA lengths:20 
INFO  @ Fri, 13 Oct 2023 16:20:47: Processing 0M reads .. 
INFO  @ Fri, 13 Oct 2023 16:20:48: Total: 71311. 
INFO  @ Fri, 13 Oct 2023 16:20:48: Mapped: 68876. 
INFO  @ Fri, 13 Oct 2023 16:20:48: Parsing FASTQ file ../../FASTQ_files/PatuS/PatuS-Cas9-21d-5_R1_001.fastq.gz... 
INFO  @ Fri, 13 Oct 2023 16:20:48: Determining the trim-5 length of FASTQ file ../../FASTQ_files/PatuS/PatuS-Cas9-21d-5_R1_001.fastq.gz... 
INFO  @ Fri, 13 Oct 2023 16:20:48: Possible gRNA lengths:20 
INFO  @ Fri, 13 Oct 2023 16:20:48: Processing 0M reads ... 
INFO  @ Fri, 13 Oct 2023 16:20:51: Read length:209,250,249,208,205,210,248,175,227,206,204,207,246,215,214,183,201,54,125,203,247,65,121,224,61,50,35,216,197,136,157,90,115,55,41,147,58,223,143,202,80,67,57,53,198,211,62,69,181,59,123,39,108,199,137,63,217,42,170,68,226,47 
INFO  @ Fri, 13 Oct 2023 16:20:51: Total tested reads: 66995, mapped: 65521(0.9779983580864243) 
INFO  @ Fri, 13 Oct 2023 16:20:51: --trim-5 test data: (trim_length reads fraction) 
INFO  @ Fri, 13 Oct 2023 16:20:51: 80	64687	0.9872712565437035 
INFO  @ Fri, 13 Oct 2023 16:20:51: 79	550	0.008394255276934113 
INFO  @ Fri, 13 Oct 2023 16:20:51: 81	208	0.0031745547229132644 
INFO  @ Fri, 13 Oct 2023 16:20:51: 78	35	0.0005341798812594435 
INFO  @ Fri, 13 Oct 2023 16:20:51: 77	14	0.00021367195250377742 
INFO  @ Fri, 13 Oct 2023 16:20:51: 75	11	0.00016788510553868225 
INFO  @ Fri, 13 Oct 2023 16:20:51: 74	6	9.157369393019033e-05 
INFO  @ Fri, 13 Oct 2023 16:20:51: 72	4	6.104912928679354e-05 
INFO  @ Fri, 13 Oct 2023 16:20:51: 76	3	4.5786846965095163e-05 
INFO  @ Fri, 13 Oct 2023 16:20:51: 73	1	1.5262282321698386e-05 
INFO  @ Fri, 13 Oct 2023 16:20:51: 69	1	1.5262282321698386e-05 
INFO  @ Fri, 13 Oct 2023 16:20:51: 70	1	1.5262282321698386e-05 
INFO  @ Fri, 13 Oct 2023 16:20:51: Auto determination of trim5 results: 80 
INFO  @ Fri, 13 Oct 2023 16:20:51: Determining the trim-5 length of FASTQ file ../../FASTQ_files/PatuS/PatuS-Cas9-21d-5_R2_001.fastq.gz... 
INFO  @ Fri, 13 Oct 2023 16:20:51: Possible gRNA lengths:20 
INFO  @ Fri, 13 Oct 2023 16:20:51: Processing 0M reads ... 
INFO  @ Fri, 13 Oct 2023 16:20:58: Read length:209,250,210,249,208,205,175,227,206,204,207,215,183,201,54,125,203,248,247,65,121,224,61,50,246,35,216,197,157,90,115,55,41,147,58,223,143,202,80,67,57,53,198,211,62,69,181,59,123,214,39,108,199,63,217,170,68,226,47 
INFO  @ Fri, 13 Oct 2023 16:20:58: Total tested reads: 66995, mapped: 65032(0.9706993059183521) 
INFO  @ Fri, 13 Oct 2023 16:20:58: --trim-5 test data: (trim_length reads fraction) 
INFO  @ Fri, 13 Oct 2023 16:20:58: 109	64492	0.9916963956206175 
INFO  @ Fri, 13 Oct 2023 16:20:58: 108	293	0.004505474228072333 
INFO  @ Fri, 13 Oct 2023 16:20:58: 110	199	0.0030600319842539058 
INFO  @ Fri, 13 Oct 2023 16:20:58: 107	28	0.00043055726411612744 
INFO  @ Fri, 13 Oct 2023 16:20:58: 106	6	9.22622708820273e-05 
INFO  @ Fri, 13 Oct 2023 16:20:58: 103	4	6.150818058801821e-05 
INFO  @ Fri, 13 Oct 2023 16:20:58: 105	3	4.613113544101365e-05 
INFO  @ Fri, 13 Oct 2023 16:20:58: 104	3	4.613113544101365e-05 
INFO  @ Fri, 13 Oct 2023 16:20:58: 111	2	3.0754090294009104e-05 
INFO  @ Fri, 13 Oct 2023 16:20:58: 117	2	3.0754090294009104e-05 
INFO  @ Fri, 13 Oct 2023 16:20:58: Auto determination of trim5 results: 109 
INFO  @ Fri, 13 Oct 2023 16:20:58: Possible gRNA lengths:20 
INFO  @ Fri, 13 Oct 2023 16:20:58: Processing 0M reads .. 
INFO  @ Fri, 13 Oct 2023 16:20:59: Total: 66995. 
INFO  @ Fri, 13 Oct 2023 16:20:59: Mapped: 66148. 
INFO  @ Fri, 13 Oct 2023 16:20:59: Parsing FASTQ file ../../FASTQ_files/PatuS/PatuS-Cas9-7d-1_R1_001.fastq.gz... 
INFO  @ Fri, 13 Oct 2023 16:20:59: Determining the trim-5 length of FASTQ file ../../FASTQ_files/PatuS/PatuS-Cas9-7d-1_R1_001.fastq.gz... 
INFO  @ Fri, 13 Oct 2023 16:20:59: Possible gRNA lengths:20 
INFO  @ Fri, 13 Oct 2023 16:20:59: Processing 0M reads ... 
INFO  @ Fri, 13 Oct 2023 16:21:01: Read length:209,248,246,208,210,250,217,35,216,205,207,204,206,249,171,44,223,247,224,157,182,199,57,39,91,201,213,181,47,203,221,183,41,51,135,202,52,50,211,58,150,46,149,200,55,215,229,212,136,147,48,180,49,61,56,170,245,43,45 
INFO  @ Fri, 13 Oct 2023 16:21:01: Total tested reads: 62942, mapped: 60891(0.9674144450446442) 
INFO  @ Fri, 13 Oct 2023 16:21:01: --trim-5 test data: (trim_length reads fraction) 
INFO  @ Fri, 13 Oct 2023 16:21:01: 80	60105	0.9870916884268611 
INFO  @ Fri, 13 Oct 2023 16:21:01: 79	538	0.00883546008441313 
INFO  @ Fri, 13 Oct 2023 16:21:01: 81	181	0.002972524675239362 
INFO  @ Fri, 13 Oct 2023 16:21:01: 78	38	0.0006240659539176562 
INFO  @ Fri, 13 Oct 2023 16:21:01: 76	8	0.0001313823060879276 
INFO  @ Fri, 13 Oct 2023 16:21:01: 77	7	0.00011495951782693665 
INFO  @ Fri, 13 Oct 2023 16:21:01: 75	5	8.211394130495475e-05 
INFO  @ Fri, 13 Oct 2023 16:21:01: 74	3	4.9268364782972854e-05 
INFO  @ Fri, 13 Oct 2023 16:21:01: 84	2	3.28455765219819e-05 
INFO  @ Fri, 13 Oct 2023 16:21:01: 82	1	1.642278826099095e-05 
INFO  @ Fri, 13 Oct 2023 16:21:01: 83	1	1.642278826099095e-05 
INFO  @ Fri, 13 Oct 2023 16:21:01: 72	1	1.642278826099095e-05 
INFO  @ Fri, 13 Oct 2023 16:21:01: 70	1	1.642278826099095e-05 
INFO  @ Fri, 13 Oct 2023 16:21:01: Auto determination of trim5 results: 80 
INFO  @ Fri, 13 Oct 2023 16:21:01: Determining the trim-5 length of FASTQ file ../../FASTQ_files/PatuS/PatuS-Cas9-7d-1_R2_001.fastq.gz... 
INFO  @ Fri, 13 Oct 2023 16:21:01: Possible gRNA lengths:20 
INFO  @ Fri, 13 Oct 2023 16:21:01: Processing 0M reads ... 
INFO  @ Fri, 13 Oct 2023 16:21:08: Read length:209,250,249,210,208,217,35,216,205,207,204,206,171,247,223,248,224,157,182,199,57,39,91,213,181,47,203,221,183,41,51,202,52,215,211,58,150,201,46,149,200,55,229,212,147,48,180,61,56,170,63,69,45 
INFO  @ Fri, 13 Oct 2023 16:21:08: Total tested reads: 62942, mapped: 60303(0.9580725112007881) 
INFO  @ Fri, 13 Oct 2023 16:21:08: --trim-5 test data: (trim_length reads fraction) 
INFO  @ Fri, 13 Oct 2023 16:21:08: 109	59748	0.9907964777871747 
INFO  @ Fri, 13 Oct 2023 16:21:08: 108	235	0.0038969868829079814 
INFO  @ Fri, 13 Oct 2023 16:21:08: 110	174	0.002885428585642505 
INFO  @ Fri, 13 Oct 2023 16:21:08: 117	95	0.001575377676069184 
INFO  @ Fri, 13 Oct 2023 16:21:08: 107	22	0.000364824303931811 
INFO  @ Fri, 13 Oct 2023 16:21:08: 106	12	0.00019899507487189692 
INFO  @ Fri, 13 Oct 2023 16:21:08: 105	8	0.0001326633832479313 
INFO  @ Fri, 13 Oct 2023 16:21:08: 104	3	4.974876871797423e-05 
INFO  @ Fri, 13 Oct 2023 16:21:08: 103	2	3.316584581198282e-05 
INFO  @ Fri, 13 Oct 2023 16:21:08: 102	1	1.658292290599141e-05 
INFO  @ Fri, 13 Oct 2023 16:21:08: 101	1	1.658292290599141e-05 
INFO  @ Fri, 13 Oct 2023 16:21:08: 183	1	1.658292290599141e-05 
INFO  @ Fri, 13 Oct 2023 16:21:08: 100	1	1.658292290599141e-05 
INFO  @ Fri, 13 Oct 2023 16:21:08: Auto determination of trim5 results: 109 
INFO  @ Fri, 13 Oct 2023 16:21:08: Possible gRNA lengths:20 
INFO  @ Fri, 13 Oct 2023 16:21:08: Processing 0M reads .. 
INFO  @ Fri, 13 Oct 2023 16:21:09: Total: 62942. 
INFO  @ Fri, 13 Oct 2023 16:21:09: Mapped: 61514. 
INFO  @ Fri, 13 Oct 2023 16:21:09: Parsing FASTQ file ../../FASTQ_files/PatuS/PatuS-Cas9-7d-2_R1_001.fastq.gz... 
INFO  @ Fri, 13 Oct 2023 16:21:09: Determining the trim-5 length of FASTQ file ../../FASTQ_files/PatuS/PatuS-Cas9-7d-2_R1_001.fastq.gz... 
INFO  @ Fri, 13 Oct 2023 16:21:09: Possible gRNA lengths:20 
INFO  @ Fri, 13 Oct 2023 16:21:09: Processing 0M reads ... 
INFO  @ Fri, 13 Oct 2023 16:21:12: Read length:209,248,208,217,250,216,247,210,249,246,223,211,52,171,207,203,35,205,144,213,206,245,155,150,66,215,204,82,182,201,153,189,48,58,41,47,221,107,123,76,50,148,147,202,71,158,39,197,165,186,222,170,57,40,149,49,218,169,220,132,199 
INFO  @ Fri, 13 Oct 2023 16:21:12: Total tested reads: 81665, mapped: 78270(0.9584277230147554) 
INFO  @ Fri, 13 Oct 2023 16:21:12: --trim-5 test data: (trim_length reads fraction) 
INFO  @ Fri, 13 Oct 2023 16:21:12: 80	77155	0.9857544397598058 
INFO  @ Fri, 13 Oct 2023 16:21:12: 79	797	0.010182700907116392 
INFO  @ Fri, 13 Oct 2023 16:21:12: 81	232	0.002964098632937268 
INFO  @ Fri, 13 Oct 2023 16:21:12: 78	35	0.0004471700523827776 
INFO  @ Fri, 13 Oct 2023 16:21:12: 76	20	0.00025552574421873004 
INFO  @ Fri, 13 Oct 2023 16:21:12: 77	17	0.00021719688258592054 
INFO  @ Fri, 13 Oct 2023 16:21:12: 74	4	5.110514884374601e-05 
INFO  @ Fri, 13 Oct 2023 16:21:12: 82	3	3.8328861632809504e-05 
INFO  @ Fri, 13 Oct 2023 16:21:12: 75	3	3.8328861632809504e-05 
INFO  @ Fri, 13 Oct 2023 16:21:12: 73	2	2.5552574421873005e-05 
INFO  @ Fri, 13 Oct 2023 16:21:12: 72	1	1.2776287210936502e-05 
INFO  @ Fri, 13 Oct 2023 16:21:12: 70	1	1.2776287210936502e-05 
INFO  @ Fri, 13 Oct 2023 16:21:12: Auto determination of trim5 results: 80 
INFO  @ Fri, 13 Oct 2023 16:21:12: Determining the trim-5 length of FASTQ file ../../FASTQ_files/PatuS/PatuS-Cas9-7d-2_R2_001.fastq.gz... 
INFO  @ Fri, 13 Oct 2023 16:21:12: Possible gRNA lengths:20 
INFO  @ Fri, 13 Oct 2023 16:21:12: Processing 0M reads ... 
INFO  @ Fri, 13 Oct 2023 16:21:22: Read length:209,208,217,216,249,250,247,210,223,211,248,171,207,203,35,205,213,206,155,150,215,204,245,82,182,201,153,189,48,47,58,71,41,221,107,123,76,50,246,148,202,52,158,39,197,165,186,222,170,57,40,149,49,218,169,220,132,199 
INFO  @ Fri, 13 Oct 2023 16:21:22: Total tested reads: 81665, mapped: 78046(0.9556848098940794) 
INFO  @ Fri, 13 Oct 2023 16:21:22: --trim-5 test data: (trim_length reads fraction) 
INFO  @ Fri, 13 Oct 2023 16:21:22: 109	77220	0.9894164979627399 
INFO  @ Fri, 13 Oct 2023 16:21:22: 108	310	0.003972016503087922 
INFO  @ Fri, 13 Oct 2023 16:21:22: 110	253	0.003241677984778208 
INFO  @ Fri, 13 Oct 2023 16:21:22: 117	203	0.0026010301616995104 
INFO  @ Fri, 13 Oct 2023 16:21:22: 107	32	0.0004100146067703662 
INFO  @ Fri, 13 Oct 2023 16:21:22: 105	8	0.00010250365169259155 
INFO  @ Fri, 13 Oct 2023 16:21:22: 106	6	7.687773876944367e-05 
INFO  @ Fri, 13 Oct 2023 16:21:22: 103	6	7.687773876944367e-05 
INFO  @ Fri, 13 Oct 2023 16:21:22: 102	2	2.5625912923147888e-05 
INFO  @ Fri, 13 Oct 2023 16:21:22: 97	2	2.5625912923147888e-05 
INFO  @ Fri, 13 Oct 2023 16:21:22: 101	1	1.2812956461573944e-05 
INFO  @ Fri, 13 Oct 2023 16:21:22: 116	1	1.2812956461573944e-05 
INFO  @ Fri, 13 Oct 2023 16:21:22: 115	1	1.2812956461573944e-05 
INFO  @ Fri, 13 Oct 2023 16:21:22: 118	1	1.2812956461573944e-05 
INFO  @ Fri, 13 Oct 2023 16:21:22: Auto determination of trim5 results: 109 
INFO  @ Fri, 13 Oct 2023 16:21:22: Possible gRNA lengths:20 
INFO  @ Fri, 13 Oct 2023 16:21:22: Processing 0M reads .. 
INFO  @ Fri, 13 Oct 2023 16:21:23: Total: 81665. 
INFO  @ Fri, 13 Oct 2023 16:21:23: Mapped: 79208. 
INFO  @ Fri, 13 Oct 2023 16:21:23: Parsing FASTQ file ../../FASTQ_files/PatuS/PatuS-Cas9-7d-3_R1_001.fastq.gz... 
INFO  @ Fri, 13 Oct 2023 16:21:23: Determining the trim-5 length of FASTQ file ../../FASTQ_files/PatuS/PatuS-Cas9-7d-3_R1_001.fastq.gz... 
INFO  @ Fri, 13 Oct 2023 16:21:23: Possible gRNA lengths:20 
INFO  @ Fri, 13 Oct 2023 16:21:23: Processing 0M reads ... 
INFO  @ Fri, 13 Oct 2023 16:21:27: Read length:248,209,171,208,217,250,210,216,249,207,246,245,247,56,85,205,211,204,68,136,44,58,206,182,223,215,149,35,38,197,49,57,224,65,229,192,42,187,47,46,48,242,128,244,221,137,75,91,41,202,54,218,83,43,139,213,232,239,199,212,243,101,200,203,181 
INFO  @ Fri, 13 Oct 2023 16:21:27: Total tested reads: 92199, mapped: 89218(0.9676677621232335) 
INFO  @ Fri, 13 Oct 2023 16:21:27: --trim-5 test data: (trim_length reads fraction) 
INFO  @ Fri, 13 Oct 2023 16:21:27: 80	88027	0.9866506758725818 
INFO  @ Fri, 13 Oct 2023 16:21:27: 79	815	0.009134927929341613 
INFO  @ Fri, 13 Oct 2023 16:21:27: 81	253	0.00283575063328028 
INFO  @ Fri, 13 Oct 2023 16:21:27: 78	55	0.0006164675289739739 
INFO  @ Fri, 13 Oct 2023 16:21:27: 77	18	0.00020175300948239145 
INFO  @ Fri, 13 Oct 2023 16:21:27: 75	17	0.00019054450895559193 
INFO  @ Fri, 13 Oct 2023 16:21:27: 76	15	0.00016812750790199288 
INFO  @ Fri, 13 Oct 2023 16:21:27: 63	6	6.725100316079714e-05 
INFO  @ Fri, 13 Oct 2023 16:21:27: 82	4	4.48340021071981e-05 
INFO  @ Fri, 13 Oct 2023 16:21:27: 73	2	2.241700105359905e-05 
INFO  @ Fri, 13 Oct 2023 16:21:27: 68	2	2.241700105359905e-05 
INFO  @ Fri, 13 Oct 2023 16:21:27: 20	1	1.1208500526799525e-05 
INFO  @ Fri, 13 Oct 2023 16:21:27: 71	1	1.1208500526799525e-05 
INFO  @ Fri, 13 Oct 2023 16:21:27: 74	1	1.1208500526799525e-05 
INFO  @ Fri, 13 Oct 2023 16:21:27: 70	1	1.1208500526799525e-05 
INFO  @ Fri, 13 Oct 2023 16:21:27: Auto determination of trim5 results: 80 
INFO  @ Fri, 13 Oct 2023 16:21:27: Determining the trim-5 length of FASTQ file ../../FASTQ_files/PatuS/PatuS-Cas9-7d-3_R2_001.fastq.gz... 
INFO  @ Fri, 13 Oct 2023 16:21:27: Possible gRNA lengths:20 
INFO  @ Fri, 13 Oct 2023 16:21:27: Processing 0M reads ... 
INFO  @ Fri, 13 Oct 2023 16:21:37: Read length:209,250,171,217,208,210,216,249,207,248,247,245,56,85,205,246,204,68,44,58,206,182,223,211,215,35,197,49,57,224,65,229,192,47,46,242,128,244,221,137,75,91,41,202,54,102,218,83,139,213,232,239,48,199,212,243,101,200,203,181,42 
INFO  @ Fri, 13 Oct 2023 16:21:37: Total tested reads: 92199, mapped: 88710(0.9621579409754987) 
INFO  @ Fri, 13 Oct 2023 16:21:37: --trim-5 test data: (trim_length reads fraction) 
INFO  @ Fri, 13 Oct 2023 16:21:37: 109	87795	0.9896854920527561 
INFO  @ Fri, 13 Oct 2023 16:21:37: 108	384	0.004328711531958066 
INFO  @ Fri, 13 Oct 2023 16:21:37: 110	271	0.0030548979821891555 
INFO  @ Fri, 13 Oct 2023 16:21:37: 117	207	0.002333446060196145 
INFO  @ Fri, 13 Oct 2023 16:21:37: 107	25	0.0002818171570285199 
INFO  @ Fri, 13 Oct 2023 16:21:37: 104	10	0.00011272686281140796 
INFO  @ Fri, 13 Oct 2023 16:21:37: 106	7	7.890880396798557e-05 
INFO  @ Fri, 13 Oct 2023 16:21:37: 105	7	7.890880396798557e-05 
INFO  @ Fri, 13 Oct 2023 16:21:37: 118	2	2.254537256228159e-05 
INFO  @ Fri, 13 Oct 2023 16:21:37: 111	2	2.254537256228159e-05 
INFO  @ Fri, 13 Oct 2023 16:21:37: Auto determination of trim5 results: 109 
INFO  @ Fri, 13 Oct 2023 16:21:37: Possible gRNA lengths:20 
INFO  @ Fri, 13 Oct 2023 16:21:37: Processing 0M reads .. 
INFO  @ Fri, 13 Oct 2023 16:21:38: Total: 92199. 
INFO  @ Fri, 13 Oct 2023 16:21:38: Mapped: 90042. 
INFO  @ Fri, 13 Oct 2023 16:21:38: Parsing FASTQ file ../../FASTQ_files/PatuS/PatuS-Cas9-7d-4_R1_001.fastq.gz... 
INFO  @ Fri, 13 Oct 2023 16:21:38: Determining the trim-5 length of FASTQ file ../../FASTQ_files/PatuS/PatuS-Cas9-7d-4_R1_001.fastq.gz... 
INFO  @ Fri, 13 Oct 2023 16:21:38: Possible gRNA lengths:20 
INFO  @ Fri, 13 Oct 2023 16:21:38: Processing 0M reads ... 
INFO  @ Fri, 13 Oct 2023 16:21:40: Read length:209,250,249,227,216,208,215,217,41,207,53,210,81,55,214,49,202,248,205,117,118,204,247,35,139,40,66,189,45,154,229,218,46,201,206,188,84,42,77,48,47,149,65,241,203,79,98,95,159,182,54,50,225,199,75,175,246,138,64,151,43,39 
INFO  @ Fri, 13 Oct 2023 16:21:40: Total tested reads: 51461, mapped: 49557(0.963001107634908) 
INFO  @ Fri, 13 Oct 2023 16:21:40: --trim-5 test data: (trim_length reads fraction) 
INFO  @ Fri, 13 Oct 2023 16:21:40: 80	48846	0.9856528845571766 
INFO  @ Fri, 13 Oct 2023 16:21:40: 79	494	0.009968319309078435 
INFO  @ Fri, 13 Oct 2023 16:21:40: 81	161	0.003248784228262405 
INFO  @ Fri, 13 Oct 2023 16:21:40: 78	24	0.00048429081663538953 
INFO  @ Fri, 13 Oct 2023 16:21:40: 77	10	0.00020178784026474565 
INFO  @ Fri, 13 Oct 2023 16:21:40: 112	5	0.00010089392013237283 
INFO  @ Fri, 13 Oct 2023 16:21:40: 76	4	8.071513610589826e-05 
INFO  @ Fri, 13 Oct 2023 16:21:40: 73	3	6.053635207942369e-05 
INFO  @ Fri, 13 Oct 2023 16:21:40: 75	3	6.053635207942369e-05 
INFO  @ Fri, 13 Oct 2023 16:21:40: 72	2	4.035756805294913e-05 
INFO  @ Fri, 13 Oct 2023 16:21:40: 20	2	4.035756805294913e-05 
INFO  @ Fri, 13 Oct 2023 16:21:40: 180	1	2.0178784026474564e-05 
INFO  @ Fri, 13 Oct 2023 16:21:40: 70	1	2.0178784026474564e-05 
INFO  @ Fri, 13 Oct 2023 16:21:40: 74	1	2.0178784026474564e-05 
INFO  @ Fri, 13 Oct 2023 16:21:40: Auto determination of trim5 results: 80 
INFO  @ Fri, 13 Oct 2023 16:21:40: Determining the trim-5 length of FASTQ file ../../FASTQ_files/PatuS/PatuS-Cas9-7d-4_R2_001.fastq.gz... 
INFO  @ Fri, 13 Oct 2023 16:21:40: Possible gRNA lengths:20 
INFO  @ Fri, 13 Oct 2023 16:21:40: Processing 0M reads ... 
INFO  @ Fri, 13 Oct 2023 16:21:45: Read length:209,227,216,250,249,208,215,217,41,248,207,53,154,210,81,55,214,247,246,49,202,205,117,118,204,35,139,241,66,189,45,229,218,46,201,206,188,84,42,77,48,47,149,65,203,79,98,95,159,182,54,225,199,175,40,50,138,64,151,39 
INFO  @ Fri, 13 Oct 2023 16:21:45: Total tested reads: 51461, mapped: 49098(0.9540817317968947) 
INFO  @ Fri, 13 Oct 2023 16:21:45: --trim-5 test data: (trim_length reads fraction) 
INFO  @ Fri, 13 Oct 2023 16:21:45: 109	48494	0.9876980732412726 
INFO  @ Fri, 13 Oct 2023 16:21:45: 108	247	0.0050307548168968185 
INFO  @ Fri, 13 Oct 2023 16:21:45: 117	199	0.00405311825328934 
INFO  @ Fri, 13 Oct 2023 16:21:45: 110	132	0.002688500549920567 
INFO  @ Fri, 13 Oct 2023 16:21:45: 107	14	0.00028514399771884804 
INFO  @ Fri, 13 Oct 2023 16:21:45: 105	2	4.073485681697829e-05 
INFO  @ Fri, 13 Oct 2023 16:21:45: 104	2	4.073485681697829e-05 
INFO  @ Fri, 13 Oct 2023 16:21:45: 106	2	4.073485681697829e-05 
INFO  @ Fri, 13 Oct 2023 16:21:45: 116	2	4.073485681697829e-05 
INFO  @ Fri, 13 Oct 2023 16:21:45: 2	1	2.0367428408489144e-05 
INFO  @ Fri, 13 Oct 2023 16:21:45: 103	1	2.0367428408489144e-05 
INFO  @ Fri, 13 Oct 2023 16:21:45: 118	1	2.0367428408489144e-05 
INFO  @ Fri, 13 Oct 2023 16:21:45: 102	1	2.0367428408489144e-05 
INFO  @ Fri, 13 Oct 2023 16:21:45: Auto determination of trim5 results: 109 
INFO  @ Fri, 13 Oct 2023 16:21:45: Possible gRNA lengths:20 
INFO  @ Fri, 13 Oct 2023 16:21:45: Processing 0M reads .. 
INFO  @ Fri, 13 Oct 2023 16:21:46: Total: 51461. 
INFO  @ Fri, 13 Oct 2023 16:21:46: Mapped: 50090. 
INFO  @ Fri, 13 Oct 2023 16:21:46: Parsing FASTQ file ../../FASTQ_files/PatuS/PatuS-Cas9-7d-5_R1_001.fastq.gz... 
INFO  @ Fri, 13 Oct 2023 16:21:46: Determining the trim-5 length of FASTQ file ../../FASTQ_files/PatuS/PatuS-Cas9-7d-5_R1_001.fastq.gz... 
INFO  @ Fri, 13 Oct 2023 16:21:46: Possible gRNA lengths:20 
INFO  @ Fri, 13 Oct 2023 16:21:46: Processing 0M reads ... 
INFO  @ Fri, 13 Oct 2023 16:21:48: Read length:209,250,249,216,217,208,210,205,245,248,54,207,138,155,91,206,227,199,215,203,42,81,52,49,88,202,204,53,118,154,224,182,183,175,41,247,45,172,201,246,130,197,214,171,194,153,43,211,218,83,226,80,60,237,229,55,63,200,149 
INFO  @ Fri, 13 Oct 2023 16:21:48: Total tested reads: 55411, mapped: 52712(0.9512912598581509) 
INFO  @ Fri, 13 Oct 2023 16:21:48: --trim-5 test data: (trim_length reads fraction) 
INFO  @ Fri, 13 Oct 2023 16:21:48: 80	51987	0.9862460160874185 
INFO  @ Fri, 13 Oct 2023 16:21:48: 79	491	0.00931476703596904 
INFO  @ Fri, 13 Oct 2023 16:21:48: 81	163	0.0030922750037942026 
INFO  @ Fri, 13 Oct 2023 16:21:48: 78	36	0.0006829564425557748 
INFO  @ Fri, 13 Oct 2023 16:21:48: 77	11	0.00020868113522537563 
INFO  @ Fri, 13 Oct 2023 16:21:48: 75	8	0.00015176809834572774 
INFO  @ Fri, 13 Oct 2023 16:21:48: 73	4	7.588404917286387e-05 
INFO  @ Fri, 13 Oct 2023 16:21:48: 74	4	7.588404917286387e-05 
INFO  @ Fri, 13 Oct 2023 16:21:48: 76	2	3.7942024586431934e-05 
INFO  @ Fri, 13 Oct 2023 16:21:48: 72	2	3.7942024586431934e-05 
INFO  @ Fri, 13 Oct 2023 16:21:48: 70	1	1.8971012293215967e-05 
INFO  @ Fri, 13 Oct 2023 16:21:48: 68	1	1.8971012293215967e-05 
INFO  @ Fri, 13 Oct 2023 16:21:48: 82	1	1.8971012293215967e-05 
INFO  @ Fri, 13 Oct 2023 16:21:48: 20	1	1.8971012293215967e-05 
INFO  @ Fri, 13 Oct 2023 16:21:48: Auto determination of trim5 results: 80 
INFO  @ Fri, 13 Oct 2023 16:21:48: Determining the trim-5 length of FASTQ file ../../FASTQ_files/PatuS/PatuS-Cas9-7d-5_R2_001.fastq.gz... 
INFO  @ Fri, 13 Oct 2023 16:21:48: Possible gRNA lengths:20 
INFO  @ Fri, 13 Oct 2023 16:21:48: Processing 0M reads ... 
INFO  @ Fri, 13 Oct 2023 16:21:54: Read length:209,250,216,217,208,210,249,205,204,245,202,54,207,155,227,199,203,42,52,215,49,88,206,247,53,118,154,224,182,183,175,41,45,172,248,130,197,214,171,194,244,153,211,218,83,226,80,60,48,237,229,55,201,63,246,200,149 
INFO  @ Fri, 13 Oct 2023 16:21:54: Total tested reads: 55411, mapped: 52382(0.9453357636570356) 
INFO  @ Fri, 13 Oct 2023 16:21:54: --trim-5 test data: (trim_length reads fraction) 
INFO  @ Fri, 13 Oct 2023 16:21:54: 109	51512	0.9833912412660838 
INFO  @ Fri, 13 Oct 2023 16:21:54: 117	418	0.007979840403191937 
INFO  @ Fri, 13 Oct 2023 16:21:54: 108	228	0.004352640219922875 
INFO  @ Fri, 13 Oct 2023 16:21:54: 110	178	0.0033981138559047 
INFO  @ Fri, 13 Oct 2023 16:21:54: 107	23	0.0004390821274483601 
INFO  @ Fri, 13 Oct 2023 16:21:54: 105	10	0.00019090527280363483 
INFO  @ Fri, 13 Oct 2023 16:21:54: 104	4	7.636210912145394e-05 
INFO  @ Fri, 13 Oct 2023 16:21:54: 116	4	7.636210912145394e-05 
INFO  @ Fri, 13 Oct 2023 16:21:54: 118	2	3.818105456072697e-05 
INFO  @ Fri, 13 Oct 2023 16:21:54: 106	1	1.9090527280363484e-05 
INFO  @ Fri, 13 Oct 2023 16:21:54: 102	1	1.9090527280363484e-05 
INFO  @ Fri, 13 Oct 2023 16:21:54: 101	1	1.9090527280363484e-05 
INFO  @ Fri, 13 Oct 2023 16:21:54: Auto determination of trim5 results: 109 
INFO  @ Fri, 13 Oct 2023 16:21:54: Possible gRNA lengths:20 
INFO  @ Fri, 13 Oct 2023 16:21:54: Processing 0M reads .. 
INFO  @ Fri, 13 Oct 2023 16:21:54: Total: 55411. 
INFO  @ Fri, 13 Oct 2023 16:21:54: Mapped: 53256. 
INFO  @ Fri, 13 Oct 2023 16:21:54: Parsing FASTQ file ../../FASTQ_files/PatuS/pEPIGEN-1_R1_001.fastq.gz... 
INFO  @ Fri, 13 Oct 2023 16:21:54: Determining the trim-5 length of FASTQ file ../../FASTQ_files/PatuS/pEPIGEN-1_R1_001.fastq.gz... 
INFO  @ Fri, 13 Oct 2023 16:21:54: Possible gRNA lengths:20 
INFO  @ Fri, 13 Oct 2023 16:21:54: Processing 0M reads ... 
INFO  @ Fri, 13 Oct 2023 16:21:59: Read length:209,249,208,210,60,239,248,245,250,207,178,205,206,204,117,132,152,244,228,226,183,238,68,202,182,229,63,181,203,149,201,196,199,211,197,247,144,151,225,35,120,55,59,57,65,212,195,180,246,123,139,69,49,56,61,121,200 
INFO  @ Fri, 13 Oct 2023 16:21:59: Total tested reads: 100001, mapped: 96853(0.9685203147968521) 
INFO  @ Fri, 13 Oct 2023 16:21:59: --trim-5 test data: (trim_length reads fraction) 
INFO  @ Fri, 13 Oct 2023 16:21:59: 80	95361	0.9845952112995984 
INFO  @ Fri, 13 Oct 2023 16:21:59: 79	992	0.010242325999194656 
INFO  @ Fri, 13 Oct 2023 16:21:59: 81	357	0.0036859983686617862 
INFO  @ Fri, 13 Oct 2023 16:21:59: 78	63	0.0006504703003520799 
INFO  @ Fri, 13 Oct 2023 16:21:59: 77	28	0.0002890979112675911 
INFO  @ Fri, 13 Oct 2023 16:21:59: 75	18	0.0001858486572434514 
INFO  @ Fri, 13 Oct 2023 16:21:59: 76	11	0.00011357417942655365 
INFO  @ Fri, 13 Oct 2023 16:21:59: 73	10	0.00010324925402413968 
INFO  @ Fri, 13 Oct 2023 16:21:59: 74	6	6.194955241448381e-05 
INFO  @ Fri, 13 Oct 2023 16:21:59: 82	3	3.0974776207241906e-05 
INFO  @ Fri, 13 Oct 2023 16:21:59: 20	2	2.0649850804827935e-05 
INFO  @ Fri, 13 Oct 2023 16:21:59: 71	1	1.0324925402413968e-05 
INFO  @ Fri, 13 Oct 2023 16:21:59: 72	1	1.0324925402413968e-05 
INFO  @ Fri, 13 Oct 2023 16:21:59: Auto determination of trim5 results: 80 
INFO  @ Fri, 13 Oct 2023 16:21:59: Determining the trim-5 length of FASTQ file ../../FASTQ_files/PatuS/pEPIGEN-1_R2_001.fastq.gz... 
INFO  @ Fri, 13 Oct 2023 16:21:59: Possible gRNA lengths:20 
INFO  @ Fri, 13 Oct 2023 16:21:59: Processing 0M reads ... 
INFO  @ Fri, 13 Oct 2023 16:22:11: Read length:250,249,209,208,210,60,239,248,247,245,207,178,205,206,204,132,152,244,228,117,226,183,238,68,202,182,229,63,181,203,149,196,211,246,144,151,225,120,55,243,59,65,212,195,180,139,69,49,240,56,61,197,201,121,200 
INFO  @ Fri, 13 Oct 2023 16:22:11: Total tested reads: 100001, mapped: 91699(0.9169808301916981) 
INFO  @ Fri, 13 Oct 2023 16:22:11: --trim-5 test data: (trim_length reads fraction) 
INFO  @ Fri, 13 Oct 2023 16:22:11: 109	90975	0.9921046031036326 
INFO  @ Fri, 13 Oct 2023 16:22:11: 108	457	0.004983696659723661 
INFO  @ Fri, 13 Oct 2023 16:22:11: 110	202	0.00220285935506385 
INFO  @ Fri, 13 Oct 2023 16:22:11: 107	40	0.00043620977327997034 
INFO  @ Fri, 13 Oct 2023 16:22:11: 106	9	9.814719898799333e-05 
INFO  @ Fri, 13 Oct 2023 16:22:11: 105	5	5.452622165999629e-05 
INFO  @ Fri, 13 Oct 2023 16:22:11: 104	4	4.3620977327997034e-05 
INFO  @ Fri, 13 Oct 2023 16:22:11: 102	4	4.3620977327997034e-05 
INFO  @ Fri, 13 Oct 2023 16:22:11: 112	1	1.0905244331999259e-05 
INFO  @ Fri, 13 Oct 2023 16:22:11: 103	1	1.0905244331999259e-05 
INFO  @ Fri, 13 Oct 2023 16:22:11: 101	1	1.0905244331999259e-05 
INFO  @ Fri, 13 Oct 2023 16:22:11: Auto determination of trim5 results: 109 
INFO  @ Fri, 13 Oct 2023 16:22:11: Possible gRNA lengths:20 
INFO  @ Fri, 13 Oct 2023 16:22:11: Processing 0M reads .. 
INFO  @ Fri, 13 Oct 2023 16:22:11: Total: 100078. 
INFO  @ Fri, 13 Oct 2023 16:22:11: Mapped: 97209. 
INFO  @ Fri, 13 Oct 2023 16:22:11: Parsing FASTQ file ../../FASTQ_files/PatuS/pEPIGEN2_R1_001.fastq.gz... 
INFO  @ Fri, 13 Oct 2023 16:22:11: Determining the trim-5 length of FASTQ file ../../FASTQ_files/PatuS/pEPIGEN2_R1_001.fastq.gz... 
INFO  @ Fri, 13 Oct 2023 16:22:11: Possible gRNA lengths:20 
INFO  @ Fri, 13 Oct 2023 16:22:11: Processing 0M reads ... 
INFO  @ Fri, 13 Oct 2023 16:22:16: Read length:209,250,210,208,229,207,248,239,245,247,203,249,152,57,196,206,204,68,205,200,244,151,35,54,201,65,149,183,246,199,69,176,178,182,202,177,197,212,56,117,211,118,238,63,147,66,240,62,75,150,101,198,64,79,53,121,105,222,52,80 
INFO  @ Fri, 13 Oct 2023 16:22:16: Total tested reads: 100001, mapped: 96870(0.968690313096869) 
INFO  @ Fri, 13 Oct 2023 16:22:16: --trim-5 test data: (trim_length reads fraction) 
INFO  @ Fri, 13 Oct 2023 16:22:16: 80	95391	0.9847321152059462 
INFO  @ Fri, 13 Oct 2023 16:22:16: 79	1012	0.010446990812429028 
INFO  @ Fri, 13 Oct 2023 16:22:16: 81	337	0.0034788892329926705 
INFO  @ Fri, 13 Oct 2023 16:22:16: 78	63	0.0006503561474140601 
INFO  @ Fri, 13 Oct 2023 16:22:16: 76	16	0.00016516981521626922 
INFO  @ Fri, 13 Oct 2023 16:22:16: 77	14	0.00014452358831423557 
INFO  @ Fri, 13 Oct 2023 16:22:16: 75	13	0.00013420047486321874 
INFO  @ Fri, 13 Oct 2023 16:22:16: 74	4	4.1292453804067306e-05 
INFO  @ Fri, 13 Oct 2023 16:22:16: 72	4	4.1292453804067306e-05 
INFO  @ Fri, 13 Oct 2023 16:22:16: 82	4	4.1292453804067306e-05 
INFO  @ Fri, 13 Oct 2023 16:22:16: 20	3	3.096934035305048e-05 
INFO  @ Fri, 13 Oct 2023 16:22:16: 73	3	3.096934035305048e-05 
INFO  @ Fri, 13 Oct 2023 16:22:16: 71	2	2.0646226902033653e-05 
INFO  @ Fri, 13 Oct 2023 16:22:16: 70	1	1.0323113451016826e-05 
INFO  @ Fri, 13 Oct 2023 16:22:16: 83	1	1.0323113451016826e-05 
INFO  @ Fri, 13 Oct 2023 16:22:16: 93	1	1.0323113451016826e-05 
INFO  @ Fri, 13 Oct 2023 16:22:16: 69	1	1.0323113451016826e-05 
INFO  @ Fri, 13 Oct 2023 16:22:16: Auto determination of trim5 results: 80 
INFO  @ Fri, 13 Oct 2023 16:22:16: Determining the trim-5 length of FASTQ file ../../FASTQ_files/PatuS/pEPIGEN2_R2_001.fastq.gz... 
INFO  @ Fri, 13 Oct 2023 16:22:16: Possible gRNA lengths:20 
INFO  @ Fri, 13 Oct 2023 16:22:16: Processing 0M reads ... 
INFO  @ Fri, 13 Oct 2023 16:22:27: Read length:250,209,210,249,229,208,247,207,239,245,248,203,152,57,196,204,68,205,200,244,151,54,206,65,149,183,69,176,178,199,201,202,177,197,211,35,246,212,56,117,118,63,147,66,240,238,62,150,101,198,182,64,79,53,105,222,52,80 
INFO  @ Fri, 13 Oct 2023 16:22:27: Total tested reads: 100001, mapped: 90976(0.9097509024909751) 
INFO  @ Fri, 13 Oct 2023 16:22:27: --trim-5 test data: (trim_length reads fraction) 
INFO  @ Fri, 13 Oct 2023 16:22:27: 109	90258	0.9921078086528315 
INFO  @ Fri, 13 Oct 2023 16:22:27: 108	453	0.004979335209285966 
INFO  @ Fri, 13 Oct 2023 16:22:27: 110	205	0.0022533415406260993 
INFO  @ Fri, 13 Oct 2023 16:22:27: 107	32	0.00035174111853675694 
INFO  @ Fri, 13 Oct 2023 16:22:27: 105	8	8.793527963418924e-05 
INFO  @ Fri, 13 Oct 2023 16:22:27: 106	8	8.793527963418924e-05 
INFO  @ Fri, 13 Oct 2023 16:22:27: 104	5	5.4959549771368275e-05 
INFO  @ Fri, 13 Oct 2023 16:22:27: 103	2	2.198381990854731e-05 
INFO  @ Fri, 13 Oct 2023 16:22:27: 102	2	2.198381990854731e-05 
INFO  @ Fri, 13 Oct 2023 16:22:27: 1	1	1.0991909954273654e-05 
INFO  @ Fri, 13 Oct 2023 16:22:27: 98	1	1.0991909954273654e-05 
INFO  @ Fri, 13 Oct 2023 16:22:27: 101	1	1.0991909954273654e-05 
INFO  @ Fri, 13 Oct 2023 16:22:27: Auto determination of trim5 results: 109 
INFO  @ Fri, 13 Oct 2023 16:22:27: Possible gRNA lengths:20 
INFO  @ Fri, 13 Oct 2023 16:22:27: Processing 0M reads .. 
INFO  @ Fri, 13 Oct 2023 16:22:27: Total: 100125. 
INFO  @ Fri, 13 Oct 2023 16:22:27: Mapped: 97265. 
DEBUG @ Fri, 13 Oct 2023 16:22:27: Initial (total) size factor: 1.0356301346627532 1.4468603824517299 1.1045428982680237 0.9786837575267618 0.9014364440507369 1.170186282352549 0.9989143346943421 1.0194361969336199 1.0614786161335188 1.1414423952271027 0.8864595432279567 0.7797992881099931 1.4017705629866242 1.3184371244554605 0.7223064479626372 0.7218905824294454 
DEBUG @ Fri, 13 Oct 2023 16:22:28: Median factor: 1.026680686210619 1.4328077457838255 1.0953403453136483 0.9695550562733847 0.8975961979114194 1.172267781909004 0.9929254383927099 1.0148396566475288 1.0515365843424795 1.1224868773819456 0.876045359660693 0.7769087487746271 1.4093625307226307 1.3257442832957664 0.7610086462128521 0.7539715526277975 
INFO  @ Fri, 13 Oct 2023 16:22:28: Final size factor: 1.026680686210619 1.4328077457838255 1.0953403453136483 0.9695550562733847 0.8975961979114194 1.172267781909004 0.9929254383927099 1.0148396566475288 1.0515365843424795 1.1224868773819456 0.876045359660693 0.7769087487746271 1.4093625307226307 1.3257442832957664 0.7610086462128521 0.7539715526277975 
INFO  @ Fri, 13 Oct 2023 16:22:28: Summary of file ../../FASTQ_files/PatuS/PatuS-Cas9-14d-1_R1_001.fastq.gz: 
INFO  @ Fri, 13 Oct 2023 16:22:28: label	day14_Cas9_r1 
INFO  @ Fri, 13 Oct 2023 16:22:28: reads	69062 
INFO  @ Fri, 13 Oct 2023 16:22:28: mappedreads	67799 
INFO  @ Fri, 13 Oct 2023 16:22:28: totalsgrnas	1574 
INFO  @ Fri, 13 Oct 2023 16:22:28: zerosgrnas	79 
INFO  @ Fri, 13 Oct 2023 16:22:28: giniindex	0.153777073262783 
INFO  @ Fri, 13 Oct 2023 16:22:28: Summary of file ../../FASTQ_files/PatuS/PatuS-Cas9-14d-2_R1_001.fastq.gz: 
INFO  @ Fri, 13 Oct 2023 16:22:28: label	day14_Cas9_r2 
INFO  @ Fri, 13 Oct 2023 16:22:28: reads	49541 
INFO  @ Fri, 13 Oct 2023 16:22:28: mappedreads	48529 
INFO  @ Fri, 13 Oct 2023 16:22:28: totalsgrnas	1574 
INFO  @ Fri, 13 Oct 2023 16:22:28: zerosgrnas	72 
INFO  @ Fri, 13 Oct 2023 16:22:28: giniindex	0.162857887689687 
INFO  @ Fri, 13 Oct 2023 16:22:28: Summary of file ../../FASTQ_files/PatuS/PatuS-Cas9-14d-3_R1_001.fastq.gz: 
INFO  @ Fri, 13 Oct 2023 16:22:28: label	day14_Cas9_r3 
INFO  @ Fri, 13 Oct 2023 16:22:28: reads	65089 
INFO  @ Fri, 13 Oct 2023 16:22:28: mappedreads	63569 
INFO  @ Fri, 13 Oct 2023 16:22:28: totalsgrnas	1574 
INFO  @ Fri, 13 Oct 2023 16:22:28: zerosgrnas	74 
INFO  @ Fri, 13 Oct 2023 16:22:28: giniindex	0.1545607206975963 
INFO  @ Fri, 13 Oct 2023 16:22:28: Summary of file ../../FASTQ_files/PatuS/PatuS-Cas9-14d-5_R1_001.fastq.gz: 
INFO  @ Fri, 13 Oct 2023 16:22:28: label	day14_Cas9_r5 
INFO  @ Fri, 13 Oct 2023 16:22:28: reads	76590 
INFO  @ Fri, 13 Oct 2023 16:22:28: mappedreads	71744 
INFO  @ Fri, 13 Oct 2023 16:22:28: totalsgrnas	1574 
INFO  @ Fri, 13 Oct 2023 16:22:28: zerosgrnas	88 
INFO  @ Fri, 13 Oct 2023 16:22:28: giniindex	0.1539784329346453 
INFO  @ Fri, 13 Oct 2023 16:22:28: Summary of file ../../FASTQ_files/PatuS/PatuS-Cas9-21d-1_R1_001.fastq.gz: 
INFO  @ Fri, 13 Oct 2023 16:22:28: label	day21_Cas9_r1 
INFO  @ Fri, 13 Oct 2023 16:22:28: reads	79211 
INFO  @ Fri, 13 Oct 2023 16:22:28: mappedreads	77892 
INFO  @ Fri, 13 Oct 2023 16:22:28: totalsgrnas	1574 
INFO  @ Fri, 13 Oct 2023 16:22:28: zerosgrnas	77 
INFO  @ Fri, 13 Oct 2023 16:22:28: giniindex	0.15036366688889613 
INFO  @ Fri, 13 Oct 2023 16:22:28: Summary of file ../../FASTQ_files/PatuS/PatuS-Cas9-21d-2_R1_001.fastq.gz: 
INFO  @ Fri, 13 Oct 2023 16:22:28: label	day21_Cas9_r2 
INFO  @ Fri, 13 Oct 2023 16:22:28: reads	61523 
INFO  @ Fri, 13 Oct 2023 16:22:28: mappedreads	60003 
INFO  @ Fri, 13 Oct 2023 16:22:28: totalsgrnas	1574 
INFO  @ Fri, 13 Oct 2023 16:22:28: zerosgrnas	76 
INFO  @ Fri, 13 Oct 2023 16:22:28: giniindex	0.1568504990338223 
INFO  @ Fri, 13 Oct 2023 16:22:28: Summary of file ../../FASTQ_files/PatuS/PatuS-Cas9-21d-3_R1_001.fastq.gz: 
INFO  @ Fri, 13 Oct 2023 16:22:28: label	day21_Cas9_r3 
INFO  @ Fri, 13 Oct 2023 16:22:28: reads	72065 
INFO  @ Fri, 13 Oct 2023 16:22:28: mappedreads	70291 
INFO  @ Fri, 13 Oct 2023 16:22:28: totalsgrnas	1574 
INFO  @ Fri, 13 Oct 2023 16:22:28: zerosgrnas	78 
INFO  @ Fri, 13 Oct 2023 16:22:28: giniindex	0.15331516847498883 
INFO  @ Fri, 13 Oct 2023 16:22:28: Summary of file ../../FASTQ_files/PatuS/PatuS-Cas9-21d-4_R1_001.fastq.gz: 
INFO  @ Fri, 13 Oct 2023 16:22:28: label	day21_Cas9_r4 
INFO  @ Fri, 13 Oct 2023 16:22:28: reads	71311 
INFO  @ Fri, 13 Oct 2023 16:22:28: mappedreads	68876 
INFO  @ Fri, 13 Oct 2023 16:22:28: totalsgrnas	1574 
INFO  @ Fri, 13 Oct 2023 16:22:28: zerosgrnas	83 
INFO  @ Fri, 13 Oct 2023 16:22:28: giniindex	0.1545460054133141 
INFO  @ Fri, 13 Oct 2023 16:22:28: Summary of file ../../FASTQ_files/PatuS/PatuS-Cas9-21d-5_R1_001.fastq.gz: 
INFO  @ Fri, 13 Oct 2023 16:22:28: label	day21_Cas9_r5 
INFO  @ Fri, 13 Oct 2023 16:22:28: reads	66995 
INFO  @ Fri, 13 Oct 2023 16:22:28: mappedreads	66148 
INFO  @ Fri, 13 Oct 2023 16:22:28: totalsgrnas	1574 
INFO  @ Fri, 13 Oct 2023 16:22:28: zerosgrnas	75 
INFO  @ Fri, 13 Oct 2023 16:22:28: giniindex	0.151533904492125 
INFO  @ Fri, 13 Oct 2023 16:22:28: Summary of file ../../FASTQ_files/PatuS/PatuS-Cas9-7d-1_R1_001.fastq.gz: 
INFO  @ Fri, 13 Oct 2023 16:22:28: label	day7_Cas9_r1 
INFO  @ Fri, 13 Oct 2023 16:22:28: reads	62942 
INFO  @ Fri, 13 Oct 2023 16:22:28: mappedreads	61514 
INFO  @ Fri, 13 Oct 2023 16:22:28: totalsgrnas	1574 
INFO  @ Fri, 13 Oct 2023 16:22:28: zerosgrnas	78 
INFO  @ Fri, 13 Oct 2023 16:22:28: giniindex	0.15558022882349076 
INFO  @ Fri, 13 Oct 2023 16:22:28: Summary of file ../../FASTQ_files/PatuS/PatuS-Cas9-7d-2_R1_001.fastq.gz: 
INFO  @ Fri, 13 Oct 2023 16:22:28: label	day7_Cas9_r2 
INFO  @ Fri, 13 Oct 2023 16:22:28: reads	81665 
INFO  @ Fri, 13 Oct 2023 16:22:28: mappedreads	79208 
INFO  @ Fri, 13 Oct 2023 16:22:28: totalsgrnas	1574 
INFO  @ Fri, 13 Oct 2023 16:22:28: zerosgrnas	79 
INFO  @ Fri, 13 Oct 2023 16:22:28: giniindex	0.1505066877877692 
INFO  @ Fri, 13 Oct 2023 16:22:28: Summary of file ../../FASTQ_files/PatuS/PatuS-Cas9-7d-3_R1_001.fastq.gz: 
INFO  @ Fri, 13 Oct 2023 16:22:28: label	day7_Cas9_r3 
INFO  @ Fri, 13 Oct 2023 16:22:28: reads	92199 
INFO  @ Fri, 13 Oct 2023 16:22:28: mappedreads	90042 
INFO  @ Fri, 13 Oct 2023 16:22:28: totalsgrnas	1574 
INFO  @ Fri, 13 Oct 2023 16:22:28: zerosgrnas	78 
INFO  @ Fri, 13 Oct 2023 16:22:28: giniindex	0.14551822157261007 
INFO  @ Fri, 13 Oct 2023 16:22:28: Summary of file ../../FASTQ_files/PatuS/PatuS-Cas9-7d-4_R1_001.fastq.gz: 
INFO  @ Fri, 13 Oct 2023 16:22:28: label	day7_Cas9_r4 
INFO  @ Fri, 13 Oct 2023 16:22:28: reads	51461 
INFO  @ Fri, 13 Oct 2023 16:22:28: mappedreads	50090 
INFO  @ Fri, 13 Oct 2023 16:22:28: totalsgrnas	1574 
INFO  @ Fri, 13 Oct 2023 16:22:28: zerosgrnas	86 
INFO  @ Fri, 13 Oct 2023 16:22:28: giniindex	0.16686402560069902 
INFO  @ Fri, 13 Oct 2023 16:22:28: Summary of file ../../FASTQ_files/PatuS/PatuS-Cas9-7d-5_R1_001.fastq.gz: 
INFO  @ Fri, 13 Oct 2023 16:22:28: label	day7_Cas9_r5 
INFO  @ Fri, 13 Oct 2023 16:22:28: reads	55411 
INFO  @ Fri, 13 Oct 2023 16:22:28: mappedreads	53256 
INFO  @ Fri, 13 Oct 2023 16:22:28: totalsgrnas	1574 
INFO  @ Fri, 13 Oct 2023 16:22:28: zerosgrnas	77 
INFO  @ Fri, 13 Oct 2023 16:22:28: giniindex	0.16424251400150547 
INFO  @ Fri, 13 Oct 2023 16:22:28: Summary of file ../../FASTQ_files/PatuS/pEPIGEN-1_R1_001.fastq.gz: 
INFO  @ Fri, 13 Oct 2023 16:22:28: label	day0_r1 
INFO  @ Fri, 13 Oct 2023 16:22:28: reads	100078 
INFO  @ Fri, 13 Oct 2023 16:22:28: mappedreads	97209 
INFO  @ Fri, 13 Oct 2023 16:22:28: totalsgrnas	1574 
INFO  @ Fri, 13 Oct 2023 16:22:28: zerosgrnas	50 
INFO  @ Fri, 13 Oct 2023 16:22:28: giniindex	0.15019083072564976 
INFO  @ Fri, 13 Oct 2023 16:22:28: Summary of file ../../FASTQ_files/PatuS/pEPIGEN2_R1_001.fastq.gz: 
INFO  @ Fri, 13 Oct 2023 16:22:28: label	day0_r2 
INFO  @ Fri, 13 Oct 2023 16:22:28: reads	100125 
INFO  @ Fri, 13 Oct 2023 16:22:28: mappedreads	97265 
INFO  @ Fri, 13 Oct 2023 16:22:28: totalsgrnas	1574 
INFO  @ Fri, 13 Oct 2023 16:22:28: zerosgrnas	54 
INFO  @ Fri, 13 Oct 2023 16:22:28: giniindex	0.150964805973533 
INFO  @ Fri, 13 Oct 2023 16:22:28: Loading Rnw template file: /home/antonio_gt/anaconda3/envs/mamba/envs/mageck-vispr/lib/python3.10/site-packages/mageck/count_report.Rmd. 
DEBUG @ Fri, 13 Oct 2023 16:22:28: Setting up the visualization module... 
INFO  @ Fri, 13 Oct 2023 16:22:28: Loading Rnw template file: /home/antonio_gt/anaconda3/envs/mamba/envs/mageck-vispr/lib/python3.10/site-packages/mageck/fastq_template.Rnw. 
DEBUG @ Fri, 13 Oct 2023 16:22:28: Setting up the visualization module... 
