Building DAG of jobs...
Using shell: /usr/bin/bash
Provided cores: 4
Rules claiming more threads will be scaled down.
Job stats:
job                count
---------------  -------
all                    1
annotate_sgrnas        1
fastqc                31
fastqc_paired         31
mageck_count           1
mageck_rra             3
vispr                  3
total                 71

Select jobs to execute...

[Fri Oct 13 16:08:05 2023]
rule fastqc:
    input: ../../FASTQ_files/PatuS/pEPIGEN2_R1_001.fastq.gz
    output: results/qc/day0_r2_0
    log: logs/fastqc/day0_r2_0.log
    jobid: 35
    reason: Missing output files: results/qc/day0_r2_0
    wildcards: replicate=day0_r2_0
    resources: tmpdir=/tmp


[Fri Oct 13 16:08:05 2023]
rule fastqc:
    input: ../../FASTQ_files/PatuS/PatuS-7d-2-2_R1_001.fastq.gz
    output: results/qc/day7_r2_0
    log: logs/fastqc/day7_r2_0.log
    jobid: 16
    reason: Missing output files: results/qc/day7_r2_0
    wildcards: replicate=day7_r2_0
    resources: tmpdir=/tmp


[Fri Oct 13 16:08:05 2023]
rule fastqc_paired:
    input: ../../FASTQ_files/PatuS/PatuS-Cas9-7d-3_R2_001.fastq.gz
    output: results/qc/day7_Cas9_r3_0_R2
    log: logs/fastqc/day7_Cas9_r3_0_R2.log
    jobid: 62
    reason: Missing output files: results/qc/day7_Cas9_r3_0_R2
    wildcards: replicate=day7_Cas9_r3_0
    resources: tmpdir=/tmp


[Fri Oct 13 16:08:05 2023]
rule fastqc:
    input: ../../FASTQ_files/PatuS/PatuS-21d-5_R1_001.fastq.gz
    output: results/qc/day21_r5_0
    log: logs/fastqc/day21_r5_0.log
    jobid: 14
    reason: Missing output files: results/qc/day21_r5_0
    wildcards: replicate=day21_r5_0
    resources: tmpdir=/tmp

[Fri Oct 13 16:08:15 2023]
Finished job 62.
1 of 71 steps (1%) done
Select jobs to execute...

[Fri Oct 13 16:08:15 2023]
rule fastqc:
    input: ../../FASTQ_files/PatuS/PatuS-Cas9-21d-4_R1_001.fastq.gz
    output: results/qc/day21_Cas9_r4_0
    log: logs/fastqc/day21_Cas9_r4_0.log
    jobid: 27
    reason: Missing output files: results/qc/day21_Cas9_r4_0
    wildcards: replicate=day21_Cas9_r4_0
    resources: tmpdir=/tmp

[Fri Oct 13 16:08:16 2023]
Finished job 35.
2 of 71 steps (3%) done
Select jobs to execute...

[Fri Oct 13 16:08:16 2023]
rule fastqc:
    input: ../../FASTQ_files/PatuS/PatuS-Cas9-14d-1_R1_001.fastq.gz
    output: results/qc/day14_Cas9_r1_0
    log: logs/fastqc/day14_Cas9_r1_0.log
    jobid: 20
    reason: Missing output files: results/qc/day14_Cas9_r1_0
    wildcards: replicate=day14_Cas9_r1_0
    resources: tmpdir=/tmp

[Fri Oct 13 16:08:16 2023]
Finished job 14.
3 of 71 steps (4%) done
[Fri Oct 13 16:08:16 2023]
Finished job 16.
4 of 71 steps (6%) done
Select jobs to execute...

[Fri Oct 13 16:08:16 2023]
rule fastqc:
    input: ../../FASTQ_files/PatuS/PatuS-Cas9-14d-3_R1_001.fastq.gz
    output: results/qc/day14_Cas9_r3_0
    log: logs/fastqc/day14_Cas9_r3_0.log
    jobid: 22
    reason: Missing output files: results/qc/day14_Cas9_r3_0
    wildcards: replicate=day14_Cas9_r3_0
    resources: tmpdir=/tmp


[Fri Oct 13 16:08:16 2023]
rule fastqc_paired:
    input: ../../FASTQ_files/PatuS/pEPIGEN-1_R2_001.fastq.gz
    output: results/qc/day0_r1_0_R2
    log: logs/fastqc/day0_r1_0_R2.log
    jobid: 65
    reason: Missing output files: results/qc/day0_r1_0_R2
    wildcards: replicate=day0_r1_0
    resources: tmpdir=/tmp

Select jobs to execute...
[Fri Oct 13 16:08:24 2023]
Finished job 27.
5 of 71 steps (7%) done

[Fri Oct 13 16:08:24 2023]
rule fastqc_paired:
    input: ../../FASTQ_files/PatuS/PatuS-Cas9-7d-5_R2_001.fastq.gz
    output: results/qc/day7_Cas9_r5_0_R2
    log: logs/fastqc/day7_Cas9_r5_0_R2.log
    jobid: 64
    reason: Missing output files: results/qc/day7_Cas9_r5_0_R2
    wildcards: replicate=day7_Cas9_r5_0
    resources: tmpdir=/tmp

[Fri Oct 13 16:08:25 2023]
Finished job 22.
6 of 71 steps (8%) done
Select jobs to execute...

[Fri Oct 13 16:08:25 2023]
rule fastqc_paired:
    input: ../../FASTQ_files/PatuS/PatuS-14d-3_R2_001.fastq.gz
    output: results/qc/day14_r3_0_R2
    log: logs/fastqc/day14_r3_0_R2.log
    jobid: 38
    reason: Missing output files: results/qc/day14_r3_0_R2
    wildcards: replicate=day14_r3_0
    resources: tmpdir=/tmp

[Fri Oct 13 16:08:26 2023]
Finished job 20.
7 of 71 steps (10%) done
Select jobs to execute...

[Fri Oct 13 16:08:26 2023]
rule fastqc:
    input: ../../FASTQ_files/PatuS/PatuS-21d-3_R1_001.fastq.gz
    output: results/qc/day21_r3_0
    log: logs/fastqc/day21_r3_0.log
    jobid: 12
    reason: Missing output files: results/qc/day21_r3_0
    wildcards: replicate=day21_r3_0
    resources: tmpdir=/tmp

[Fri Oct 13 16:08:26 2023]
Finished job 65.
8 of 71 steps (11%) done
Select jobs to execute...

[Fri Oct 13 16:08:27 2023]
rule mageck_count:
    input: ../../FASTQ_files/PatuS/PatuS-14d-1_R1_001.fastq.gz, ../../FASTQ_files/PatuS/PatuS-14d-2_R1_001.fastq.gz, ../../FASTQ_files/PatuS/PatuS-14d-3_R1_001.fastq.gz, ../../FASTQ_files/PatuS/PatuS-14d-4_R1_001.fastq.gz, ../../FASTQ_files/PatuS/PatuS-14d-5_R1_001.fastq.gz, ../../FASTQ_files/PatuS/PatuS-21d-1-2_R1_001.fastq.gz, ../../FASTQ_files/PatuS/PatuS-21d-2_R1_001.fastq.gz, ../../FASTQ_files/PatuS/PatuS-21d-3_R1_001.fastq.gz, ../../FASTQ_files/PatuS/PatuS-21d-4_R1_001.fastq.gz, ../../FASTQ_files/PatuS/PatuS-21d-5_R1_001.fastq.gz, ../../FASTQ_files/PatuS/PatuS-7d-1_R1_001.fastq.gz, ../../FASTQ_files/PatuS/PatuS-7d-2-2_R1_001.fastq.gz, ../../FASTQ_files/PatuS/PatuS-7d-3_R1_001.fastq.gz, ../../FASTQ_files/PatuS/PatuS-7d-4_R1_001.fastq.gz, ../../FASTQ_files/PatuS/PatuS-7d-5_R1_001.fastq.gz, ../../FASTQ_files/PatuS/PatuS-Cas9-14d-1_R1_001.fastq.gz, ../../FASTQ_files/PatuS/PatuS-Cas9-14d-2_R1_001.fastq.gz, ../../FASTQ_files/PatuS/PatuS-Cas9-14d-3_R1_001.fastq.gz, ../../FASTQ_files/PatuS/PatuS-Cas9-14d-5_R1_001.fastq.gz, ../../FASTQ_files/PatuS/PatuS-Cas9-21d-1_R1_001.fastq.gz, ../../FASTQ_files/PatuS/PatuS-Cas9-21d-2_R1_001.fastq.gz, ../../FASTQ_files/PatuS/PatuS-Cas9-21d-3_R1_001.fastq.gz, ../../FASTQ_files/PatuS/PatuS-Cas9-21d-4_R1_001.fastq.gz, ../../FASTQ_files/PatuS/PatuS-Cas9-21d-5_R1_001.fastq.gz, ../../FASTQ_files/PatuS/PatuS-Cas9-7d-1_R1_001.fastq.gz, ../../FASTQ_files/PatuS/PatuS-Cas9-7d-2_R1_001.fastq.gz, ../../FASTQ_files/PatuS/PatuS-Cas9-7d-3_R1_001.fastq.gz, ../../FASTQ_files/PatuS/PatuS-Cas9-7d-4_R1_001.fastq.gz, ../../FASTQ_files/PatuS/PatuS-Cas9-7d-5_R1_001.fastq.gz, ../../FASTQ_files/PatuS/pEPIGEN-1_R1_001.fastq.gz, ../../FASTQ_files/PatuS/pEPIGEN2_R1_001.fastq.gz, ../../data/library.csv
    output: results/count/all.count.txt, results/count/all.count_normalized.txt, results/count/all.countsummary.txt
    log: logs/mageck/count/all.log
    jobid: 4
    reason: Missing output files: results/count/all.count_normalized.txt, results/count/all.countsummary.txt, results/count/all.count.txt; Params have changed since last execution
    resources: tmpdir=/tmp

[Fri Oct 13 16:08:34 2023]
Finished job 64.
9 of 71 steps (13%) done
Select jobs to execute...

[Fri Oct 13 16:08:34 2023]
rule fastqc_paired:
    input: ../../FASTQ_files/PatuS/PatuS-Cas9-7d-2_R2_001.fastq.gz
    output: results/qc/day7_Cas9_r2_0_R2
    log: logs/fastqc/day7_Cas9_r2_0_R2.log
    jobid: 61
    reason: Missing output files: results/qc/day7_Cas9_r2_0_R2
    wildcards: replicate=day7_Cas9_r2_0
    resources: tmpdir=/tmp

[Fri Oct 13 16:08:35 2023]
Finished job 38.
10 of 71 steps (14%) done
Select jobs to execute...

[Fri Oct 13 16:08:35 2023]
rule fastqc_paired:
    input: ../../FASTQ_files/PatuS/pEPIGEN2_R2_001.fastq.gz
    output: results/qc/day0_r2_0_R2
    log: logs/fastqc/day0_r2_0_R2.log
    jobid: 66
    reason: Missing output files: results/qc/day0_r2_0_R2
    wildcards: replicate=day0_r2_0
    resources: tmpdir=/tmp

[Fri Oct 13 16:08:36 2023]
Finished job 12.
11 of 71 steps (15%) done
Select jobs to execute...

[Fri Oct 13 16:08:36 2023]
rule fastqc:
    input: ../../FASTQ_files/PatuS/pEPIGEN-1_R1_001.fastq.gz
    output: results/qc/day0_r1_0
    log: logs/fastqc/day0_r1_0.log
    jobid: 34
    reason: Missing output files: results/qc/day0_r1_0
    wildcards: replicate=day0_r1_0
    resources: tmpdir=/tmp

[Fri Oct 13 16:08:45 2023]
Finished job 61.
12 of 71 steps (17%) done
Select jobs to execute...

[Fri Oct 13 16:08:45 2023]
rule fastqc:
    input: ../../FASTQ_files/PatuS/PatuS-21d-4_R1_001.fastq.gz
    output: results/qc/day21_r4_0
    log: logs/fastqc/day21_r4_0.log
    jobid: 13
    reason: Missing output files: results/qc/day21_r4_0
    wildcards: replicate=day21_r4_0
    resources: tmpdir=/tmp

[Fri Oct 13 16:08:48 2023]
Finished job 66.
13 of 71 steps (18%) done
Select jobs to execute...

[Fri Oct 13 16:08:48 2023]
rule fastqc:
    input: ../../FASTQ_files/PatuS/PatuS-Cas9-14d-5_R1_001.fastq.gz
    output: results/qc/day14_Cas9_r5_0
    log: logs/fastqc/day14_Cas9_r5_0.log
    jobid: 23
    reason: Missing output files: results/qc/day14_Cas9_r5_0
    wildcards: replicate=day14_Cas9_r5_0
    resources: tmpdir=/tmp

[Fri Oct 13 16:08:48 2023]
Finished job 34.
14 of 71 steps (20%) done
Select jobs to execute...

[Fri Oct 13 16:08:49 2023]
rule fastqc_paired:
    input: ../../FASTQ_files/PatuS/PatuS-Cas9-7d-1_R2_001.fastq.gz
    output: results/qc/day7_Cas9_r1_0_R2
    log: logs/fastqc/day7_Cas9_r1_0_R2.log
    jobid: 60
    reason: Missing output files: results/qc/day7_Cas9_r1_0_R2
    wildcards: replicate=day7_Cas9_r1_0
    resources: tmpdir=/tmp

[Fri Oct 13 16:08:55 2023]
Finished job 13.
15 of 71 steps (21%) done
Select jobs to execute...

[Fri Oct 13 16:08:55 2023]
rule fastqc_paired:
    input: ../../FASTQ_files/PatuS/PatuS-7d-1_R2_001.fastq.gz
    output: results/qc/day7_r1_0_R2
    log: logs/fastqc/day7_r1_0_R2.log
    jobid: 46
    reason: Missing output files: results/qc/day7_r1_0_R2
    wildcards: replicate=day7_r1_0
    resources: tmpdir=/tmp

[Fri Oct 13 16:08:57 2023]
Finished job 23.
16 of 71 steps (23%) done
Select jobs to execute...

[Fri Oct 13 16:08:57 2023]
rule fastqc_paired:
    input: ../../FASTQ_files/PatuS/PatuS-Cas9-14d-1_R2_001.fastq.gz
    output: results/qc/day14_Cas9_r1_0_R2
    log: logs/fastqc/day14_Cas9_r1_0_R2.log
    jobid: 51
    reason: Missing output files: results/qc/day14_Cas9_r1_0_R2
    wildcards: replicate=day14_Cas9_r1_0
    resources: tmpdir=/tmp

[Fri Oct 13 16:08:58 2023]
Finished job 60.
17 of 71 steps (24%) done
Select jobs to execute...

[Fri Oct 13 16:08:58 2023]
rule fastqc_paired:
    input: ../../FASTQ_files/PatuS/PatuS-Cas9-21d-5_R2_001.fastq.gz
    output: results/qc/day21_Cas9_r5_0_R2
    log: logs/fastqc/day21_Cas9_r5_0_R2.log
    jobid: 59
    reason: Missing output files: results/qc/day21_Cas9_r5_0_R2
    wildcards: replicate=day21_Cas9_r5_0
    resources: tmpdir=/tmp

[Fri Oct 13 16:09:04 2023]
Finished job 46.
18 of 71 steps (25%) done
Select jobs to execute...

[Fri Oct 13 16:09:05 2023]
rule fastqc:
    input: ../../FASTQ_files/PatuS/PatuS-Cas9-21d-5_R1_001.fastq.gz
    output: results/qc/day21_Cas9_r5_0
    log: logs/fastqc/day21_Cas9_r5_0.log
    jobid: 28
    reason: Missing output files: results/qc/day21_Cas9_r5_0
    wildcards: replicate=day21_Cas9_r5_0
    resources: tmpdir=/tmp

[Fri Oct 13 16:09:06 2023]
Finished job 51.
19 of 71 steps (27%) done
Select jobs to execute...

[Fri Oct 13 16:09:06 2023]
rule fastqc_paired:
    input: ../../FASTQ_files/PatuS/PatuS-Cas9-14d-2_R2_001.fastq.gz
    output: results/qc/day14_Cas9_r2_0_R2
    log: logs/fastqc/day14_Cas9_r2_0_R2.log
    jobid: 52
    reason: Missing output files: results/qc/day14_Cas9_r2_0_R2
    wildcards: replicate=day14_Cas9_r2_0
    resources: tmpdir=/tmp

[Fri Oct 13 16:09:08 2023]
Finished job 59.
20 of 71 steps (28%) done
Select jobs to execute...

[Fri Oct 13 16:09:08 2023]
rule fastqc:
    input: ../../FASTQ_files/PatuS/PatuS-Cas9-14d-2_R1_001.fastq.gz
    output: results/qc/day14_Cas9_r2_0
    log: logs/fastqc/day14_Cas9_r2_0.log
    jobid: 21
    reason: Missing output files: results/qc/day14_Cas9_r2_0
    wildcards: replicate=day14_Cas9_r2_0
    resources: tmpdir=/tmp

[Fri Oct 13 16:09:16 2023]
Finished job 28.
21 of 71 steps (30%) done
Select jobs to execute...

[Fri Oct 13 16:09:16 2023]
rule fastqc:
    input: ../../FASTQ_files/PatuS/PatuS-14d-4_R1_001.fastq.gz
    output: results/qc/day14_r4_0
    log: logs/fastqc/day14_r4_0.log
    jobid: 8
    reason: Missing output files: results/qc/day14_r4_0
    wildcards: replicate=day14_r4_0
    resources: tmpdir=/tmp

[Fri Oct 13 16:09:16 2023]
Finished job 52.
22 of 71 steps (31%) done
Select jobs to execute...

[Fri Oct 13 16:09:17 2023]
rule fastqc:
    input: ../../FASTQ_files/PatuS/PatuS-14d-3_R1_001.fastq.gz
    output: results/qc/day14_r3_0
    log: logs/fastqc/day14_r3_0.log
    jobid: 7
    reason: Missing output files: results/qc/day14_r3_0
    wildcards: replicate=day14_r3_0
    resources: tmpdir=/tmp

[Fri Oct 13 16:09:17 2023]
Finished job 21.
23 of 71 steps (32%) done
Select jobs to execute...

[Fri Oct 13 16:09:17 2023]
rule fastqc:
    input: ../../FASTQ_files/PatuS/PatuS-7d-5_R1_001.fastq.gz
    output: results/qc/day7_r5_0
    log: logs/fastqc/day7_r5_0.log
    jobid: 19
    reason: Missing output files: results/qc/day7_r5_0
    wildcards: replicate=day7_r5_0
    resources: tmpdir=/tmp

[Fri Oct 13 16:09:27 2023]
Finished job 8.
24 of 71 steps (34%) done
Select jobs to execute...

[Fri Oct 13 16:09:27 2023]
rule fastqc_paired:
    input: ../../FASTQ_files/PatuS/PatuS-7d-5_R2_001.fastq.gz
    output: results/qc/day7_r5_0_R2
    log: logs/fastqc/day7_r5_0_R2.log
    jobid: 50
    reason: Missing output files: results/qc/day7_r5_0_R2
    wildcards: replicate=day7_r5_0
    resources: tmpdir=/tmp

[Fri Oct 13 16:09:28 2023]
Finished job 7.
25 of 71 steps (35%) done
Select jobs to execute...

[Fri Oct 13 16:09:28 2023]
rule fastqc:
    input: ../../FASTQ_files/PatuS/PatuS-Cas9-21d-3_R1_001.fastq.gz
    output: results/qc/day21_Cas9_r3_0
    log: logs/fastqc/day21_Cas9_r3_0.log
    jobid: 26
    reason: Missing output files: results/qc/day21_Cas9_r3_0
    wildcards: replicate=day21_Cas9_r3_0
    resources: tmpdir=/tmp

[Fri Oct 13 16:09:28 2023]
Finished job 19.
26 of 71 steps (37%) done
Select jobs to execute...

[Fri Oct 13 16:09:28 2023]
rule fastqc_paired:
    input: ../../FASTQ_files/PatuS/PatuS-14d-1_R2_001.fastq.gz
    output: results/qc/day14_r1_0_R2
    log: logs/fastqc/day14_r1_0_R2.log
    jobid: 36
    reason: Missing output files: results/qc/day14_r1_0_R2
    wildcards: replicate=day14_r1_0
    resources: tmpdir=/tmp

[Fri Oct 13 16:09:37 2023]
Finished job 50.
27 of 71 steps (38%) done
Select jobs to execute...

[Fri Oct 13 16:09:37 2023]
rule fastqc_paired:
    input: ../../FASTQ_files/PatuS/PatuS-Cas9-21d-4_R2_001.fastq.gz
    output: results/qc/day21_Cas9_r4_0_R2
    log: logs/fastqc/day21_Cas9_r4_0_R2.log
    jobid: 58
    reason: Missing output files: results/qc/day21_Cas9_r4_0_R2
    wildcards: replicate=day21_Cas9_r4_0
    resources: tmpdir=/tmp

[Fri Oct 13 16:09:39 2023]
Finished job 26.
28 of 71 steps (39%) done
Select jobs to execute...

[Fri Oct 13 16:09:39 2023]
rule fastqc_paired:
    input: ../../FASTQ_files/PatuS/PatuS-Cas9-21d-2_R2_001.fastq.gz
    output: results/qc/day21_Cas9_r2_0_R2
    log: logs/fastqc/day21_Cas9_r2_0_R2.log
    jobid: 56
    reason: Missing output files: results/qc/day21_Cas9_r2_0_R2
    wildcards: replicate=day21_Cas9_r2_0
    resources: tmpdir=/tmp

[Fri Oct 13 16:09:40 2023]
Finished job 36.
29 of 71 steps (41%) done
Select jobs to execute...

[Fri Oct 13 16:09:40 2023]
rule fastqc_paired:
    input: ../../FASTQ_files/PatuS/PatuS-7d-4_R2_001.fastq.gz
    output: results/qc/day7_r4_0_R2
    log: logs/fastqc/day7_r4_0_R2.log
    jobid: 49
    reason: Missing output files: results/qc/day7_r4_0_R2
    wildcards: replicate=day7_r4_0
    resources: tmpdir=/tmp

[Fri Oct 13 16:09:47 2023]
Finished job 58.
30 of 71 steps (42%) done
Select jobs to execute...

[Fri Oct 13 16:09:47 2023]
rule fastqc_paired:
    input: ../../FASTQ_files/PatuS/PatuS-21d-3_R2_001.fastq.gz
    output: results/qc/day21_r3_0_R2
    log: logs/fastqc/day21_r3_0_R2.log
    jobid: 43
    reason: Missing output files: results/qc/day21_r3_0_R2
    wildcards: replicate=day21_r3_0
    resources: tmpdir=/tmp

[Fri Oct 13 16:09:47 2023]
Finished job 49.
31 of 71 steps (44%) done
Select jobs to execute...

[Fri Oct 13 16:09:47 2023]
rule annotate_sgrnas:
    input: ../../data/library.csv
    output: annotation/sgrnas.bed
    log: logs/annotation/sgrnas.log
    jobid: 2
    reason: Missing output files: annotation/sgrnas.bed
    resources: tmpdir=/tmp

[Fri Oct 13 16:09:49 2023]
Finished job 56.
32 of 71 steps (45%) done
Select jobs to execute...

[Fri Oct 13 16:09:49 2023]
rule fastqc_paired:
    input: ../../FASTQ_files/PatuS/PatuS-7d-2-2_R2_001.fastq.gz
    output: results/qc/day7_r2_0_R2
    log: logs/fastqc/day7_r2_0_R2.log
    jobid: 47
    reason: Missing output files: results/qc/day7_r2_0_R2
    wildcards: replicate=day7_r2_0
    resources: tmpdir=/tmp

[Fri Oct 13 16:09:55 2023]
Finished job 43.
33 of 71 steps (46%) done
Select jobs to execute...

[Fri Oct 13 16:09:55 2023]
rule fastqc:
    input: ../../FASTQ_files/PatuS/PatuS-Cas9-7d-3_R1_001.fastq.gz
    output: results/qc/day7_Cas9_r3_0
    log: logs/fastqc/day7_Cas9_r3_0.log
    jobid: 31
    reason: Missing output files: results/qc/day7_Cas9_r3_0
    wildcards: replicate=day7_Cas9_r3_0
    resources: tmpdir=/tmp

[Fri Oct 13 16:09:58 2023]
Finished job 47.
34 of 71 steps (48%) done
Select jobs to execute...

[Fri Oct 13 16:09:58 2023]
rule fastqc:
    input: ../../FASTQ_files/PatuS/PatuS-14d-5_R1_001.fastq.gz
    output: results/qc/day14_r5_0
    log: logs/fastqc/day14_r5_0.log
    jobid: 9
    reason: Missing output files: results/qc/day14_r5_0
    wildcards: replicate=day14_r5_0
    resources: tmpdir=/tmp

[Fri Oct 13 16:10:04 2023]
Finished job 31.
35 of 71 steps (49%) done
Select jobs to execute...

[Fri Oct 13 16:10:04 2023]
rule fastqc_paired:
    input: ../../FASTQ_files/PatuS/PatuS-Cas9-21d-1_R2_001.fastq.gz
    output: results/qc/day21_Cas9_r1_0_R2
    log: logs/fastqc/day21_Cas9_r1_0_R2.log
    jobid: 55
    reason: Missing output files: results/qc/day21_Cas9_r1_0_R2
    wildcards: replicate=day21_Cas9_r1_0
    resources: tmpdir=/tmp

[Fri Oct 13 16:10:06 2023]
Finished job 9.
36 of 71 steps (51%) done
Select jobs to execute...

[Fri Oct 13 16:10:07 2023]
rule fastqc_paired:
    input: ../../FASTQ_files/PatuS/PatuS-14d-2_R2_001.fastq.gz
    output: results/qc/day14_r2_0_R2
    log: logs/fastqc/day14_r2_0_R2.log
    jobid: 37
    reason: Missing output files: results/qc/day14_r2_0_R2
    wildcards: replicate=day14_r2_0
    resources: tmpdir=/tmp

[Fri Oct 13 16:10:13 2023]
Finished job 55.
37 of 71 steps (52%) done
Select jobs to execute...

[Fri Oct 13 16:10:13 2023]
rule fastqc:
    input: ../../FASTQ_files/PatuS/PatuS-Cas9-21d-1_R1_001.fastq.gz
    output: results/qc/day21_Cas9_r1_0
    log: logs/fastqc/day21_Cas9_r1_0.log
    jobid: 24
    reason: Missing output files: results/qc/day21_Cas9_r1_0
    wildcards: replicate=day21_Cas9_r1_0
    resources: tmpdir=/tmp

[Fri Oct 13 16:10:13 2023]
Finished job 37.
38 of 71 steps (54%) done
Select jobs to execute...

[Fri Oct 13 16:10:13 2023]
rule fastqc:
    input: ../../FASTQ_files/PatuS/PatuS-7d-3_R1_001.fastq.gz
    output: results/qc/day7_r3_0
    log: logs/fastqc/day7_r3_0.log
    jobid: 17
    reason: Missing output files: results/qc/day7_r3_0
    wildcards: replicate=day7_r3_0
    resources: tmpdir=/tmp

[Fri Oct 13 16:10:22 2023]
Finished job 17.
39 of 71 steps (55%) done
Select jobs to execute...

[Fri Oct 13 16:10:22 2023]
rule fastqc_paired:
    input: ../../FASTQ_files/PatuS/PatuS-21d-1-2_R2_001.fastq.gz
    output: results/qc/day21_r1_0_R2
    log: logs/fastqc/day21_r1_0_R2.log
    jobid: 41
    reason: Missing output files: results/qc/day21_r1_0_R2
    wildcards: replicate=day21_r1_0
    resources: tmpdir=/tmp

[Fri Oct 13 16:10:23 2023]
Finished job 24.
40 of 71 steps (56%) done
Select jobs to execute...

[Fri Oct 13 16:10:23 2023]
rule fastqc:
    input: ../../FASTQ_files/PatuS/PatuS-Cas9-7d-4_R1_001.fastq.gz
    output: results/qc/day7_Cas9_r4_0
    log: logs/fastqc/day7_Cas9_r4_0.log
    jobid: 32
    reason: Missing output files: results/qc/day7_Cas9_r4_0
    wildcards: replicate=day7_Cas9_r4_0
    resources: tmpdir=/tmp

[Fri Oct 13 16:10:32 2023]
Finished job 32.
41 of 71 steps (58%) done
Select jobs to execute...

[Fri Oct 13 16:10:32 2023]
rule fastqc:
    input: ../../FASTQ_files/PatuS/PatuS-21d-1-2_R1_001.fastq.gz
    output: results/qc/day21_r1_0
    log: logs/fastqc/day21_r1_0.log
    jobid: 10
    reason: Missing output files: results/qc/day21_r1_0
    wildcards: replicate=day21_r1_0
    resources: tmpdir=/tmp

[Fri Oct 13 16:10:32 2023]
Finished job 41.
42 of 71 steps (59%) done
Select jobs to execute...

[Fri Oct 13 16:10:32 2023]
rule fastqc_paired:
    input: ../../FASTQ_files/PatuS/PatuS-Cas9-14d-5_R2_001.fastq.gz
    output: results/qc/day14_Cas9_r5_0_R2
    log: logs/fastqc/day14_Cas9_r5_0_R2.log
    jobid: 54
    reason: Missing output files: results/qc/day14_Cas9_r5_0_R2
    wildcards: replicate=day14_Cas9_r5_0
    resources: tmpdir=/tmp

[Fri Oct 13 16:10:39 2023]
Finished job 10.
43 of 71 steps (61%) done
Select jobs to execute...

[Fri Oct 13 16:10:39 2023]
rule fastqc_paired:
    input: ../../FASTQ_files/PatuS/PatuS-21d-5_R2_001.fastq.gz
    output: results/qc/day21_r5_0_R2
    log: logs/fastqc/day21_r5_0_R2.log
    jobid: 45
    reason: Missing output files: results/qc/day21_r5_0_R2
    wildcards: replicate=day21_r5_0
    resources: tmpdir=/tmp

[Fri Oct 13 16:10:39 2023]
Finished job 54.
44 of 71 steps (62%) done
Select jobs to execute...

[Fri Oct 13 16:10:39 2023]
rule fastqc_paired:
    input: ../../FASTQ_files/PatuS/PatuS-21d-2_R2_001.fastq.gz
    output: results/qc/day21_r2_0_R2
    log: logs/fastqc/day21_r2_0_R2.log
    jobid: 42
    reason: Missing output files: results/qc/day21_r2_0_R2
    wildcards: replicate=day21_r2_0
    resources: tmpdir=/tmp

[Fri Oct 13 16:10:47 2023]
Finished job 42.
45 of 71 steps (63%) done
Select jobs to execute...

[Fri Oct 13 16:10:47 2023]
rule fastqc:
    input: ../../FASTQ_files/PatuS/PatuS-Cas9-21d-2_R1_001.fastq.gz
    output: results/qc/day21_Cas9_r2_0
    log: logs/fastqc/day21_Cas9_r2_0.log
    jobid: 25
    reason: Missing output files: results/qc/day21_Cas9_r2_0
    wildcards: replicate=day21_Cas9_r2_0
    resources: tmpdir=/tmp

[Fri Oct 13 16:10:47 2023]
Finished job 45.
46 of 71 steps (65%) done
Select jobs to execute...

[Fri Oct 13 16:10:47 2023]
rule fastqc_paired:
    input: ../../FASTQ_files/PatuS/PatuS-Cas9-21d-3_R2_001.fastq.gz
    output: results/qc/day21_Cas9_r3_0_R2
    log: logs/fastqc/day21_Cas9_r3_0_R2.log
    jobid: 57
    reason: Missing output files: results/qc/day21_Cas9_r3_0_R2
    wildcards: replicate=day21_Cas9_r3_0
    resources: tmpdir=/tmp

[Fri Oct 13 16:10:55 2023]
Finished job 57.
47 of 71 steps (66%) done
Select jobs to execute...

[Fri Oct 13 16:10:55 2023]
rule fastqc:
    input: ../../FASTQ_files/PatuS/PatuS-21d-2_R1_001.fastq.gz
    output: results/qc/day21_r2_0
    log: logs/fastqc/day21_r2_0.log
    jobid: 11
    reason: Missing output files: results/qc/day21_r2_0
    wildcards: replicate=day21_r2_0
    resources: tmpdir=/tmp

[Fri Oct 13 16:10:56 2023]
Finished job 25.
48 of 71 steps (68%) done
Select jobs to execute...

[Fri Oct 13 16:10:56 2023]
rule fastqc:
    input: ../../FASTQ_files/PatuS/PatuS-7d-1_R1_001.fastq.gz
    output: results/qc/day7_r1_0
    log: logs/fastqc/day7_r1_0.log
    jobid: 15
    reason: Missing output files: results/qc/day7_r1_0
    wildcards: replicate=day7_r1_0
    resources: tmpdir=/tmp

[Fri Oct 13 16:11:04 2023]
Finished job 11.
49 of 71 steps (69%) done
Select jobs to execute...

[Fri Oct 13 16:11:04 2023]
rule fastqc_paired:
    input: ../../FASTQ_files/PatuS/PatuS-7d-3_R2_001.fastq.gz
    output: results/qc/day7_r3_0_R2
    log: logs/fastqc/day7_r3_0_R2.log
    jobid: 48
    reason: Missing output files: results/qc/day7_r3_0_R2
    wildcards: replicate=day7_r3_0
    resources: tmpdir=/tmp

[Fri Oct 13 16:11:05 2023]
Finished job 15.
50 of 71 steps (70%) done
Select jobs to execute...

[Fri Oct 13 16:11:05 2023]
rule fastqc_paired:
    input: ../../FASTQ_files/PatuS/PatuS-14d-4_R2_001.fastq.gz
    output: results/qc/day14_r4_0_R2
    log: logs/fastqc/day14_r4_0_R2.log
    jobid: 39
    reason: Missing output files: results/qc/day14_r4_0_R2
    wildcards: replicate=day14_r4_0
    resources: tmpdir=/tmp

[Fri Oct 13 16:11:13 2023]
Finished job 48.
51 of 71 steps (72%) done
Select jobs to execute...

[Fri Oct 13 16:11:13 2023]
rule fastqc:
    input: ../../FASTQ_files/PatuS/PatuS-Cas9-7d-2_R1_001.fastq.gz
    output: results/qc/day7_Cas9_r2_0
    log: logs/fastqc/day7_Cas9_r2_0.log
    jobid: 30
    reason: Missing output files: results/qc/day7_Cas9_r2_0
    wildcards: replicate=day7_Cas9_r2_0
    resources: tmpdir=/tmp

[Fri Oct 13 16:11:15 2023]
Finished job 39.
52 of 71 steps (73%) done
Select jobs to execute...

[Fri Oct 13 16:11:15 2023]
rule fastqc_paired:
    input: ../../FASTQ_files/PatuS/PatuS-Cas9-14d-3_R2_001.fastq.gz
    output: results/qc/day14_Cas9_r3_0_R2
    log: logs/fastqc/day14_Cas9_r3_0_R2.log
    jobid: 53
    reason: Missing output files: results/qc/day14_Cas9_r3_0_R2
    wildcards: replicate=day14_Cas9_r3_0
    resources: tmpdir=/tmp

[Fri Oct 13 16:11:27 2023]
Finished job 30.
53 of 71 steps (75%) done
Select jobs to execute...

[Fri Oct 13 16:11:27 2023]
rule fastqc_paired:
    input: ../../FASTQ_files/PatuS/PatuS-21d-4_R2_001.fastq.gz
    output: results/qc/day21_r4_0_R2
    log: logs/fastqc/day21_r4_0_R2.log
    jobid: 44
    reason: Missing output files: results/qc/day21_r4_0_R2
    wildcards: replicate=day21_r4_0
    resources: tmpdir=/tmp

[Fri Oct 13 16:11:28 2023]
Finished job 53.
54 of 71 steps (76%) done
Select jobs to execute...

[Fri Oct 13 16:11:28 2023]
rule fastqc:
    input: ../../FASTQ_files/PatuS/PatuS-14d-1_R1_001.fastq.gz
    output: results/qc/day14_r1_0
    log: logs/fastqc/day14_r1_0.log
    jobid: 5
    reason: Missing output files: results/qc/day14_r1_0
    wildcards: replicate=day14_r1_0
    resources: tmpdir=/tmp

[Fri Oct 13 16:11:35 2023]
Finished job 44.
55 of 71 steps (77%) done
Select jobs to execute...

[Fri Oct 13 16:11:35 2023]
rule fastqc:
    input: ../../FASTQ_files/PatuS/PatuS-Cas9-7d-5_R1_001.fastq.gz
    output: results/qc/day7_Cas9_r5_0
    log: logs/fastqc/day7_Cas9_r5_0.log
    jobid: 33
    reason: Missing output files: results/qc/day7_Cas9_r5_0
    wildcards: replicate=day7_Cas9_r5_0
    resources: tmpdir=/tmp

[Fri Oct 13 16:11:35 2023]
Finished job 5.
56 of 71 steps (79%) done
Select jobs to execute...

[Fri Oct 13 16:11:35 2023]
rule fastqc_paired:
    input: ../../FASTQ_files/PatuS/PatuS-14d-5_R2_001.fastq.gz
    output: results/qc/day14_r5_0_R2
    log: logs/fastqc/day14_r5_0_R2.log
    jobid: 40
    reason: Missing output files: results/qc/day14_r5_0_R2
    wildcards: replicate=day14_r5_0
    resources: tmpdir=/tmp

[Fri Oct 13 16:11:42 2023]
Finished job 33.
57 of 71 steps (80%) done
Select jobs to execute...

[Fri Oct 13 16:11:42 2023]
rule fastqc_paired:
    input: ../../FASTQ_files/PatuS/PatuS-Cas9-7d-4_R2_001.fastq.gz
    output: results/qc/day7_Cas9_r4_0_R2
    log: logs/fastqc/day7_Cas9_r4_0_R2.log
    jobid: 63
    reason: Missing output files: results/qc/day7_Cas9_r4_0_R2
    wildcards: replicate=day7_Cas9_r4_0
    resources: tmpdir=/tmp

[Fri Oct 13 16:11:45 2023]
Finished job 40.
58 of 71 steps (82%) done
Select jobs to execute...

[Fri Oct 13 16:11:45 2023]
rule fastqc:
    input: ../../FASTQ_files/PatuS/PatuS-7d-4_R1_001.fastq.gz
    output: results/qc/day7_r4_0
    log: logs/fastqc/day7_r4_0.log
    jobid: 18
    reason: Missing output files: results/qc/day7_r4_0
    wildcards: replicate=day7_r4_0
    resources: tmpdir=/tmp

[Fri Oct 13 16:11:55 2023]
Finished job 63.
59 of 71 steps (83%) done
Select jobs to execute...

[Fri Oct 13 16:11:55 2023]
rule fastqc:
    input: ../../FASTQ_files/PatuS/PatuS-14d-2_R1_001.fastq.gz
    output: results/qc/day14_r2_0
    log: logs/fastqc/day14_r2_0.log
    jobid: 6
    reason: Missing output files: results/qc/day14_r2_0
    wildcards: replicate=day14_r2_0
    resources: tmpdir=/tmp

[Fri Oct 13 16:11:55 2023]
Finished job 18.
60 of 71 steps (85%) done
Select jobs to execute...

[Fri Oct 13 16:11:55 2023]
rule fastqc:
    input: ../../FASTQ_files/PatuS/PatuS-Cas9-7d-1_R1_001.fastq.gz
    output: results/qc/day7_Cas9_r1_0
    log: logs/fastqc/day7_Cas9_r1_0.log
    jobid: 29
    reason: Missing output files: results/qc/day7_Cas9_r1_0
    wildcards: replicate=day7_Cas9_r1_0
    resources: tmpdir=/tmp

[Fri Oct 13 16:12:02 2023]
Finished job 6.
61 of 71 steps (86%) done
[Fri Oct 13 16:12:04 2023]
Finished job 29.
62 of 71 steps (87%) done
[Fri Oct 13 16:13:22 2023]
Finished job 2.
63 of 71 steps (89%) done
[Fri Oct 13 16:17:07 2023]
Finished job 4.
64 of 71 steps (90%) done
Select jobs to execute...

[Fri Oct 13 16:17:07 2023]
rule mageck_rra:
    input: results/count/all.count.txt
    output: results/test/Day_21.gene_summary.txt, results/test/Day_21.sgrna_summary.txt
    log: logs/mageck/test/Day_21.log
    jobid: 70
    reason: Missing output files: results/test/Day_21.gene_summary.txt, results/test/Day_21.sgrna_summary.txt; Input files updated by another job: results/count/all.count.txt
    wildcards: experiment=Day_21
    resources: tmpdir=/tmp


[Fri Oct 13 16:17:07 2023]
rule mageck_rra:
    input: results/count/all.count.txt
    output: results/test/Day_7.gene_summary.txt, results/test/Day_7.sgrna_summary.txt
    log: logs/mageck/test/Day_7.log
    jobid: 3
    reason: Missing output files: results/test/Day_7.sgrna_summary.txt, results/test/Day_7.gene_summary.txt; Input files updated by another job: results/count/all.count.txt
    wildcards: experiment=Day_7
    resources: tmpdir=/tmp


[Fri Oct 13 16:17:07 2023]
rule mageck_rra:
    input: results/count/all.count.txt
    output: results/test/Day_14.gene_summary.txt, results/test/Day_14.sgrna_summary.txt
    log: logs/mageck/test/Day_14.log
    jobid: 68
    reason: Missing output files: results/test/Day_14.sgrna_summary.txt, results/test/Day_14.gene_summary.txt; Input files updated by another job: results/count/all.count.txt
    wildcards: experiment=Day_14
    resources: tmpdir=/tmp

[Fri Oct 13 16:17:10 2023]
Finished job 70.
65 of 71 steps (92%) done
Select jobs to execute...

[Fri Oct 13 16:17:10 2023]
rule vispr:
    input: annotation/sgrnas.bed, results/test/Day_21.gene_summary.txt, results/test/Day_21.sgrna_summary.txt, results/count/all.count_normalized.txt, results/count/all.countsummary.txt, results/qc/day14_r1_0, results/qc/day14_r2_0, results/qc/day14_r3_0, results/qc/day14_r4_0, results/qc/day14_r5_0, results/qc/day21_r1_0, results/qc/day21_r2_0, results/qc/day21_r3_0, results/qc/day21_r4_0, results/qc/day21_r5_0, results/qc/day7_r1_0, results/qc/day7_r2_0, results/qc/day7_r3_0, results/qc/day7_r4_0, results/qc/day7_r5_0, results/qc/day14_Cas9_r1_0, results/qc/day14_Cas9_r2_0, results/qc/day14_Cas9_r3_0, results/qc/day14_Cas9_r5_0, results/qc/day21_Cas9_r1_0, results/qc/day21_Cas9_r2_0, results/qc/day21_Cas9_r3_0, results/qc/day21_Cas9_r4_0, results/qc/day21_Cas9_r5_0, results/qc/day7_Cas9_r1_0, results/qc/day7_Cas9_r2_0, results/qc/day7_Cas9_r3_0, results/qc/day7_Cas9_r4_0, results/qc/day7_Cas9_r5_0, results/qc/day0_r1_0, results/qc/day0_r2_0, results/qc/day14_r1_0_R2, results/qc/day14_r2_0_R2, results/qc/day14_r3_0_R2, results/qc/day14_r4_0_R2, results/qc/day14_r5_0_R2, results/qc/day21_r1_0_R2, results/qc/day21_r2_0_R2, results/qc/day21_r3_0_R2, results/qc/day21_r4_0_R2, results/qc/day21_r5_0_R2, results/qc/day7_r1_0_R2, results/qc/day7_r2_0_R2, results/qc/day7_r3_0_R2, results/qc/day7_r4_0_R2, results/qc/day7_r5_0_R2, results/qc/day14_Cas9_r1_0_R2, results/qc/day14_Cas9_r2_0_R2, results/qc/day14_Cas9_r3_0_R2, results/qc/day14_Cas9_r5_0_R2, results/qc/day21_Cas9_r1_0_R2, results/qc/day21_Cas9_r2_0_R2, results/qc/day21_Cas9_r3_0_R2, results/qc/day21_Cas9_r4_0_R2, results/qc/day21_Cas9_r5_0_R2, results/qc/day7_Cas9_r1_0_R2, results/qc/day7_Cas9_r2_0_R2, results/qc/day7_Cas9_r3_0_R2, results/qc/day7_Cas9_r4_0_R2, results/qc/day7_Cas9_r5_0_R2, results/qc/day0_r1_0_R2, results/qc/day0_r2_0_R2
    output: results/Day_21.vispr.yaml
    jobid: 69
    reason: Missing output files: results/Day_21.vispr.yaml; Input files updated by another job: results/qc/day7_r4_0, results/qc/day0_r1_0, results/qc/day7_r2_0_R2, results/qc/day14_r5_0_R2, results/qc/day7_r3_0_R2, results/qc/day21_Cas9_r4_0_R2, results/qc/day7_r4_0_R2, results/qc/day0_r2_0_R2, results/qc/day21_r4_0, results/qc/day21_Cas9_r4_0, results/qc/day21_r2_0, results/qc/day14_r3_0, results/qc/day14_Cas9_r5_0, results/qc/day7_Cas9_r5_0, results/qc/day14_r3_0_R2, results/qc/day7_Cas9_r3_0_R2, results/qc/day21_Cas9_r1_0, results/qc/day7_r5_0, results/qc/day21_Cas9_r5_0, results/qc/day21_r5_0_R2, results/qc/day21_Cas9_r3_0_R2, results/qc/day14_r2_0_R2, results/qc/day21_r1_0, results/qc/day14_Cas9_r2_0_R2, results/qc/day7_r5_0_R2, results/qc/day7_Cas9_r1_0_R2, results/qc/day14_r4_0_R2, results/count/all.countsummary.txt, results/qc/day7_Cas9_r4_0, results/qc/day21_Cas9_r1_0_R2, results/qc/day14_r4_0, results/qc/day14_r1_0, results/qc/day0_r2_0, results/qc/day21_Cas9_r5_0_R2, results/qc/day14_Cas9_r3_0_R2, results/qc/day0_r1_0_R2, results/qc/day7_Cas9_r4_0_R2, results/qc/day7_Cas9_r1_0, results/qc/day14_r2_0, results/qc/day21_r3_0_R2, results/qc/day21_r5_0, results/qc/day21_r3_0, results/qc/day14_Cas9_r5_0_R2, results/qc/day7_r1_0_R2, results/qc/day21_r2_0_R2, results/qc/day21_r1_0_R2, results/test/Day_21.gene_summary.txt, results/qc/day7_r2_0, results/qc/day14_Cas9_r2_0, results/qc/day21_Cas9_r2_0, results/qc/day7_Cas9_r2_0_R2, results/qc/day14_Cas9_r1_0, results/qc/day14_Cas9_r3_0, results/qc/day7_Cas9_r5_0_R2, results/qc/day14_r1_0_R2, results/qc/day21_Cas9_r2_0_R2, results/count/all.count_normalized.txt, results/qc/day21_Cas9_r3_0, results/qc/day7_Cas9_r2_0, results/qc/day14_Cas9_r1_0_R2, results/qc/day7_r1_0, results/qc/day7_Cas9_r3_0, results/qc/day14_r5_0, results/qc/day21_r4_0_R2, results/qc/day7_r3_0, annotation/sgrnas.bed, results/test/Day_21.sgrna_summary.txt
    wildcards: experiment=Day_21
    resources: tmpdir=/tmp

[Fri Oct 13 16:17:10 2023]
Finished job 3.
66 of 71 steps (93%) done
Select jobs to execute...

[Fri Oct 13 16:17:10 2023]
rule vispr:
    input: annotation/sgrnas.bed, results/test/Day_7.gene_summary.txt, results/test/Day_7.sgrna_summary.txt, results/count/all.count_normalized.txt, results/count/all.countsummary.txt, results/qc/day14_r1_0, results/qc/day14_r2_0, results/qc/day14_r3_0, results/qc/day14_r4_0, results/qc/day14_r5_0, results/qc/day21_r1_0, results/qc/day21_r2_0, results/qc/day21_r3_0, results/qc/day21_r4_0, results/qc/day21_r5_0, results/qc/day7_r1_0, results/qc/day7_r2_0, results/qc/day7_r3_0, results/qc/day7_r4_0, results/qc/day7_r5_0, results/qc/day14_Cas9_r1_0, results/qc/day14_Cas9_r2_0, results/qc/day14_Cas9_r3_0, results/qc/day14_Cas9_r5_0, results/qc/day21_Cas9_r1_0, results/qc/day21_Cas9_r2_0, results/qc/day21_Cas9_r3_0, results/qc/day21_Cas9_r4_0, results/qc/day21_Cas9_r5_0, results/qc/day7_Cas9_r1_0, results/qc/day7_Cas9_r2_0, results/qc/day7_Cas9_r3_0, results/qc/day7_Cas9_r4_0, results/qc/day7_Cas9_r5_0, results/qc/day0_r1_0, results/qc/day0_r2_0, results/qc/day14_r1_0_R2, results/qc/day14_r2_0_R2, results/qc/day14_r3_0_R2, results/qc/day14_r4_0_R2, results/qc/day14_r5_0_R2, results/qc/day21_r1_0_R2, results/qc/day21_r2_0_R2, results/qc/day21_r3_0_R2, results/qc/day21_r4_0_R2, results/qc/day21_r5_0_R2, results/qc/day7_r1_0_R2, results/qc/day7_r2_0_R2, results/qc/day7_r3_0_R2, results/qc/day7_r4_0_R2, results/qc/day7_r5_0_R2, results/qc/day14_Cas9_r1_0_R2, results/qc/day14_Cas9_r2_0_R2, results/qc/day14_Cas9_r3_0_R2, results/qc/day14_Cas9_r5_0_R2, results/qc/day21_Cas9_r1_0_R2, results/qc/day21_Cas9_r2_0_R2, results/qc/day21_Cas9_r3_0_R2, results/qc/day21_Cas9_r4_0_R2, results/qc/day21_Cas9_r5_0_R2, results/qc/day7_Cas9_r1_0_R2, results/qc/day7_Cas9_r2_0_R2, results/qc/day7_Cas9_r3_0_R2, results/qc/day7_Cas9_r4_0_R2, results/qc/day7_Cas9_r5_0_R2, results/qc/day0_r1_0_R2, results/qc/day0_r2_0_R2
    output: results/Day_7.vispr.yaml
    jobid: 1
    reason: Missing output files: results/Day_7.vispr.yaml; Input files updated by another job: results/qc/day7_r4_0, results/qc/day0_r1_0, results/qc/day7_r2_0_R2, results/qc/day14_r5_0_R2, results/qc/day7_r3_0_R2, results/qc/day21_Cas9_r4_0_R2, results/qc/day7_r4_0_R2, results/qc/day0_r2_0_R2, results/qc/day21_r4_0, results/qc/day21_Cas9_r4_0, results/qc/day21_r2_0, results/qc/day14_r3_0, results/qc/day14_Cas9_r5_0, results/qc/day7_Cas9_r5_0, results/qc/day14_r3_0_R2, results/qc/day7_Cas9_r3_0_R2, results/qc/day21_Cas9_r1_0, results/qc/day7_r5_0, results/qc/day21_Cas9_r5_0, results/qc/day21_r5_0_R2, results/qc/day21_Cas9_r3_0_R2, results/qc/day14_r2_0_R2, results/qc/day21_r1_0, results/qc/day14_Cas9_r2_0_R2, results/qc/day7_r5_0_R2, results/qc/day7_Cas9_r1_0_R2, results/qc/day14_r4_0_R2, results/count/all.countsummary.txt, results/qc/day7_Cas9_r4_0, results/qc/day21_Cas9_r1_0_R2, results/qc/day14_r4_0, results/qc/day14_r1_0, results/qc/day0_r2_0, results/qc/day21_Cas9_r5_0_R2, results/qc/day14_Cas9_r3_0_R2, results/qc/day0_r1_0_R2, results/qc/day7_Cas9_r4_0_R2, results/qc/day7_Cas9_r1_0, results/qc/day14_r2_0, results/qc/day21_r3_0_R2, results/qc/day21_r5_0, results/test/Day_7.gene_summary.txt, results/qc/day21_r3_0, results/qc/day14_Cas9_r5_0_R2, results/qc/day7_r1_0_R2, results/qc/day21_r2_0_R2, results/qc/day21_r1_0_R2, results/qc/day7_r2_0, results/qc/day14_Cas9_r2_0, results/qc/day21_Cas9_r2_0, results/qc/day7_Cas9_r2_0_R2, results/qc/day14_Cas9_r1_0, results/qc/day14_Cas9_r3_0, results/qc/day7_Cas9_r5_0_R2, results/qc/day14_r1_0_R2, results/test/Day_7.sgrna_summary.txt, results/qc/day21_Cas9_r2_0_R2, results/count/all.count_normalized.txt, results/qc/day21_Cas9_r3_0, results/qc/day7_Cas9_r2_0, results/qc/day14_Cas9_r1_0_R2, results/qc/day7_r1_0, results/qc/day7_Cas9_r3_0, results/qc/day14_r5_0, results/qc/day21_r4_0_R2, results/qc/day7_r3_0, annotation/sgrnas.bed
    wildcards: experiment=Day_7
    resources: tmpdir=/tmp

[Fri Oct 13 16:17:10 2023]
Finished job 68.
67 of 71 steps (94%) done
Select jobs to execute...

[Fri Oct 13 16:17:10 2023]
rule vispr:
    input: annotation/sgrnas.bed, results/test/Day_14.gene_summary.txt, results/test/Day_14.sgrna_summary.txt, results/count/all.count_normalized.txt, results/count/all.countsummary.txt, results/qc/day14_r1_0, results/qc/day14_r2_0, results/qc/day14_r3_0, results/qc/day14_r4_0, results/qc/day14_r5_0, results/qc/day21_r1_0, results/qc/day21_r2_0, results/qc/day21_r3_0, results/qc/day21_r4_0, results/qc/day21_r5_0, results/qc/day7_r1_0, results/qc/day7_r2_0, results/qc/day7_r3_0, results/qc/day7_r4_0, results/qc/day7_r5_0, results/qc/day14_Cas9_r1_0, results/qc/day14_Cas9_r2_0, results/qc/day14_Cas9_r3_0, results/qc/day14_Cas9_r5_0, results/qc/day21_Cas9_r1_0, results/qc/day21_Cas9_r2_0, results/qc/day21_Cas9_r3_0, results/qc/day21_Cas9_r4_0, results/qc/day21_Cas9_r5_0, results/qc/day7_Cas9_r1_0, results/qc/day7_Cas9_r2_0, results/qc/day7_Cas9_r3_0, results/qc/day7_Cas9_r4_0, results/qc/day7_Cas9_r5_0, results/qc/day0_r1_0, results/qc/day0_r2_0, results/qc/day14_r1_0_R2, results/qc/day14_r2_0_R2, results/qc/day14_r3_0_R2, results/qc/day14_r4_0_R2, results/qc/day14_r5_0_R2, results/qc/day21_r1_0_R2, results/qc/day21_r2_0_R2, results/qc/day21_r3_0_R2, results/qc/day21_r4_0_R2, results/qc/day21_r5_0_R2, results/qc/day7_r1_0_R2, results/qc/day7_r2_0_R2, results/qc/day7_r3_0_R2, results/qc/day7_r4_0_R2, results/qc/day7_r5_0_R2, results/qc/day14_Cas9_r1_0_R2, results/qc/day14_Cas9_r2_0_R2, results/qc/day14_Cas9_r3_0_R2, results/qc/day14_Cas9_r5_0_R2, results/qc/day21_Cas9_r1_0_R2, results/qc/day21_Cas9_r2_0_R2, results/qc/day21_Cas9_r3_0_R2, results/qc/day21_Cas9_r4_0_R2, results/qc/day21_Cas9_r5_0_R2, results/qc/day7_Cas9_r1_0_R2, results/qc/day7_Cas9_r2_0_R2, results/qc/day7_Cas9_r3_0_R2, results/qc/day7_Cas9_r4_0_R2, results/qc/day7_Cas9_r5_0_R2, results/qc/day0_r1_0_R2, results/qc/day0_r2_0_R2
    output: results/Day_14.vispr.yaml
    jobid: 67
    reason: Missing output files: results/Day_14.vispr.yaml; Input files updated by another job: results/qc/day7_r4_0, results/qc/day0_r1_0, results/test/Day_14.sgrna_summary.txt, results/qc/day14_r5_0_R2, results/qc/day7_r2_0_R2, results/qc/day7_r3_0_R2, results/qc/day7_r4_0_R2, results/qc/day21_Cas9_r4_0_R2, results/qc/day21_r4_0, results/qc/day0_r2_0_R2, results/qc/day21_Cas9_r4_0, results/qc/day21_r2_0, results/qc/day14_r3_0, results/qc/day14_Cas9_r5_0, results/qc/day7_Cas9_r5_0, results/qc/day14_r3_0_R2, results/qc/day7_Cas9_r3_0_R2, results/qc/day21_Cas9_r1_0, results/qc/day7_r5_0, results/qc/day21_Cas9_r5_0, results/qc/day21_r5_0_R2, results/qc/day21_Cas9_r3_0_R2, results/qc/day14_r2_0_R2, results/qc/day21_r1_0, results/qc/day14_Cas9_r2_0_R2, results/qc/day7_r5_0_R2, results/qc/day7_Cas9_r1_0_R2, results/qc/day14_r4_0_R2, results/count/all.countsummary.txt, results/test/Day_14.gene_summary.txt, results/qc/day7_Cas9_r4_0, results/qc/day21_Cas9_r1_0_R2, results/qc/day14_r4_0, results/qc/day14_r1_0, results/qc/day0_r2_0, results/qc/day21_Cas9_r5_0_R2, results/qc/day14_Cas9_r3_0_R2, results/qc/day0_r1_0_R2, results/qc/day7_Cas9_r4_0_R2, results/qc/day7_Cas9_r1_0, results/qc/day14_r2_0, results/qc/day21_r3_0_R2, results/qc/day21_r5_0, results/qc/day21_r3_0, results/qc/day14_Cas9_r5_0_R2, results/qc/day7_r1_0_R2, results/qc/day21_r2_0_R2, results/qc/day21_r1_0_R2, results/qc/day7_r2_0, results/qc/day14_Cas9_r2_0, results/qc/day21_Cas9_r2_0, results/qc/day7_Cas9_r2_0_R2, results/qc/day14_Cas9_r1_0, results/qc/day14_Cas9_r3_0, results/qc/day7_Cas9_r5_0_R2, results/qc/day14_r1_0_R2, results/qc/day21_Cas9_r2_0_R2, results/count/all.count_normalized.txt, results/qc/day21_Cas9_r3_0, results/qc/day7_Cas9_r2_0, results/qc/day14_Cas9_r1_0_R2, results/qc/day7_r1_0, results/qc/day7_Cas9_r3_0, results/qc/day14_r5_0, results/qc/day21_r4_0_R2, results/qc/day7_r3_0, annotation/sgrnas.bed
    wildcards: experiment=Day_14
    resources: tmpdir=/tmp

[Fri Oct 13 16:17:11 2023]
Finished job 69.
68 of 71 steps (96%) done
[Fri Oct 13 16:17:11 2023]
Finished job 1.
69 of 71 steps (97%) done
[Fri Oct 13 16:17:11 2023]
Finished job 67.
70 of 71 steps (99%) done
Select jobs to execute...

[Fri Oct 13 16:17:11 2023]
localrule all:
    input: results/Day_7.vispr.yaml, results/Day_14.vispr.yaml, results/Day_21.vispr.yaml
    jobid: 0
    reason: Input files updated by another job: results/Day_14.vispr.yaml, results/Day_21.vispr.yaml, results/Day_7.vispr.yaml
    resources: tmpdir=/tmp

[Fri Oct 13 16:17:11 2023]
Finished job 0.
71 of 71 steps (100%) done
Complete log: .snakemake/log/2023-10-13T160804.739663.snakemake.log
