Building DAG of jobs...
Using shell: /usr/bin/bash
Provided cores: 4
Rules claiming more threads will be scaled down.
Job stats:
job           count
----------  -------
all               1
mageck_qc         1
mageck_rra        3
vispr             3
total             8

Select jobs to execute...

[Wed Sep 27 14:16:20 2023]
rule mageck_rra:
    input: ../../data/PatuS_count/PatuS.count.txt
    output: results/test/Day_7.gene_summary.txt, results/test/Day_7.sgrna_summary.txt, results/test/Day_7.PatuS_7d_1_vs_pEPIGEN_1,pEPIGEN_2.sgrna_summary.txt, results/test/Day_7.PatuS_7d_2_vs_pEPIGEN_1,pEPIGEN_2.sgrna_summary.txt, results/test/Day_7.PatuS_7d_3_vs_pEPIGEN_1,pEPIGEN_2.sgrna_summary.txt, results/test/Day_7.PatuS_7d_4_vs_pEPIGEN_1,pEPIGEN_2.sgrna_summary.txt, results/test/Day_7.PatuS_7d_5_vs_pEPIGEN_1,pEPIGEN_2.sgrna_summary.txt, results/test/Day_7.PatuS_14d_1_vs_pEPIGEN_1,pEPIGEN_2.sgrna_summary.txt, results/test/Day_7.PatuS_14d_2_vs_pEPIGEN_1,pEPIGEN_2.sgrna_summary.txt, results/test/Day_7.PatuS_14d_3_vs_pEPIGEN_1,pEPIGEN_2.sgrna_summary.txt, results/test/Day_7.PatuS_14d_4_vs_pEPIGEN_1,pEPIGEN_2.sgrna_summary.txt, results/test/Day_7.PatuS_14d_5_vs_pEPIGEN_1,pEPIGEN_2.sgrna_summary.txt, results/test/Day_7.PatuS_21d_1_vs_pEPIGEN_1,pEPIGEN_2.sgrna_summary.txt, results/test/Day_7.PatuS_21d_2_vs_pEPIGEN_1,pEPIGEN_2.sgrna_summary.txt, results/test/Day_7.PatuS_21d_3_vs_pEPIGEN_1,pEPIGEN_2.sgrna_summary.txt, results/test/Day_7.PatuS_21d_4_vs_pEPIGEN_1,pEPIGEN_2.sgrna_summary.txt, results/test/Day_7.PatuS_21d_5_vs_pEPIGEN_1,pEPIGEN_2.sgrna_summary.txt, results/test/Day_7.PatuS_Cas9_7d_1_vs_pEPIGEN_1,pEPIGEN_2.sgrna_summary.txt, results/test/Day_7.PatuS_Cas9_7d_2_vs_pEPIGEN_1,pEPIGEN_2.sgrna_summary.txt, results/test/Day_7.PatuS_Cas9_7d_3_vs_pEPIGEN_1,pEPIGEN_2.sgrna_summary.txt, results/test/Day_7.PatuS_Cas9_7d_4_vs_pEPIGEN_1,pEPIGEN_2.sgrna_summary.txt, results/test/Day_7.PatuS_Cas9_7d_5_vs_pEPIGEN_1,pEPIGEN_2.sgrna_summary.txt, results/test/Day_7.PatuS_Cas9_14d_1_vs_pEPIGEN_1,pEPIGEN_2.sgrna_summary.txt, results/test/Day_7.PatuS_Cas9_14d_2_vs_pEPIGEN_1,pEPIGEN_2.sgrna_summary.txt, results/test/Day_7.PatuS_Cas9_14d_3_vs_pEPIGEN_1,pEPIGEN_2.sgrna_summary.txt, results/test/Day_7.PatuS_Cas9_14d_4_vs_pEPIGEN_1,pEPIGEN_2.sgrna_summary.txt, results/test/Day_7.PatuS_Cas9_14d_5_vs_pEPIGEN_1,pEPIGEN_2.sgrna_summary.txt, results/test/Day_7.PatuS_Cas9_21d_1_vs_pEPIGEN_1,pEPIGEN_2.sgrna_summary.txt, results/test/Day_7.PatuS_Cas9_21d_2_vs_pEPIGEN_1,pEPIGEN_2.sgrna_summary.txt, results/test/Day_7.PatuS_Cas9_21d_3_vs_pEPIGEN_1,pEPIGEN_2.sgrna_summary.txt, results/test/Day_7.PatuS_Cas9_21d_4_vs_pEPIGEN_1,pEPIGEN_2.sgrna_summary.txt, results/test/Day_7.PatuS_Cas9_21d_5_vs_pEPIGEN_1,pEPIGEN_2.sgrna_summary.txt
    log: logs/mageck/test/Day_7.log
    jobid: 2
    reason: Missing output files: results/test/Day_7.sgrna_summary.txt, results/test/Day_7.gene_summary.txt
    wildcards: experiment=Day_7
    resources: tmpdir=/tmp


[Wed Sep 27 14:16:20 2023]
rule mageck_rra:
    input: ../../data/PatuS_count/PatuS.count.txt
    output: results/test/Day_21.gene_summary.txt, results/test/Day_21.sgrna_summary.txt, results/test/Day_21.PatuS_7d_1_vs_pEPIGEN_1,pEPIGEN_2.sgrna_summary.txt, results/test/Day_21.PatuS_7d_2_vs_pEPIGEN_1,pEPIGEN_2.sgrna_summary.txt, results/test/Day_21.PatuS_7d_3_vs_pEPIGEN_1,pEPIGEN_2.sgrna_summary.txt, results/test/Day_21.PatuS_7d_4_vs_pEPIGEN_1,pEPIGEN_2.sgrna_summary.txt, results/test/Day_21.PatuS_7d_5_vs_pEPIGEN_1,pEPIGEN_2.sgrna_summary.txt, results/test/Day_21.PatuS_14d_1_vs_pEPIGEN_1,pEPIGEN_2.sgrna_summary.txt, results/test/Day_21.PatuS_14d_2_vs_pEPIGEN_1,pEPIGEN_2.sgrna_summary.txt, results/test/Day_21.PatuS_14d_3_vs_pEPIGEN_1,pEPIGEN_2.sgrna_summary.txt, results/test/Day_21.PatuS_14d_4_vs_pEPIGEN_1,pEPIGEN_2.sgrna_summary.txt, results/test/Day_21.PatuS_14d_5_vs_pEPIGEN_1,pEPIGEN_2.sgrna_summary.txt, results/test/Day_21.PatuS_21d_1_vs_pEPIGEN_1,pEPIGEN_2.sgrna_summary.txt, results/test/Day_21.PatuS_21d_2_vs_pEPIGEN_1,pEPIGEN_2.sgrna_summary.txt, results/test/Day_21.PatuS_21d_3_vs_pEPIGEN_1,pEPIGEN_2.sgrna_summary.txt, results/test/Day_21.PatuS_21d_4_vs_pEPIGEN_1,pEPIGEN_2.sgrna_summary.txt, results/test/Day_21.PatuS_21d_5_vs_pEPIGEN_1,pEPIGEN_2.sgrna_summary.txt, results/test/Day_21.PatuS_Cas9_7d_1_vs_pEPIGEN_1,pEPIGEN_2.sgrna_summary.txt, results/test/Day_21.PatuS_Cas9_7d_2_vs_pEPIGEN_1,pEPIGEN_2.sgrna_summary.txt, results/test/Day_21.PatuS_Cas9_7d_3_vs_pEPIGEN_1,pEPIGEN_2.sgrna_summary.txt, results/test/Day_21.PatuS_Cas9_7d_4_vs_pEPIGEN_1,pEPIGEN_2.sgrna_summary.txt, results/test/Day_21.PatuS_Cas9_7d_5_vs_pEPIGEN_1,pEPIGEN_2.sgrna_summary.txt, results/test/Day_21.PatuS_Cas9_14d_1_vs_pEPIGEN_1,pEPIGEN_2.sgrna_summary.txt, results/test/Day_21.PatuS_Cas9_14d_2_vs_pEPIGEN_1,pEPIGEN_2.sgrna_summary.txt, results/test/Day_21.PatuS_Cas9_14d_3_vs_pEPIGEN_1,pEPIGEN_2.sgrna_summary.txt, results/test/Day_21.PatuS_Cas9_14d_4_vs_pEPIGEN_1,pEPIGEN_2.sgrna_summary.txt, results/test/Day_21.PatuS_Cas9_14d_5_vs_pEPIGEN_1,pEPIGEN_2.sgrna_summary.txt, results/test/Day_21.PatuS_Cas9_21d_1_vs_pEPIGEN_1,pEPIGEN_2.sgrna_summary.txt, results/test/Day_21.PatuS_Cas9_21d_2_vs_pEPIGEN_1,pEPIGEN_2.sgrna_summary.txt, results/test/Day_21.PatuS_Cas9_21d_3_vs_pEPIGEN_1,pEPIGEN_2.sgrna_summary.txt, results/test/Day_21.PatuS_Cas9_21d_4_vs_pEPIGEN_1,pEPIGEN_2.sgrna_summary.txt, results/test/Day_21.PatuS_Cas9_21d_5_vs_pEPIGEN_1,pEPIGEN_2.sgrna_summary.txt
    log: logs/mageck/test/Day_21.log
    jobid: 7
    reason: Missing output files: results/test/Day_21.gene_summary.txt, results/test/Day_21.sgrna_summary.txt
    wildcards: experiment=Day_21
    resources: tmpdir=/tmp


[Wed Sep 27 14:16:20 2023]
rule mageck_rra:
    input: ../../data/PatuS_count/PatuS.count.txt
    output: results/test/Day_14.gene_summary.txt, results/test/Day_14.sgrna_summary.txt, results/test/Day_14.PatuS_7d_1_vs_pEPIGEN_1,pEPIGEN_2.sgrna_summary.txt, results/test/Day_14.PatuS_7d_2_vs_pEPIGEN_1,pEPIGEN_2.sgrna_summary.txt, results/test/Day_14.PatuS_7d_3_vs_pEPIGEN_1,pEPIGEN_2.sgrna_summary.txt, results/test/Day_14.PatuS_7d_4_vs_pEPIGEN_1,pEPIGEN_2.sgrna_summary.txt, results/test/Day_14.PatuS_7d_5_vs_pEPIGEN_1,pEPIGEN_2.sgrna_summary.txt, results/test/Day_14.PatuS_14d_1_vs_pEPIGEN_1,pEPIGEN_2.sgrna_summary.txt, results/test/Day_14.PatuS_14d_2_vs_pEPIGEN_1,pEPIGEN_2.sgrna_summary.txt, results/test/Day_14.PatuS_14d_3_vs_pEPIGEN_1,pEPIGEN_2.sgrna_summary.txt, results/test/Day_14.PatuS_14d_4_vs_pEPIGEN_1,pEPIGEN_2.sgrna_summary.txt, results/test/Day_14.PatuS_14d_5_vs_pEPIGEN_1,pEPIGEN_2.sgrna_summary.txt, results/test/Day_14.PatuS_21d_1_vs_pEPIGEN_1,pEPIGEN_2.sgrna_summary.txt, results/test/Day_14.PatuS_21d_2_vs_pEPIGEN_1,pEPIGEN_2.sgrna_summary.txt, results/test/Day_14.PatuS_21d_3_vs_pEPIGEN_1,pEPIGEN_2.sgrna_summary.txt, results/test/Day_14.PatuS_21d_4_vs_pEPIGEN_1,pEPIGEN_2.sgrna_summary.txt, results/test/Day_14.PatuS_21d_5_vs_pEPIGEN_1,pEPIGEN_2.sgrna_summary.txt, results/test/Day_14.PatuS_Cas9_7d_1_vs_pEPIGEN_1,pEPIGEN_2.sgrna_summary.txt, results/test/Day_14.PatuS_Cas9_7d_2_vs_pEPIGEN_1,pEPIGEN_2.sgrna_summary.txt, results/test/Day_14.PatuS_Cas9_7d_3_vs_pEPIGEN_1,pEPIGEN_2.sgrna_summary.txt, results/test/Day_14.PatuS_Cas9_7d_4_vs_pEPIGEN_1,pEPIGEN_2.sgrna_summary.txt, results/test/Day_14.PatuS_Cas9_7d_5_vs_pEPIGEN_1,pEPIGEN_2.sgrna_summary.txt, results/test/Day_14.PatuS_Cas9_14d_1_vs_pEPIGEN_1,pEPIGEN_2.sgrna_summary.txt, results/test/Day_14.PatuS_Cas9_14d_2_vs_pEPIGEN_1,pEPIGEN_2.sgrna_summary.txt, results/test/Day_14.PatuS_Cas9_14d_3_vs_pEPIGEN_1,pEPIGEN_2.sgrna_summary.txt, results/test/Day_14.PatuS_Cas9_14d_4_vs_pEPIGEN_1,pEPIGEN_2.sgrna_summary.txt, results/test/Day_14.PatuS_Cas9_14d_5_vs_pEPIGEN_1,pEPIGEN_2.sgrna_summary.txt, results/test/Day_14.PatuS_Cas9_21d_1_vs_pEPIGEN_1,pEPIGEN_2.sgrna_summary.txt, results/test/Day_14.PatuS_Cas9_21d_2_vs_pEPIGEN_1,pEPIGEN_2.sgrna_summary.txt, results/test/Day_14.PatuS_Cas9_21d_3_vs_pEPIGEN_1,pEPIGEN_2.sgrna_summary.txt, results/test/Day_14.PatuS_Cas9_21d_4_vs_pEPIGEN_1,pEPIGEN_2.sgrna_summary.txt, results/test/Day_14.PatuS_Cas9_21d_5_vs_pEPIGEN_1,pEPIGEN_2.sgrna_summary.txt
    log: logs/mageck/test/Day_14.log
    jobid: 5
    reason: Missing output files: results/test/Day_14.gene_summary.txt, results/test/Day_14.sgrna_summary.txt
    wildcards: experiment=Day_14
    resources: tmpdir=/tmp


[Wed Sep 27 14:16:20 2023]
rule mageck_qc:
    input: ../../data/PatuS_count/PatuS.count.txt
    output: results/count/all.count_normalized.txt, results/count/all.countsummary.txt, results/count/all_countsummary.R, results/count/all_countsummary.Rnw
    log: logs/mageck/count/all.log
    jobid: 3
    reason: Missing output files: results/count/all.count_normalized.txt
    resources: tmpdir=/tmp

[Wed Sep 27 14:16:21 2023]
Finished job 3.
1 of 8 steps (12%) done
[Wed Sep 27 14:16:54 2023]
Finished job 7.
2 of 8 steps (25%) done
Select jobs to execute...

[Wed Sep 27 14:16:54 2023]
rule vispr:
    input: results/test/Day_21.gene_summary.txt, results/test/Day_21.sgrna_summary.txt, results/count/all.count_normalized.txt
    output: results/Day_21.vispr.yaml
    jobid: 6
    reason: Missing output files: results/Day_21.vispr.yaml; Input files updated by another job: results/test/Day_21.gene_summary.txt, results/test/Day_21.sgrna_summary.txt, results/count/all.count_normalized.txt
    wildcards: experiment=Day_21
    resources: tmpdir=/tmp

[Wed Sep 27 14:16:55 2023]
Finished job 6.
3 of 8 steps (38%) done
[Wed Sep 27 14:16:56 2023]
Finished job 2.
4 of 8 steps (50%) done
Select jobs to execute...

[Wed Sep 27 14:16:56 2023]
rule vispr:
    input: results/test/Day_7.gene_summary.txt, results/test/Day_7.sgrna_summary.txt, results/count/all.count_normalized.txt
    output: results/Day_7.vispr.yaml
    jobid: 1
    reason: Missing output files: results/Day_7.vispr.yaml; Input files updated by another job: results/test/Day_7.sgrna_summary.txt, results/test/Day_7.gene_summary.txt, results/count/all.count_normalized.txt
    wildcards: experiment=Day_7
    resources: tmpdir=/tmp

[Wed Sep 27 14:16:57 2023]
Finished job 5.
5 of 8 steps (62%) done
Select jobs to execute...

[Wed Sep 27 14:16:57 2023]
rule vispr:
    input: results/test/Day_14.gene_summary.txt, results/test/Day_14.sgrna_summary.txt, results/count/all.count_normalized.txt
    output: results/Day_14.vispr.yaml
    jobid: 4
    reason: Missing output files: results/Day_14.vispr.yaml; Input files updated by another job: results/test/Day_14.gene_summary.txt, results/count/all.count_normalized.txt, results/test/Day_14.sgrna_summary.txt
    wildcards: experiment=Day_14
    resources: tmpdir=/tmp

[Wed Sep 27 14:16:57 2023]
Finished job 1.
6 of 8 steps (75%) done
[Wed Sep 27 14:16:57 2023]
Finished job 4.
7 of 8 steps (88%) done
Select jobs to execute...

[Wed Sep 27 14:16:57 2023]
localrule all:
    input: results/Day_7.vispr.yaml, results/Day_14.vispr.yaml, results/Day_21.vispr.yaml
    jobid: 0
    reason: Input files updated by another job: results/Day_21.vispr.yaml, results/Day_7.vispr.yaml, results/Day_14.vispr.yaml
    resources: tmpdir=/tmp

[Wed Sep 27 14:16:57 2023]
Finished job 0.
8 of 8 steps (100%) done
Complete log: .snakemake/log/2023-09-27T141619.641889.snakemake.log
